#-----------------------------------------------------------
# Vivado v2019.1 (64-bit)
# SW Build 2552052 on Fri May 24 14:49:42 MDT 2019
# IP Build 2548770 on Fri May 24 18:01:18 MDT 2019
# Start of session at: Wed Dec 29 15:01:47 2021
# Process ID: 40896
# Current directory: D:/IIITD/ELD_LABs/LAB_12/Microblaze
# Command line: vivado.exe -gui_launcher_event rodinguilauncherevent36300 D:\IIITD\ELD_LABs\LAB_12\Microblaze\Microblaze.xpr
# Log file: D:/IIITD/ELD_LABs/LAB_12/Microblaze/vivado.log
# Journal file: D:/IIITD/ELD_LABs/LAB_12/Microblaze\vivado.jou
#-----------------------------------------------------------
start_gui
open_project D:/IIITD/ELD_LABs/LAB_12/Microblaze/Microblaze.xpr
Scanning sources...
Finished scanning sources
INFO: [IP_Flow 19-234] Refreshing IP repositories
INFO: [IP_Flow 19-1704] No user IP repositories specified
INFO: [IP_Flow 19-2313] Loaded Vivado IP repository 'D:/Vivado/Vivado/2019.1/data/ip'.
open_project: Time (s): cpu = 00:00:43 ; elapsed = 00:00:26 . Memory (MB): peak = 1036.730 ; gain = 391.176
update_compile_order -fileset sources_1
launch_sdk -workspace D:/IIITD/ELD_LABs/LAB_12/Microblaze/Microblaze.sdk -hwspec D:/IIITD/ELD_LABs/LAB_12/Microblaze/Microblaze.sdk/design_1_wrapper.hdf
INFO: [Vivado 12-393] Launching SDK...
INFO: [Vivado 12-417] Running xsdk -workspace D:/IIITD/ELD_LABs/LAB_12/Microblaze/Microblaze.sdk -hwspec D:/IIITD/ELD_LABs/LAB_12/Microblaze/Microblaze.sdk/design_1_wrapper.hdf
INFO: [Vivado 12-3157] SDK launch initiated. Please check console for any further messages.
open_bd_design {D:/IIITD/ELD_LABs/LAB_12/Microblaze/Microblaze.srcs/sources_1/bd/design_1/design_1.bd}
Adding component instance block -- xilinx.com:ip:microblaze:11.0 - microblaze_0
Adding component instance block -- xilinx.com:ip:lmb_v10:3.0 - dlmb_v10
Adding component instance block -- xilinx.com:ip:lmb_v10:3.0 - ilmb_v10
Adding component instance block -- xilinx.com:ip:lmb_bram_if_cntlr:4.0 - dlmb_bram_if_cntlr
Adding component instance block -- xilinx.com:ip:lmb_bram_if_cntlr:4.0 - ilmb_bram_if_cntlr
Adding component instance block -- xilinx.com:ip:blk_mem_gen:8.4 - lmb_bram
Adding component instance block -- xilinx.com:ip:mdm:3.2 - mdm_1
Adding component instance block -- xilinx.com:ip:proc_sys_reset:5.0 - rst_Clk_100M
Adding component instance block -- xilinx.com:ip:axi_bram_ctrl:4.1 - axi_bram_ctrl_0
Adding component instance block -- xilinx.com:ip:axi_interconnect:2.1 - axi_mem_intercon
Adding component instance block -- xilinx.com:ip:axi_crossbar:2.1 - xbar
Adding component instance block -- xilinx.com:ip:axi_protocol_converter:2.1 - auto_pc
Adding component instance block -- xilinx.com:ip:axi_dwidth_converter:2.1 - auto_us
Adding component instance block -- xilinx.com:ip:axi_dwidth_converter:2.1 - auto_ds
Adding component instance block -- xilinx.com:ip:axi_protocol_converter:2.1 - auto_pc
Adding component instance block -- xilinx.com:ip:blk_mem_gen:8.4 - axi_bram_ctrl_0_bram
Adding component instance block -- xilinx.com:ip:axi_dma:7.1 - axi_dma_0
Adding component instance block -- xilinx.com:ip:xfft:9.1 - xfft_0
Adding component instance block -- xilinx.com:ip:xlconstant:1.1 - xlconstant_0
Adding component instance block -- xilinx.com:ip:xlconstant:1.1 - xlconstant_1
Excluding </axi_dma_0/S_AXI_LITE/Reg> from </axi_dma_0/Data_MM2S>
Excluding </axi_dma_0/S_AXI_LITE/Reg> from </axi_dma_0/Data_S2MM>
Successfully read diagram <design_1> from BD file <D:/IIITD/ELD_LABs/LAB_12/Microblaze/Microblaze.srcs/sources_1/bd/design_1/design_1.bd>
open_bd_design: Time (s): cpu = 00:00:16 ; elapsed = 00:00:12 . Memory (MB): peak = 1483.625 ; gain = 0.000
startgroup
create_bd_cell -type ip -vlnv xilinx.com:ip:axis_accelerator_adapter:2.1 axis_accelerator_ada_0
endgroup
INFO: [Vivado 12-4158] Exported Hardware file is out of date. Exported hardware information may be inconsistent with respect to the current state of the design. It is recommended that you re-export the design and launch SDK otherwise SDK is launched with out of date hardware system file.
delete_bd_objs [get_bd_cells axis_accelerator_ada_0]
INFO: [Vivado 12-4158] Exported Hardware file is out of date. Exported hardware information may be inconsistent with respect to the current state of the design. It is recommended that you re-export the design and launch SDK otherwise SDK is launched with out of date hardware system file.
launch_sdk -workspace D:/IIITD/ELD_LABs/LAB_12/Microblaze/Microblaze.sdk -hwspec D:/IIITD/ELD_LABs/LAB_12/Microblaze/Microblaze.sdk/design_1_wrapper.hdf
INFO: [Vivado 12-393] Launching SDK...
INFO: [Vivado 12-417] Running xsdk -workspace D:/IIITD/ELD_LABs/LAB_12/Microblaze/Microblaze.sdk -hwspec D:/IIITD/ELD_LABs/LAB_12/Microblaze/Microblaze.sdk/design_1_wrapper.hdf
INFO: [Vivado 12-3157] SDK launch initiated. Please check console for any further messages.
exit
INFO: [Common 17-206] Exiting Vivado at Wed Dec 29 17:20:19 2021...
