#
# A fatal error has been detected by the Java Runtime Environment:
#
#  EXCEPTION_ACCESS_VIOLATION (0xc0000005) at pc=0x00007ff9c56d809f, pid=14192, tid=19956
#
# JRE version: Java(TM) SE Runtime Environment (9.0+11) (build 9.0.4+11)
# Java VM: Java HotSpot(TM) 64-Bit Server VM (9.0.4+11, mixed mode, tiered, compressed oops, g1 gc, windows-amd64)
# Problematic frame:
# C  [librdi_device.dll+0x5c809f]
#
# No core dump will be written. Minidumps are not enabled by default on client versions of Windows
#
# If you would like to submit a bug report, please visit:
#   http://bugreport.java.com/bugreport/crash.jsp
# The crash happened outside the Java Virtual Machine in native code.
# See problematic frame for where to report the bug.
#

---------------  S U M M A R Y ------------

Command Line: -Dsun.java2d.pmoffscreen=false -Dsun.java2d.xrender=false -Dsun.java2d.d3d=false -Dsun.awt.nopixfmt=true -Dsun.java2d.dpiaware=true -Dsun.java2d.uiScale.enabled=false -Xverify:none -Dswing.aatext=true -XX:-UsePerfData -Djdk.map.althashing.threshold=512 -XX:StringTableSize=4072 --add-opens=java.base/java.nio=ALL-UNNAMED --add-opens=java.desktop/sun.swing=ALL-UNNAMED --add-opens=java.desktop/javax.swing=ALL-UNNAMED --add-opens=java.desktop/javax.swing.tree=ALL-UNNAMED --add-opens=java.desktop/javax.swing.plaf.basic=ALL-UNNAMED --add-opens=java.desktop/javax.swing.plaf.synth=ALL-UNNAMED --add-opens=java.desktop/com.sun.awt=ALL-UNNAMED -XX:NewSize=60m -XX:MaxNewSize=60m -Xms128m -Xmx3072m -Xss5m 

Host: AMD Ryzen 5 3550H with Radeon Vega Mobile Gfx  , 8 cores, 21G,  Windows 10 , 64 bit Build 22000 (10.0.22000.318)
Time: Sun Dec 19 03:14:31 2021 India Standard Time elapsed time: 3088 seconds (0d 0h 51m 28s)

---------------  T H R E A D  ---------------

Current thread (0x000001f4e14ba000):  JavaThread "AWT-EventQueue-1" [_thread_in_native, id=19956, stack(0x0000006318c00000,0x0000006319100000)]

Stack: [0x0000006318c00000,0x0000006319100000],  sp=0x00000063190fb560,  free space=5101k
Native frames: (J=compiled Java code, j=interpreted, Vv=VM code, C=native code)

Java frames: (J=compiled Java code, j=interpreted, Vv=VM code)
j  ui.frmwork.tcltasksi.abortNow()V+0
j  ui.bm.b(Ljava/awt/Component;)Z+69
j  ui.cd.windowClosing(Ljava/awt/event/WindowEvent;)V+79
j  java.awt.AWTEventMulticaster.windowClosing(Ljava/awt/event/WindowEvent;)V+21 java.desktop@9.0.4
j  java.awt.AWTEventMulticaster.windowClosing(Ljava/awt/event/WindowEvent;)V+8 java.desktop@9.0.4
j  java.awt.AWTEventMulticaster.windowClosing(Ljava/awt/event/WindowEvent;)V+8 java.desktop@9.0.4
j  java.awt.AWTEventMulticaster.windowClosing(Ljava/awt/event/WindowEvent;)V+8 java.desktop@9.0.4
J 23694 c1 java.awt.Window.processWindowEvent(Ljava/awt/event/WindowEvent;)V java.desktop@9.0.4 (127 bytes) @ 0x000001f4ede028f4 [0x000001f4ede022e0+0x0000000000000614]
j  javax.swing.JFrame.processWindowEvent(Ljava/awt/event/WindowEvent;)V+2 java.desktop@9.0.4
J 19563 c1 java.awt.Window.processEvent(Ljava/awt/AWTEvent;)V java.desktop@9.0.4 (101 bytes) @ 0x000001f4ee735554 [0x000001f4ee734e60+0x00000000000006f4]
J 23570 c2 java.awt.Component.dispatchEventImpl(Ljava/awt/AWTEvent;)V java.desktop@9.0.4 (739 bytes) @ 0x000001f4f49d2c50 [0x000001f4f49d2020+0x0000000000000c30]
J 20432 c2 java.awt.Container.dispatchEventImpl(Ljava/awt/AWTEvent;)V java.desktop@9.0.4 (129 bytes) @ 0x000001f4f400bf68 [0x000001f4f400bf00+0x0000000000000068]
J 20348 c2 java.awt.Window.dispatchEventImpl(Ljava/awt/AWTEvent;)V java.desktop@9.0.4 (23 bytes) @ 0x000001f4f3e91c0c [0x000001f4f3e91bc0+0x000000000000004c]
J 13332 c2 java.awt.EventQueue$3.run()Ljava/lang/Object; java.desktop@9.0.4 (5 bytes) @ 0x000001f4f3e03854 [0x000001f4f3e036a0+0x00000000000001b4]
v  ~StubRoutines::call_stub
J 4401  java.security.AccessController.doPrivileged(Ljava/security/PrivilegedAction;Ljava/security/AccessControlContext;)Ljava/lang/Object; java.base@9.0.4 (0 bytes) @ 0x000001f4f35f28c6 [0x000001f4f35f2860+0x0000000000000066]
J 19039 c2 java.awt.EventQueue$4.run()Ljava/lang/Object; java.desktop@9.0.4 (5 bytes) @ 0x000001f4f450cac0 [0x000001f4f450c860+0x0000000000000260]
v  ~StubRoutines::call_stub
J 4401  java.security.AccessController.doPrivileged(Ljava/security/PrivilegedAction;Ljava/security/AccessControlContext;)Ljava/lang/Object; java.base@9.0.4 (0 bytes) @ 0x000001f4f35f28c6 [0x000001f4f35f2860+0x0000000000000066]
J 13327 c2 ui.frmwork.b.d.dispatchEvent(Ljava/awt/AWTEvent;)V (34 bytes) @ 0x000001f4f3df7c58 [0x000001f4f3df7600+0x0000000000000658]
J 17797 c2 java.awt.EventDispatchThread.pumpOneEventForFilters(I)V java.desktop@9.0.4 (218 bytes) @ 0x000001f4f434b83c [0x000001f4f434a760+0x00000000000010dc]
J 21042% c2 java.awt.EventDispatchThread.pumpEventsForFilter(ILjava/awt/Conditional;Ljava/awt/EventFilter;)V java.desktop@9.0.4 (47 bytes) @ 0x000001f4f3b7e8d8 [0x000001f4f3b7e7c0+0x0000000000000118]
j  java.awt.EventDispatchThread.pumpEventsForHierarchy(ILjava/awt/Conditional;Ljava/awt/Component;)V+11 java.desktop@9.0.4
j  java.awt.EventDispatchThread.pumpEvents(ILjava/awt/Conditional;)V+4 java.desktop@9.0.4
j  java.awt.EventDispatchThread.pumpEvents(Ljava/awt/Conditional;)V+3 java.desktop@9.0.4
j  java.awt.EventDispatchThread.run()V+9 java.desktop@9.0.4
v  ~StubRoutines::call_stub

siginfo: EXCEPTION_ACCESS_VIOLATION (0xc0000005), reading address 0x0000000000000020


Register to memory mapping:

RIP=0x00007ff9c56d809f librdi_device.dll
RAX=0x00007ff9d6b6d9b0 librdi_device.dll
RBX=0x000001f4de493e10 is an unknown value
RCX=0x0000000000000002 is an unknown value
RDX=0x00007ff9d6b6d9b0 librdi_device.dll
RSP=0x00000063190fb560 is pointing into the stack for thread: 0x000001f4e14ba000
RBP=0x0000000000000000 is an unknown value
RSI=0x000001f4de3c2260 is an unknown value
RDI=0x0000000000000004 is an unknown value
R8 =0x0000000000000000 is an unknown value
R9 =0x0000000000000018 is an unknown value
R10=0x85f13e9656da4870 is an unknown value
R11=0x00000063190fb7b0 is pointing into the stack for thread: 0x000001f4e14ba000
R12=0x00007ff9cf65bc00 librdi_device.dll
R13={method} {0x000001f486d3ba40} 'abortNow' '()V' in 'ui/frmwork/tcltasksi'
R14=0x00000063190fb928 is pointing into the stack for thread: 0x000001f4e14ba000
R15=0x000001f4a4e96010 is an unknown value


Registers:
RAX=0x00007ff9d6b6d9b0, RBX=0x000001f4de493e10, RCX=0x0000000000000002, RDX=0x00007ff9d6b6d9b0
RSP=0x00000063190fb560, RBP=0x0000000000000000, RSI=0x000001f4de3c2260, RDI=0x0000000000000004
R8 =0x0000000000000000, R9 =0x0000000000000018, R10=0x85f13e9656da4870, R11=0x00000063190fb7b0
R12=0x00007ff9cf65bc00, R13=0x000001f486d3ba38, R14=0x00000063190fb928, R15=0x000001f4a4e96010
RIP=0x00007ff9c56d809f, EFLAGS=0x0000000000010202

Top of Stack: (sp=0x00000063190fb560)
0x00000063190fb560:   000001f4de02ed40 000001f4d7f80000
0x00000063190fb570:   000001f4de515e60 00007ffa6876822a
0x00000063190fb580:   fffffffffffffffe 00007ffa687666d7
0x00000063190fb590:   00000063190fb928 000001f4de493e10
0x00000063190fb5a0:   000001f4de3c2260 00007ff9c56b49b2
0x00000063190fb5b0:   000001f4de493e10 00007ffa6876822a
0x00000063190fb5c0:   0000000000000000 000001f4de50b020
0x00000063190fb5d0:   fffffffffffffffe 000001f4d7f80001
0x00000063190fb5e0:   00000063190fb928 00007ff9c56b4f79
0x00000063190fb5f0:   000001f4de3c2260 00007ff9c56da582
0x00000063190fb600:   000001f4de58ab70 000001f4d7f80000
0x00000063190fb610:   fffffffffffffffe 00007ffa68767551
0x00000063190fb620:   000001f4de3c2260 000001f4de3c2260
0x00000063190fb630:   000001f4de493e10 00007ff9c56da7be
0x00000063190fb640:   000001f4de57a890 00007ffa68767551
0x00000063190fb650:   0000000000000000 00007ffa687ac683 

Instructions: (pc=0x00007ff9c56d809f)
0x00007ff9c56d807f:   e8 ec fa ff ff 48 8b d0 48 8b cb 48 c1 e9 03 48
0x00007ff9c56d808f:   03 cb 48 23 48 30 4c 8b 40 18 48 8b f9 48 03 ff
0x00007ff9c56d809f:   49 8b 3c f8 48 03 c9 4c 8d 0c cd 08 00 00 00 4d
0x00007ff9c56d80af:   8b 14 c8 4c 3b 52 08 75 06 48 8b 42 08 eb 07 4b 



---------------  P R O C E S S  ---------------

Java Threads: ( => current thread )
  0x000001f49fd94800 JavaThread "Image Fetcher 0" daemon [_thread_blocked, id=1120, stack(0x000000631ba00000,0x000000631bf00000)]
  0x000001f49fd99000 JavaThread "Run Simulation" [_thread_in_native, id=11292, stack(0x000000631ce00000,0x000000631d300000)]
  0x000001f49fd95800 JavaThread "Swing-Shell" daemon [_thread_blocked, id=21616, stack(0x000000631bf00000,0x000000631c400000)]
  0x000001f49fd9b800 JavaThread "Image Animator 0" daemon [_thread_blocked, id=15680, stack(0x000000631dd00000,0x000000631e200000)]
  0x000001f49fd91800 JavaThread "SyntheticaAnimation 50" daemon [_thread_blocked, id=2988, stack(0x000000631d300000,0x000000631d800000)]
  0x000001f486366000 JavaThread "SyntheticaAnimation 50" daemon [_thread_blocked, id=15948, stack(0x000000631ab00000,0x000000631b000000)]
  0x000001f486367000 JavaThread "Update Runs Swing Worker" [_thread_blocked, id=7768, stack(0x000000631c400000,0x000000631c900000)]
  0x000001f486365800 JavaThread "hw_ila_monitor" [_thread_blocked, id=9580, stack(0x000000631b500000,0x000000631ba00000)]
  0x000001f486362800 JavaThread "Refresh Filesets Swing Worker" [_thread_blocked, id=2360, stack(0x0000006317d00000,0x0000006318200000)]
  0x000001f486369000 JavaThread "SyntheticaAnimation 70" daemon [_thread_blocked, id=16912, stack(0x000000631b000000,0x000000631b500000)]
  0x000001f486364000 JavaThread "SyntheticaAnimation 25" daemon [_thread_blocked, id=3824, stack(0x000000631a600000,0x000000631ab00000)]
  0x000001f4e4b0a800 JavaThread "SyntheticaAnimation 50" daemon [_thread_blocked, id=13828, stack(0x0000006319100000,0x0000006319600000)]
  0x000001f4e4b08800 JavaThread "Monitor HEventQueue" [_thread_blocked, id=11308, stack(0x000000631a100000,0x000000631a600000)]
  0x000001f4e4b07800 JavaThread "SyntheticaCleanerThread" daemon [_thread_blocked, id=11400, stack(0x0000006319c00000,0x000000631a100000)]
  0x000001f4e4b09000 JavaThread "Batik CleanerThread" daemon [_thread_blocked, id=18204, stack(0x0000006316e00000,0x0000006317300000)]
=>0x000001f4e14ba000 JavaThread "AWT-EventQueue-1" [_thread_in_native, id=19956, stack(0x0000006318c00000,0x0000006319100000)]
  0x000001f486285800 JavaThread "AWT-Shutdown" [_thread_blocked, id=14456, stack(0x0000006318700000,0x0000006318c00000)]
  0x000001f4e0c05000 JavaThread "Process Messages" [_thread_blocked, id=15316, stack(0x0000006318200000,0x0000006318700000)]
  0x000001f4e1043800 JavaThread "Thread-1" [_thread_in_native, id=17900, stack(0x0000006311500000,0x0000006312900000)]
  0x000001f4e1437800 JavaThread "TimerQueue" daemon [_thread_blocked, id=10340, stack(0x0000006317800000,0x0000006317d00000)]
  0x000001f4e0b3c800 JavaThread "AWT-Windows" daemon [_thread_in_native, id=16132, stack(0x0000006317300000,0x0000006317800000)]
  0x000001f4e0c81000 JavaThread "Java2D Disposer" daemon [_thread_blocked, id=19748, stack(0x0000006316900000,0x0000006316e00000)]
  0x000001f4df958800 JavaThread "Service Thread" daemon [_thread_blocked, id=12352, stack(0x0000006316300000,0x0000006316800000)]
  0x000001f4dfa83000 JavaThread "Common-Cleaner" daemon [_thread_blocked, id=8352, stack(0x0000006315e00000,0x0000006316300000)]
  0x000001f4dfa71000 JavaThread "Sweeper thread" daemon [_thread_blocked, id=19960, stack(0x0000006315900000,0x0000006315e00000)]
  0x000001f4dab6b000 JavaThread "C1 CompilerThread3" daemon [_thread_blocked, id=20092, stack(0x0000006315800000,0x0000006315900000)]
  0x000001f4dab6a000 JavaThread "C2 CompilerThread2" daemon [_thread_blocked, id=12044, stack(0x0000006315700000,0x0000006315800000)]
  0x000001f4dec7e000 JavaThread "C2 CompilerThread1" daemon [_thread_blocked, id=16724, stack(0x0000006315600000,0x0000006315700000)]
  0x000001f4dec7d000 JavaThread "C2 CompilerThread0" daemon [_thread_blocked, id=10676, stack(0x0000006315500000,0x0000006315600000)]
  0x000001f4dec7c000 JavaThread "Attach Listener" daemon [_thread_blocked, id=8772, stack(0x0000006315000000,0x0000006315500000)]
  0x000001f4dfa70800 JavaThread "Signal Dispatcher" daemon [_thread_blocked, id=14420, stack(0x0000006314b00000,0x0000006315000000)]
  0x000001f4dfa65800 JavaThread "Finalizer" daemon [_thread_blocked, id=11484, stack(0x0000006314600000,0x0000006314b00000)]
  0x000001f4dfa64800 JavaThread "Reference Handler" daemon [_thread_blocked, id=15020, stack(0x0000006314100000,0x0000006314600000)]
  0x000001f4e4214000 JavaThread "main" [_thread_blocked, id=12652, stack(0x0000006312b00000,0x0000006312c00000)]

Other Threads:
  0x000001f4e4d5d800 VMThread "VM Thread" [stack: 0x0000006314000000,0x0000006314100000] [id=19016]
  0x000001f4df959800 WatcherThread [stack: 0x0000006316800000,0x0000006316900000] [id=17200]
  0x000001f4e399c800 GCTaskThread "GC Thread#0" [stack: 0x0000006312c00000,0x0000006312d00000] [id=19820]
  0x000001f4e33b0800 GCTaskThread "GC Thread#1" [stack: 0x0000006312d00000,0x0000006312e00000] [id=19240]
  0x000001f4e3b98800 GCTaskThread "GC Thread#2" [stack: 0x0000006312e00000,0x0000006312f00000] [id=19756]
  0x000001f4e3b99000 GCTaskThread "GC Thread#3" [stack: 0x0000006312f00000,0x0000006313000000] [id=19764]
  0x000001f4e21db800 GCTaskThread "GC Thread#4" [stack: 0x0000006313000000,0x0000006313100000] [id=19304]
  0x000001f4e4d52800 GCTaskThread "GC Thread#5" [stack: 0x0000006313100000,0x0000006313200000] [id=19288]
  0x000001f4e421d800 GCTaskThread "GC Thread#6" [stack: 0x0000006313200000,0x0000006313300000] [id=19784]
  0x000001f4e421e800 GCTaskThread "GC Thread#7" [stack: 0x0000006313300000,0x0000006313400000] [id=19400]
  0x000001f4e23dc800 ConcurrentGCThread "G1 Main Marker" [stack: 0x0000006313d00000,0x0000006313e00000] [id=19736]
  0x000001f4e23dd000 ConcurrentGCThread "G1 Marker#0" [stack: 0x0000006313e00000,0x0000006313f00000] [id=20476]
  0x000001f4de47f000 ConcurrentGCThread "G1 Marker#1" [stack: 0x0000006313f00000,0x0000006314000000] [id=18996]
  0x000001f4e3d24800 ConcurrentGCThread "G1 Refine#0" [stack: 0x0000006313b00000,0x0000006313c00000] [id=19776]
  0x000001f4de924800 ConcurrentGCThread "G1 Refine#1" [stack: 0x0000006313a00000,0x0000006313b00000] [id=18968]
  0x000001f4de923800 ConcurrentGCThread "G1 Refine#2" [stack: 0x0000006313900000,0x0000006313a00000] [id=16788]
  0x000001f4de90f800 ConcurrentGCThread "G1 Refine#3" [stack: 0x0000006313800000,0x0000006313900000] [id=19228]
  0x000001f4e2879000 ConcurrentGCThread "G1 Refine#4" [stack: 0x0000006313700000,0x0000006313800000] [id=19384]
  0x000001f4dea22800 ConcurrentGCThread "G1 Refine#5" [stack: 0x0000006313600000,0x0000006313700000] [id=19788]
  0x000001f4dea21800 ConcurrentGCThread "G1 Refine#6" [stack: 0x0000006313500000,0x0000006313600000] [id=19772]
  0x000001f4e2c7f000 ConcurrentGCThread "G1 Refine#7" [stack: 0x0000006313400000,0x0000006313500000] [id=18972]
  0x000001f4e25d5000 ConcurrentGCThread "G1 Young RemSet Sampling" [stack: 0x0000006313c00000,0x0000006313d00000] [id=19012]

Threads with active compile tasks:

VM state:not at safepoint (normal execution)

VM Mutex/Monitor currently owned by a thread: None

Heap address: 0x0000000700000000, size: 3072 MB, Compressed Oops mode: Zero based, Oop shift amount: 3
Narrow klass base: 0x0000000000000000, Narrow klass shift: 3
Compressed class space size: 1073741824 Address: 0x00000007c0000000

Heap:
 garbage-first heap   total 318464K, used 137489K [0x0000000700000000, 0x00000007001009b8, 0x00000007c0000000)
  region size 1024K, 15 young (15360K), 3 survivors (3072K)
 Metaspace       used 86094K, capacity 92725K, committed 93004K, reserved 1130496K
  class space    used 11738K, capacity 12903K, committed 12928K, reserved 1048576K
Heap Regions: E=young(eden), S=young(survivor), O=old, HS=humongous(starts), HC=humongous(continues), CS=collection set, F=free, A=archive, TS=gc time stamp, AC=allocation context, TAMS=top-at-mark-start (previous, next)
|   0|0x0000000700000000, 0x00000007000f8950, 0x0000000700100000| 97%| O|  |TS  0|AC  0|TAMS 0x0000000700000000, 0x0000000700000000|
|   1|0x0000000700100000, 0x0000000700200000, 0x0000000700200000|100%|HS|  |TS  0|AC  0|TAMS 0x0000000700100000, 0x0000000700100000|
|   2|0x0000000700200000, 0x0000000700300000, 0x0000000700300000|100%|HC|  |TS  0|AC  0|TAMS 0x0000000700200000, 0x0000000700200000|
|   3|0x0000000700300000, 0x0000000700400000, 0x0000000700400000|100%|HS|  |TS  0|AC  0|TAMS 0x0000000700300000, 0x0000000700300000|
|   4|0x0000000700400000, 0x00000007004e9f10, 0x0000000700500000| 91%| O|  |TS  0|AC  0|TAMS 0x0000000700400000, 0x0000000700400000|
|   5|0x0000000700500000, 0x00000007005f22c0, 0x0000000700600000| 94%| O|  |TS  0|AC  0|TAMS 0x0000000700500000, 0x0000000700500000|
|   6|0x0000000700600000, 0x00000007006d1cd0, 0x0000000700700000| 81%| O|  |TS  0|AC  0|TAMS 0x0000000700600000, 0x0000000700600000|
|   7|0x0000000700700000, 0x00000007007fffc8, 0x0000000700800000| 99%| O|  |TS  0|AC  0|TAMS 0x0000000700700000, 0x0000000700700000|
|   8|0x0000000700800000, 0x00000007008ffff8, 0x0000000700900000| 99%| O|  |TS  0|AC  0|TAMS 0x0000000700800000, 0x0000000700800000|
|   9|0x0000000700900000, 0x00000007009fffe8, 0x0000000700a00000| 99%| O|  |TS  0|AC  0|TAMS 0x0000000700900000, 0x0000000700900000|
|  10|0x0000000700a00000, 0x0000000700afffa8, 0x0000000700b00000| 99%| O|  |TS  0|AC  0|TAMS 0x0000000700a00000, 0x0000000700a00000|
|  11|0x0000000700b00000, 0x0000000700bffff0, 0x0000000700c00000| 99%| O|  |TS  0|AC  0|TAMS 0x0000000700b00000, 0x0000000700b00000|
|  12|0x0000000700c00000, 0x0000000700cfd0a8, 0x0000000700d00000| 98%| O|  |TS  0|AC  0|TAMS 0x0000000700c00000, 0x0000000700c00000|
|  13|0x0000000700d00000, 0x0000000700df37a0, 0x0000000700e00000| 95%| O|  |TS  0|AC  0|TAMS 0x0000000700d00000, 0x0000000700d00000|
|  14|0x0000000700e00000, 0x0000000700efd4c8, 0x0000000700f00000| 98%| O|  |TS  0|AC  0|TAMS 0x0000000700e00000, 0x0000000700e00000|
|  15|0x0000000700f00000, 0x0000000700ff5cd8, 0x0000000701000000| 96%| O|  |TS  0|AC  0|TAMS 0x0000000700f00000, 0x0000000700f00000|
|  16|0x0000000701000000, 0x00000007010fdcf8, 0x0000000701100000| 99%| O|  |TS  0|AC  0|TAMS 0x0000000701000000, 0x0000000701000000|
|  17|0x0000000701100000, 0x00000007011fffe8, 0x0000000701200000| 99%| O|  |TS  0|AC  0|TAMS 0x0000000701100000, 0x0000000701100000|
|  18|0x0000000701200000, 0x00000007012ffff0, 0x0000000701300000| 99%| O|  |TS  0|AC  0|TAMS 0x0000000701200000, 0x0000000701200000|
|  19|0x0000000701300000, 0x00000007013fe398, 0x0000000701400000| 99%| O|  |TS  0|AC  0|TAMS 0x0000000701300000, 0x0000000701300000|
|  20|0x0000000701400000, 0x00000007014fffe0, 0x0000000701500000| 99%| O|  |TS  0|AC  0|TAMS 0x0000000701400000, 0x0000000701400000|
|  21|0x0000000701500000, 0x00000007015ffff8, 0x0000000701600000| 99%| O|  |TS  0|AC  0|TAMS 0x0000000701500000, 0x0000000701500000|
|  22|0x0000000701600000, 0x0000000701700000, 0x0000000701700000|100%| O|  |TS  0|AC  0|TAMS 0x0000000701600000, 0x0000000701600000|
|  23|0x0000000701700000, 0x00000007017fffc8, 0x0000000701800000| 99%| O|  |TS  0|AC  0|TAMS 0x0000000701700000, 0x0000000701700000|
|  24|0x0000000701800000, 0x00000007018fffe0, 0x0000000701900000| 99%| O|  |TS  0|AC  0|TAMS 0x0000000701800000, 0x0000000701800000|
|  25|0x0000000701900000, 0x00000007019fffe8, 0x0000000701a00000| 99%| O|  |TS  0|AC  0|TAMS 0x0000000701900000, 0x0000000701900000|
|  26|0x0000000701a00000, 0x0000000701affff0, 0x0000000701b00000| 99%| O|  |TS  0|AC  0|TAMS 0x0000000701a00000, 0x0000000701a00000|
|  27|0x0000000701b00000, 0x0000000701bfffe8, 0x0000000701c00000| 99%| O|  |TS  0|AC  0|TAMS 0x0000000701b00000, 0x0000000701b00000|
|  28|0x0000000701c00000, 0x0000000701cffff0, 0x0000000701d00000| 99%| O|  |TS  0|AC  0|TAMS 0x0000000701c00000, 0x0000000701c00000|
|  29|0x0000000701d00000, 0x0000000701dffff0, 0x0000000701e00000| 99%| O|  |TS  0|AC  0|TAMS 0x0000000701d00000, 0x0000000701d00000|
|  30|0x0000000701e00000, 0x0000000701efffe8, 0x0000000701f00000| 99%| O|  |TS  0|AC  0|TAMS 0x0000000701e00000, 0x0000000701e00000|
|  31|0x0000000701f00000, 0x0000000701fffff0, 0x0000000702000000| 99%| O|  |TS  0|AC  0|TAMS 0x0000000701f00000, 0x0000000701f00000|
|  32|0x0000000702000000, 0x00000007020fff00, 0x0000000702100000| 99%| O|  |TS  0|AC  0|TAMS 0x0000000702000000, 0x0000000702000000|
|  33|0x0000000702100000, 0x00000007021fffe8, 0x0000000702200000| 99%| O|  |TS  0|AC  0|TAMS 0x0000000702100000, 0x0000000702100000|
|  34|0x0000000702200000, 0x00000007022ffff8, 0x0000000702300000| 99%| O|  |TS  0|AC  0|TAMS 0x0000000702200000, 0x0000000702200000|
|  35|0x0000000702300000, 0x00000007023ffff0, 0x0000000702400000| 99%| O|  |TS  0|AC  0|TAMS 0x0000000702300000, 0x0000000702300000|
|  36|0x0000000702400000, 0x00000007024ffff8, 0x0000000702500000| 99%| O|  |TS  0|AC  0|TAMS 0x0000000702400000, 0x0000000702400000|
|  37|0x0000000702500000, 0x0000000702600000, 0x0000000702600000|100%| O|  |TS  0|AC  0|TAMS 0x0000000702500000, 0x0000000702500000|
|  38|0x0000000702600000, 0x00000007026ffff0, 0x0000000702700000| 99%| O|  |TS  0|AC  0|TAMS 0x0000000702600000, 0x0000000702600000|
|  39|0x0000000702700000, 0x00000007027fffe0, 0x0000000702800000| 99%| O|  |TS  0|AC  0|TAMS 0x0000000702700000, 0x0000000702700000|
|  40|0x0000000702800000, 0x00000007028fffe8, 0x0000000702900000| 99%| O|  |TS  0|AC  0|TAMS 0x0000000702800000, 0x0000000702800000|
|  41|0x0000000702900000, 0x00000007029fffd8, 0x0000000702a00000| 99%| O|  |TS  0|AC  0|TAMS 0x0000000702900000, 0x0000000702900000|
|  42|0x0000000702a00000, 0x0000000702b00000, 0x0000000702b00000|100%|HS|  |TS  0|AC  0|TAMS 0x0000000702a00000, 0x0000000702a00000|
|  43|0x0000000702b00000, 0x0000000702c00000, 0x0000000702c00000|100%|HC|  |TS  0|AC  0|TAMS 0x0000000702b00000, 0x0000000702b00000|
|  44|0x0000000702c00000, 0x0000000702cfff98, 0x0000000702d00000| 99%| O|  |TS  0|AC  0|TAMS 0x0000000702c00000, 0x0000000702c00000|
|  45|0x0000000702d00000, 0x0000000702dfffe8, 0x0000000702e00000| 99%| O|  |TS  0|AC  0|TAMS 0x0000000702d00000, 0x0000000702d00000|
|  46|0x0000000702e00000, 0x0000000702f00000, 0x0000000702f00000|100%| O|  |TS  0|AC  0|TAMS 0x0000000702e00000, 0x0000000702e00000|
|  47|0x0000000702f00000, 0x0000000703000000, 0x0000000703000000|100%|HS|  |TS  0|AC  0|TAMS 0x0000000702f00000, 0x0000000702f00000|
|  48|0x0000000703000000, 0x0000000703100000, 0x0000000703100000|100%|HC|  |TS  0|AC  0|TAMS 0x0000000703000000, 0x0000000703000000|
|  49|0x0000000703100000, 0x0000000703200000, 0x0000000703200000|100%|HC|  |TS  0|AC  0|TAMS 0x0000000703100000, 0x0000000703100000|
|  50|0x0000000703200000, 0x0000000703300000, 0x0000000703300000|100%|HC|  |TS  0|AC  0|TAMS 0x0000000703200000, 0x0000000703200000|
|  51|0x0000000703300000, 0x0000000703400000, 0x0000000703400000|100%|HC|  |TS  0|AC  0|TAMS 0x0000000703300000, 0x0000000703300000|
|  52|0x0000000703400000, 0x0000000703500000, 0x0000000703500000|100%|HC|  |TS  0|AC  0|TAMS 0x0000000703400000, 0x0000000703400000|
|  53|0x0000000703500000, 0x0000000703600000, 0x0000000703600000|100%|HC|  |TS  0|AC  0|TAMS 0x0000000703500000, 0x0000000703500000|
|  54|0x0000000703600000, 0x0000000703700000, 0x0000000703700000|100%|HC|  |TS  0|AC  0|TAMS 0x0000000703600000, 0x0000000703600000|
|  55|0x0000000703700000, 0x00000007037ffe98, 0x0000000703800000| 99%| O|  |TS  0|AC  0|TAMS 0x0000000703700000, 0x0000000703700000|
|  56|0x0000000703800000, 0x0000000703900000, 0x0000000703900000|100%| O|  |TS  0|AC  0|TAMS 0x0000000703800000, 0x0000000703800000|
|  57|0x0000000703900000, 0x00000007039ffff0, 0x0000000703a00000| 99%| O|  |TS  0|AC  0|TAMS 0x0000000703900000, 0x0000000703900000|
|  58|0x0000000703a00000, 0x0000000703aff128, 0x0000000703b00000| 99%| O|  |TS  0|AC  0|TAMS 0x0000000703a00000, 0x0000000703a00000|
|  59|0x0000000703b00000, 0x0000000703c00000, 0x0000000703c00000|100%| O|  |TS  0|AC  0|TAMS 0x0000000703b00000, 0x0000000703b00000|
|  60|0x0000000703c00000, 0x0000000703cf6ce8, 0x0000000703d00000| 96%| O|  |TS  0|AC  0|TAMS 0x0000000703c00000, 0x0000000703c00000|
|  61|0x0000000703d00000, 0x0000000703dfffb8, 0x0000000703e00000| 99%| O|  |TS  0|AC  0|TAMS 0x0000000703d00000, 0x0000000703d00000|
|  62|0x0000000703e00000, 0x0000000703effff0, 0x0000000703f00000| 99%| O|  |TS  0|AC  0|TAMS 0x0000000703e00000, 0x0000000703e00000|
|  63|0x0000000703f00000, 0x0000000703fffff8, 0x0000000704000000| 99%| O|  |TS  0|AC  0|TAMS 0x0000000703f00000, 0x0000000703f00000|
|  64|0x0000000704000000, 0x00000007040fffd8, 0x0000000704100000| 99%| O|  |TS  0|AC  0|TAMS 0x0000000704000000, 0x0000000704000000|
|  65|0x0000000704100000, 0x00000007041fffe0, 0x0000000704200000| 99%| O|  |TS  0|AC  0|TAMS 0x0000000704100000, 0x0000000704100000|
|  66|0x0000000704200000, 0x0000000704300000, 0x0000000704300000|100%| O|  |TS  0|AC  0|TAMS 0x0000000704200000, 0x0000000704200000|
|  67|0x0000000704300000, 0x00000007043fffe0, 0x0000000704400000| 99%| O|  |TS  0|AC  0|TAMS 0x0000000704300000, 0x0000000704300000|
|  68|0x0000000704400000, 0x0000000704420c20, 0x0000000704500000| 12%| O|  |TS  0|AC  0|TAMS 0x0000000704400000, 0x0000000704400000|
|  69|0x0000000704500000, 0x0000000704600000, 0x0000000704600000|100%| O|  |TS 35|AC  0|TAMS 0x0000000704500000, 0x0000000704500000|
|  70|0x0000000704600000, 0x0000000704700000, 0x0000000704700000|100%|HS|  |TS  0|AC  0|TAMS 0x0000000704600000, 0x0000000704600000|
|  71|0x0000000704700000, 0x0000000704800000, 0x0000000704800000|100%|HS|  |TS  0|AC  0|TAMS 0x0000000704700000, 0x0000000704700000|
|  72|0x0000000704800000, 0x0000000704900000, 0x0000000704900000|100%|HC|  |TS  0|AC  0|TAMS 0x0000000704800000, 0x0000000704800000|
|  73|0x0000000704900000, 0x0000000704a00000, 0x0000000704a00000|100%|HC|  |TS  0|AC  0|TAMS 0x0000000704900000, 0x0000000704900000|
|  74|0x0000000704a00000, 0x0000000704b00000, 0x0000000704b00000|100%|HC|  |TS  0|AC  0|TAMS 0x0000000704a00000, 0x0000000704a00000|
|  75|0x0000000704b00000, 0x0000000704c00000, 0x0000000704c00000|100%|HC|  |TS  0|AC  0|TAMS 0x0000000704b00000, 0x0000000704b00000|
|  76|0x0000000704c00000, 0x0000000704d00000, 0x0000000704d00000|100%|HC|  |TS  0|AC  0|TAMS 0x0000000704c00000, 0x0000000704c00000|
|  77|0x0000000704d00000, 0x0000000704e00000, 0x0000000704e00000|100%|HC|  |TS  0|AC  0|TAMS 0x0000000704d00000, 0x0000000704d00000|
|  78|0x0000000704e00000, 0x0000000704f00000, 0x0000000704f00000|100%|HC|  |TS  0|AC  0|TAMS 0x0000000704e00000, 0x0000000704e00000|
|  79|0x0000000704f00000, 0x0000000705000000, 0x0000000705000000|100%| O|  |TS 35|AC  0|TAMS 0x0000000704f00000, 0x0000000704f00000|
|  80|0x0000000705000000, 0x0000000705100000, 0x0000000705100000|100%| O|  |TS 51|AC  0|TAMS 0x0000000705000000, 0x0000000705000000|
|  81|0x0000000705100000, 0x0000000705200000, 0x0000000705200000|100%| O|  |TS 73|AC  0|TAMS 0x0000000705100000, 0x0000000705100000|
|  82|0x0000000705200000, 0x0000000705300000, 0x0000000705300000|100%|HS|  |TS  0|AC  0|TAMS 0x0000000705200000, 0x0000000705200000|
|  83|0x0000000705300000, 0x0000000705400000, 0x0000000705400000|100%|HC|  |TS  0|AC  0|TAMS 0x0000000705300000, 0x0000000705300000|
|  84|0x0000000705400000, 0x0000000705500000, 0x0000000705500000|100%|HC|  |TS  0|AC  0|TAMS 0x0000000705400000, 0x0000000705400000|
|  85|0x0000000705500000, 0x0000000705600000, 0x0000000705600000|100%|HC|  |TS  0|AC  0|TAMS 0x0000000705500000, 0x0000000705500000|
|  86|0x0000000705600000, 0x0000000705700000, 0x0000000705700000|100%|HC|  |TS  0|AC  0|TAMS 0x0000000705600000, 0x0000000705600000|
|  87|0x0000000705700000, 0x0000000705800000, 0x0000000705800000|100%|HC|  |TS  0|AC  0|TAMS 0x0000000705700000, 0x0000000705700000|
|  88|0x0000000705800000, 0x0000000705900000, 0x0000000705900000|100%|HC|  |TS  0|AC  0|TAMS 0x0000000705800000, 0x0000000705800000|
|  89|0x0000000705900000, 0x0000000705a00000, 0x0000000705a00000|100%|HC|  |TS  0|AC  0|TAMS 0x0000000705900000, 0x0000000705900000|
|  90|0x0000000705a00000, 0x0000000705b00000, 0x0000000705b00000|100%|HS|  |TS 51|AC  0|TAMS 0x0000000705a00000, 0x0000000705a00000|
|  91|0x0000000705b00000, 0x0000000705c00000, 0x0000000705c00000|100%|HC|  |TS 51|AC  0|TAMS 0x0000000705b00000, 0x0000000705b00000|
|  92|0x0000000705c00000, 0x0000000705d00000, 0x0000000705d00000|100%|HC|  |TS 51|AC  0|TAMS 0x0000000705c00000, 0x0000000705c00000|
|  93|0x0000000705d00000, 0x0000000705e00000, 0x0000000705e00000|100%|HC|  |TS 51|AC  0|TAMS 0x0000000705d00000, 0x0000000705d00000|
|  94|0x0000000705e00000, 0x0000000705f00000, 0x0000000705f00000|100%|HC|  |TS 51|AC  0|TAMS 0x0000000705e00000, 0x0000000705e00000|
|  95|0x0000000705f00000, 0x0000000706000000, 0x0000000706000000|100%|HC|  |TS 51|AC  0|TAMS 0x0000000705f00000, 0x0000000705f00000|
|  96|0x0000000706000000, 0x0000000706100000, 0x0000000706100000|100%|HC|  |TS 51|AC  0|TAMS 0x0000000706000000, 0x0000000706000000|
|  97|0x0000000706100000, 0x0000000706200000, 0x0000000706200000|100%|HC|  |TS 51|AC  0|TAMS 0x0000000706100000, 0x0000000706100000|
|  98|0x0000000706200000, 0x0000000706300000, 0x0000000706300000|100%| O|  |TS105|AC  0|TAMS 0x0000000706200000, 0x0000000706200000|
|  99|0x0000000706300000, 0x0000000706400000, 0x0000000706400000|100%| O|  |TS121|AC  0|TAMS 0x0000000706300000, 0x0000000706300000|
| 100|0x0000000706400000, 0x0000000706500000, 0x0000000706500000|100%| O|  |TS125|AC  0|TAMS 0x0000000706400000, 0x0000000706400000|
| 101|0x0000000706500000, 0x0000000706600000, 0x0000000706600000|100%| O|  |TS143|AC  0|TAMS 0x0000000706500000, 0x0000000706500000|
| 102|0x0000000706600000, 0x0000000706700000, 0x0000000706700000|100%| O|  |TS157|AC  0|TAMS 0x0000000706600000, 0x0000000706600000|
| 103|0x0000000706700000, 0x0000000706800000, 0x0000000706800000|100%|HS|  |TS145|AC  0|TAMS 0x0000000706700000, 0x0000000706700000|
| 104|0x0000000706800000, 0x0000000706900000, 0x0000000706900000|100%| O|  |TS159|AC  0|TAMS 0x0000000706800000, 0x0000000706800000|
| 105|0x0000000706900000, 0x0000000706a00000, 0x0000000706a00000|100%| O|  |TS159|AC  0|TAMS 0x0000000706900000, 0x0000000706900000|
| 106|0x0000000706a00000, 0x0000000706b00000, 0x0000000706b00000|100%| O|  |TS195|AC  0|TAMS 0x0000000706a00000, 0x0000000706a00000|
| 107|0x0000000706b00000, 0x0000000706c00000, 0x0000000706c00000|100%| O|  |TS205|AC  0|TAMS 0x0000000706b00000, 0x0000000706b00000|
| 108|0x0000000706c00000, 0x0000000706d00000, 0x0000000706d00000|100%| O|  |TS163|AC  0|TAMS 0x0000000706c00000, 0x0000000706c00000|
| 109|0x0000000706d00000, 0x0000000706e00000, 0x0000000706e00000|100%| O|  |TS187|AC  0|TAMS 0x0000000706d00000, 0x0000000706d00000|
| 110|0x0000000706e00000, 0x0000000706f00000, 0x0000000706f00000|100%|HS|  |TS  0|AC  0|TAMS 0x0000000706e00000, 0x0000000706e00000|
| 111|0x0000000706f00000, 0x0000000707000000, 0x0000000707000000|100%|HS|  |TS  0|AC  0|TAMS 0x0000000706f00000, 0x0000000706f00000|
| 112|0x0000000707000000, 0x0000000707100000, 0x0000000707100000|100%|HC|  |TS  0|AC  0|TAMS 0x0000000707000000, 0x0000000707000000|
| 113|0x0000000707100000, 0x0000000707200000, 0x0000000707200000|100%|HC|  |TS  0|AC  0|TAMS 0x0000000707100000, 0x0000000707100000|
| 114|0x0000000707200000, 0x0000000707300000, 0x0000000707300000|100%|HC|  |TS  0|AC  0|TAMS 0x0000000707200000, 0x0000000707200000|
| 115|0x0000000707300000, 0x0000000707400000, 0x0000000707400000|100%|HC|  |TS  0|AC  0|TAMS 0x0000000707300000, 0x0000000707300000|
| 116|0x0000000707400000, 0x0000000707500000, 0x0000000707500000|100%|HC|  |TS  0|AC  0|TAMS 0x0000000707400000, 0x0000000707400000|
| 117|0x0000000707500000, 0x0000000707600000, 0x0000000707600000|100%|HC|  |TS  0|AC  0|TAMS 0x0000000707500000, 0x0000000707500000|
| 118|0x0000000707600000, 0x0000000707700000, 0x0000000707700000|100%|HC|  |TS  0|AC  0|TAMS 0x0000000707600000, 0x0000000707600000|
| 119|0x0000000707700000, 0x0000000707800000, 0x0000000707800000|100%| O|  |TS147|AC  0|TAMS 0x0000000707700000, 0x0000000707700000|
| 120|0x0000000707800000, 0x0000000707900000, 0x0000000707900000|100%| O|  |TS215|AC  0|TAMS 0x0000000707800000, 0x0000000707800000|
| 121|0x0000000707900000, 0x00000007079d3600, 0x0000000707a00000| 82%| O|  |TS221|AC  0|TAMS 0x0000000707900000, 0x0000000707900000|
| 122|0x0000000707a00000, 0x0000000707a00000, 0x0000000707b00000|  0%| F|  |TS  0|AC  0|TAMS 0x0000000707a00000, 0x0000000707a00000|
| 123|0x0000000707b00000, 0x0000000707b00000, 0x0000000707c00000|  0%| F|  |TS  0|AC  0|TAMS 0x0000000707b00000, 0x0000000707b00000|
| 124|0x0000000707c00000, 0x0000000707c00000, 0x0000000707d00000|  0%| F|  |TS  0|AC  0|TAMS 0x0000000707c00000, 0x0000000707c00000|
| 125|0x0000000707d00000, 0x0000000707d00000, 0x0000000707e00000|  0%| F|  |TS  0|AC  0|TAMS 0x0000000707d00000, 0x0000000707d00000|
| 126|0x0000000707e00000, 0x0000000707e00000, 0x0000000707f00000|  0%| F|  |TS  0|AC  0|TAMS 0x0000000707e00000, 0x0000000707e00000|
| 127|0x0000000707f00000, 0x0000000707f00000, 0x0000000708000000|  0%| F|  |TS  0|AC  0|TAMS 0x0000000707f00000, 0x0000000707f00000|
| 128|0x0000000708000000, 0x0000000708000000, 0x0000000708100000|  0%| F|  |TS  0|AC  0|TAMS 0x0000000708000000, 0x0000000708000000|
| 129|0x0000000708100000, 0x0000000708100000, 0x0000000708200000|  0%| F|  |TS  0|AC  0|TAMS 0x0000000708100000, 0x0000000708100000|
| 130|0x0000000708200000, 0x0000000708200000, 0x0000000708300000|  0%| F|  |TS  0|AC  0|TAMS 0x0000000708200000, 0x0000000708200000|
| 131|0x0000000708300000, 0x0000000708300000, 0x0000000708400000|  0%| F|  |TS  0|AC  0|TAMS 0x0000000708300000, 0x0000000708300000|
| 132|0x0000000708400000, 0x0000000708400000, 0x0000000708500000|  0%| F|  |TS  0|AC  0|TAMS 0x0000000708400000, 0x0000000708400000|
| 133|0x0000000708500000, 0x0000000708500000, 0x0000000708600000|  0%| F|  |TS  0|AC  0|TAMS 0x0000000708500000, 0x0000000708500000|
| 134|0x0000000708600000, 0x0000000708600000, 0x0000000708700000|  0%| F|  |TS  0|AC  0|TAMS 0x0000000708600000, 0x0000000708600000|
| 135|0x0000000708700000, 0x0000000708700000, 0x0000000708800000|  0%| F|  |TS  0|AC  0|TAMS 0x0000000708700000, 0x0000000708700000|
| 136|0x0000000708800000, 0x0000000708800000, 0x0000000708900000|  0%| F|  |TS  0|AC  0|TAMS 0x0000000708800000, 0x0000000708800000|
| 137|0x0000000708900000, 0x0000000708900000, 0x0000000708a00000|  0%| F|  |TS  0|AC  0|TAMS 0x0000000708900000, 0x0000000708900000|
| 138|0x0000000708a00000, 0x0000000708a00000, 0x0000000708b00000|  0%| F|  |TS  0|AC  0|TAMS 0x0000000708a00000, 0x0000000708a00000|
| 139|0x0000000708b00000, 0x0000000708b00000, 0x0000000708c00000|  0%| F|  |TS  0|AC  0|TAMS 0x0000000708b00000, 0x0000000708b00000|
| 140|0x0000000708c00000, 0x0000000708c00000, 0x0000000708d00000|  0%| F|  |TS  0|AC  0|TAMS 0x0000000708c00000, 0x0000000708c00000|
| 141|0x0000000708d00000, 0x0000000708d00000, 0x0000000708e00000|  0%| F|  |TS  0|AC  0|TAMS 0x0000000708d00000, 0x0000000708d00000|
| 142|0x0000000708e00000, 0x0000000708e00000, 0x0000000708f00000|  0%| F|  |TS  0|AC  0|TAMS 0x0000000708e00000, 0x0000000708e00000|
| 143|0x0000000708f00000, 0x0000000708f00000, 0x0000000709000000|  0%| F|  |TS  0|AC  0|TAMS 0x0000000708f00000, 0x0000000708f00000|
| 144|0x0000000709000000, 0x0000000709000000, 0x0000000709100000|  0%| F|  |TS  0|AC  0|TAMS 0x0000000709000000, 0x0000000709000000|
| 145|0x0000000709100000, 0x0000000709100000, 0x0000000709200000|  0%| F|  |TS  0|AC  0|TAMS 0x0000000709100000, 0x0000000709100000|
| 146|0x0000000709200000, 0x0000000709200000, 0x0000000709300000|  0%| F|  |TS  0|AC  0|TAMS 0x0000000709200000, 0x0000000709200000|
| 147|0x0000000709300000, 0x0000000709300000, 0x0000000709400000|  0%| F|  |TS  0|AC  0|TAMS 0x0000000709300000, 0x0000000709300000|
| 148|0x0000000709400000, 0x0000000709400000, 0x0000000709500000|  0%| F|  |TS  0|AC  0|TAMS 0x0000000709400000, 0x0000000709400000|
| 149|0x0000000709500000, 0x0000000709500000, 0x0000000709600000|  0%| F|  |TS  0|AC  0|TAMS 0x0000000709500000, 0x0000000709500000|
| 150|0x0000000709600000, 0x0000000709600000, 0x0000000709700000|  0%| F|  |TS  0|AC  0|TAMS 0x0000000709600000, 0x0000000709600000|
| 151|0x0000000709700000, 0x0000000709700000, 0x0000000709800000|  0%| F|  |TS  0|AC  0|TAMS 0x0000000709700000, 0x0000000709700000|
| 152|0x0000000709800000, 0x0000000709800000, 0x0000000709900000|  0%| F|  |TS  0|AC  0|TAMS 0x0000000709800000, 0x0000000709800000|
| 153|0x0000000709900000, 0x0000000709900000, 0x0000000709a00000|  0%| F|  |TS  0|AC  0|TAMS 0x0000000709900000, 0x0000000709900000|
| 154|0x0000000709a00000, 0x0000000709a00000, 0x0000000709b00000|  0%| F|  |TS  0|AC  0|TAMS 0x0000000709a00000, 0x0000000709a00000|
| 155|0x0000000709b00000, 0x0000000709b00000, 0x0000000709c00000|  0%| F|  |TS  0|AC  0|TAMS 0x0000000709b00000, 0x0000000709b00000|
| 156|0x0000000709c00000, 0x0000000709c00000, 0x0000000709d00000|  0%| F|  |TS  0|AC  0|TAMS 0x0000000709c00000, 0x0000000709c00000|
| 157|0x0000000709d00000, 0x0000000709d00000, 0x0000000709e00000|  0%| F|  |TS  0|AC  0|TAMS 0x0000000709d00000, 0x0000000709d00000|
| 158|0x0000000709e00000, 0x0000000709e00000, 0x0000000709f00000|  0%| F|  |TS  0|AC  0|TAMS 0x0000000709e00000, 0x0000000709e00000|
| 159|0x0000000709f00000, 0x0000000709f00000, 0x000000070a000000|  0%| F|  |TS  0|AC  0|TAMS 0x0000000709f00000, 0x0000000709f00000|
| 160|0x000000070a000000, 0x000000070a000000, 0x000000070a100000|  0%| F|  |TS  0|AC  0|TAMS 0x000000070a000000, 0x000000070a000000|
| 161|0x000000070a100000, 0x000000070a100000, 0x000000070a200000|  0%| F|  |TS  0|AC  0|TAMS 0x000000070a100000, 0x000000070a100000|
| 162|0x000000070a200000, 0x000000070a200000, 0x000000070a300000|  0%| F|  |TS  0|AC  0|TAMS 0x000000070a200000, 0x000000070a200000|
| 163|0x000000070a300000, 0x000000070a300000, 0x000000070a400000|  0%| F|  |TS  0|AC  0|TAMS 0x000000070a300000, 0x000000070a300000|
| 164|0x000000070a400000, 0x000000070a400000, 0x000000070a500000|  0%| F|  |TS  0|AC  0|TAMS 0x000000070a400000, 0x000000070a400000|
| 165|0x000000070a500000, 0x000000070a500000, 0x000000070a600000|  0%| F|  |TS  0|AC  0|TAMS 0x000000070a500000, 0x000000070a500000|
| 166|0x000000070a600000, 0x000000070a600000, 0x000000070a700000|  0%| F|  |TS  0|AC  0|TAMS 0x000000070a600000, 0x000000070a600000|
| 167|0x000000070a700000, 0x000000070a700000, 0x000000070a800000|  0%| F|  |TS  0|AC  0|TAMS 0x000000070a700000, 0x000000070a700000|
| 168|0x000000070a800000, 0x000000070a800000, 0x000000070a900000|  0%| F|  |TS  0|AC  0|TAMS 0x000000070a800000, 0x000000070a800000|
| 169|0x000000070a900000, 0x000000070a900000, 0x000000070aa00000|  0%| F|  |TS  0|AC  0|TAMS 0x000000070a900000, 0x000000070a900000|
| 170|0x000000070aa00000, 0x000000070aa00000, 0x000000070ab00000|  0%| F|  |TS  0|AC  0|TAMS 0x000000070aa00000, 0x000000070aa00000|
| 171|0x000000070ab00000, 0x000000070ab00000, 0x000000070ac00000|  0%| F|  |TS  0|AC  0|TAMS 0x000000070ab00000, 0x000000070ab00000|
| 172|0x000000070ac00000, 0x000000070ac00000, 0x000000070ad00000|  0%| F|  |TS  0|AC  0|TAMS 0x000000070ac00000, 0x000000070ac00000|
| 173|0x000000070ad00000, 0x000000070ad00000, 0x000000070ae00000|  0%| F|  |TS  0|AC  0|TAMS 0x000000070ad00000, 0x000000070ad00000|
| 174|0x000000070ae00000, 0x000000070ae00000, 0x000000070af00000|  0%| F|  |TS  0|AC  0|TAMS 0x000000070ae00000, 0x000000070ae00000|
| 175|0x000000070af00000, 0x000000070af00000, 0x000000070b000000|  0%| F|  |TS  0|AC  0|TAMS 0x000000070af00000, 0x000000070af00000|
| 176|0x000000070b000000, 0x000000070b000000, 0x000000070b100000|  0%| F|  |TS  0|AC  0|TAMS 0x000000070b000000, 0x000000070b000000|
| 177|0x000000070b100000, 0x000000070b100000, 0x000000070b200000|  0%| F|  |TS  0|AC  0|TAMS 0x000000070b100000, 0x000000070b100000|
| 178|0x000000070b200000, 0x000000070b200000, 0x000000070b300000|  0%| F|  |TS  0|AC  0|TAMS 0x000000070b200000, 0x000000070b200000|
| 179|0x000000070b300000, 0x000000070b300000, 0x000000070b400000|  0%| F|  |TS  0|AC  0|TAMS 0x000000070b300000, 0x000000070b300000|
| 180|0x000000070b400000, 0x000000070b400000, 0x000000070b500000|  0%| F|  |TS  0|AC  0|TAMS 0x000000070b400000, 0x000000070b400000|
| 181|0x000000070b500000, 0x000000070b500000, 0x000000070b600000|  0%| F|  |TS  0|AC  0|TAMS 0x000000070b500000, 0x000000070b500000|
| 182|0x000000070b600000, 0x000000070b600000, 0x000000070b700000|  0%| F|  |TS  0|AC  0|TAMS 0x000000070b600000, 0x000000070b600000|
| 183|0x000000070b700000, 0x000000070b700000, 0x000000070b800000|  0%| F|  |TS  0|AC  0|TAMS 0x000000070b700000, 0x000000070b700000|
| 184|0x000000070b800000, 0x000000070b800000, 0x000000070b900000|  0%| F|  |TS  0|AC  0|TAMS 0x000000070b800000, 0x000000070b800000|
| 185|0x000000070b900000, 0x000000070b900000, 0x000000070ba00000|  0%| F|  |TS  0|AC  0|TAMS 0x000000070b900000, 0x000000070b900000|
| 186|0x000000070ba00000, 0x000000070ba00000, 0x000000070bb00000|  0%| F|  |TS  0|AC  0|TAMS 0x000000070ba00000, 0x000000070ba00000|
| 187|0x000000070bb00000, 0x000000070bb00000, 0x000000070bc00000|  0%| F|  |TS  0|AC  0|TAMS 0x000000070bb00000, 0x000000070bb00000|
| 188|0x000000070bc00000, 0x000000070bc00000, 0x000000070bd00000|  0%| F|  |TS  0|AC  0|TAMS 0x000000070bc00000, 0x000000070bc00000|
| 189|0x000000070bd00000, 0x000000070bd00000, 0x000000070be00000|  0%| F|  |TS  0|AC  0|TAMS 0x000000070bd00000, 0x000000070bd00000|
| 190|0x000000070be00000, 0x000000070be00000, 0x000000070bf00000|  0%| F|  |TS  0|AC  0|TAMS 0x000000070be00000, 0x000000070be00000|
| 191|0x000000070bf00000, 0x000000070bf00000, 0x000000070c000000|  0%| F|  |TS  0|AC  0|TAMS 0x000000070bf00000, 0x000000070bf00000|
| 192|0x000000070c000000, 0x000000070c000000, 0x000000070c100000|  0%| F|  |TS  0|AC  0|TAMS 0x000000070c000000, 0x000000070c000000|
| 193|0x000000070c100000, 0x000000070c100000, 0x000000070c200000|  0%| F|  |TS  0|AC  0|TAMS 0x000000070c100000, 0x000000070c100000|
| 194|0x000000070c200000, 0x000000070c200000, 0x000000070c300000|  0%| F|  |TS  3|AC  0|TAMS 0x000000070c200000, 0x000000070c200000|
| 195|0x000000070c300000, 0x000000070c300000, 0x000000070c400000|  0%| F|  |TS  3|AC  0|TAMS 0x000000070c300000, 0x000000070c300000|
| 196|0x000000070c400000, 0x000000070c400000, 0x000000070c500000|  0%| F|  |TS  1|AC  0|TAMS 0x000000070c400000, 0x000000070c400000|
| 197|0x000000070c500000, 0x000000070c500000, 0x000000070c600000|  0%| F|  |TS  1|AC  0|TAMS 0x000000070c500000, 0x000000070c500000|
| 198|0x000000070c600000, 0x000000070c600000, 0x000000070c700000|  0%| F|  |TS  1|AC  0|TAMS 0x000000070c600000, 0x000000070c600000|
| 199|0x000000070c700000, 0x000000070c700000, 0x000000070c800000|  0%| F|  |TS  1|AC  0|TAMS 0x000000070c700000, 0x000000070c700000|
| 200|0x000000070c800000, 0x000000070c800000, 0x000000070c900000|  0%| F|  |TS  1|AC  0|TAMS 0x000000070c800000, 0x000000070c800000|
| 201|0x000000070c900000, 0x000000070c900000, 0x000000070ca00000|  0%| F|  |TS  1|AC  0|TAMS 0x000000070c900000, 0x000000070c900000|
| 202|0x000000070ca00000, 0x000000070ca00000, 0x000000070cb00000|  0%| F|  |TS  1|AC  0|TAMS 0x000000070ca00000, 0x000000070ca00000|
| 203|0x000000070cb00000, 0x000000070cb00000, 0x000000070cc00000|  0%| F|  |TS  1|AC  0|TAMS 0x000000070cb00000, 0x000000070cb00000|
| 204|0x000000070cc00000, 0x000000070cc00000, 0x000000070cd00000|  0%| F|  |TS  1|AC  0|TAMS 0x000000070cc00000, 0x000000070cc00000|
| 205|0x000000070cd00000, 0x000000070cd00000, 0x000000070ce00000|  0%| F|  |TS  1|AC  0|TAMS 0x000000070cd00000, 0x000000070cd00000|
| 206|0x000000070ce00000, 0x000000070ce00000, 0x000000070cf00000|  0%| F|  |TS  1|AC  0|TAMS 0x000000070ce00000, 0x000000070ce00000|
| 207|0x000000070cf00000, 0x000000070cf00000, 0x000000070d000000|  0%| F|  |TS  1|AC  0|TAMS 0x000000070cf00000, 0x000000070cf00000|
| 208|0x000000070d000000, 0x000000070d000000, 0x000000070d100000|  0%| F|  |TS  1|AC  0|TAMS 0x000000070d000000, 0x000000070d000000|
| 209|0x000000070d100000, 0x000000070d100000, 0x000000070d200000|  0%| F|  |TS  1|AC  0|TAMS 0x000000070d100000, 0x000000070d100000|
| 210|0x000000070d200000, 0x000000070d200000, 0x000000070d300000|  0%| F|  |TS  1|AC  0|TAMS 0x000000070d200000, 0x000000070d200000|
| 211|0x000000070d300000, 0x000000070d300000, 0x000000070d400000|  0%| F|  |TS  1|AC  0|TAMS 0x000000070d300000, 0x000000070d300000|
| 212|0x000000070d400000, 0x000000070d400000, 0x000000070d500000|  0%| F|  |TS  1|AC  0|TAMS 0x000000070d400000, 0x000000070d400000|
| 213|0x000000070d500000, 0x000000070d500000, 0x000000070d600000|  0%| F|  |TS  1|AC  0|TAMS 0x000000070d500000, 0x000000070d500000|
| 214|0x000000070d600000, 0x000000070d600000, 0x000000070d700000|  0%| F|  |TS  1|AC  0|TAMS 0x000000070d600000, 0x000000070d600000|
| 215|0x000000070d700000, 0x000000070d700000, 0x000000070d800000|  0%| F|  |TS  1|AC  0|TAMS 0x000000070d700000, 0x000000070d700000|
| 216|0x000000070d800000, 0x000000070d800000, 0x000000070d900000|  0%| F|  |TS  1|AC  0|TAMS 0x000000070d800000, 0x000000070d800000|
| 217|0x000000070d900000, 0x000000070d900000, 0x000000070da00000|  0%| F|  |TS  1|AC  0|TAMS 0x000000070d900000, 0x000000070d900000|
| 218|0x000000070da00000, 0x000000070da00000, 0x000000070db00000|  0%| F|  |TS  1|AC  0|TAMS 0x000000070da00000, 0x000000070da00000|
| 219|0x000000070db00000, 0x000000070db00000, 0x000000070dc00000|  0%| F|  |TS  1|AC  0|TAMS 0x000000070db00000, 0x000000070db00000|
| 220|0x000000070dc00000, 0x000000070dc00000, 0x000000070dd00000|  0%| F|  |TS  1|AC  0|TAMS 0x000000070dc00000, 0x000000070dc00000|
| 221|0x000000070dd00000, 0x000000070dd00000, 0x000000070de00000|  0%| F|  |TS  1|AC  0|TAMS 0x000000070dd00000, 0x000000070dd00000|
| 222|0x000000070de00000, 0x000000070de00000, 0x000000070df00000|  0%| F|  |TS  1|AC  0|TAMS 0x000000070de00000, 0x000000070de00000|
| 223|0x000000070df00000, 0x000000070df00000, 0x000000070e000000|  0%| F|  |TS  1|AC  0|TAMS 0x000000070df00000, 0x000000070df00000|
| 224|0x000000070e000000, 0x000000070e000000, 0x000000070e100000|  0%| F|  |TS  1|AC  0|TAMS 0x000000070e000000, 0x000000070e000000|
| 225|0x000000070e100000, 0x000000070e100000, 0x000000070e200000|  0%| F|  |TS  1|AC  0|TAMS 0x000000070e100000, 0x000000070e100000|
| 226|0x000000070e200000, 0x000000070e200000, 0x000000070e300000|  0%| F|  |TS  1|AC  0|TAMS 0x000000070e200000, 0x000000070e200000|
| 227|0x000000070e300000, 0x000000070e300000, 0x000000070e400000|  0%| F|  |TS  1|AC  0|TAMS 0x000000070e300000, 0x000000070e300000|
| 228|0x000000070e400000, 0x000000070e400000, 0x000000070e500000|  0%| F|  |TS  1|AC  0|TAMS 0x000000070e400000, 0x000000070e400000|
| 229|0x000000070e500000, 0x000000070e500000, 0x000000070e600000|  0%| F|  |TS  1|AC  0|TAMS 0x000000070e500000, 0x000000070e500000|
| 230|0x000000070e600000, 0x000000070e600000, 0x000000070e700000|  0%| F|  |TS  1|AC  0|TAMS 0x000000070e600000, 0x000000070e600000|
| 231|0x000000070e700000, 0x000000070e700000, 0x000000070e800000|  0%| F|  |TS  1|AC  0|TAMS 0x000000070e700000, 0x000000070e700000|
| 232|0x000000070e800000, 0x000000070e800000, 0x000000070e900000|  0%| F|  |TS  1|AC  0|TAMS 0x000000070e800000, 0x000000070e800000|
| 233|0x000000070e900000, 0x000000070e900000, 0x000000070ea00000|  0%| F|  |TS  1|AC  0|TAMS 0x000000070e900000, 0x000000070e900000|
| 234|0x000000070ea00000, 0x000000070ea00000, 0x000000070eb00000|  0%| F|  |TS  1|AC  0|TAMS 0x000000070ea00000, 0x000000070ea00000|
| 235|0x000000070eb00000, 0x000000070eb00000, 0x000000070ec00000|  0%| F|  |TS  1|AC  0|TAMS 0x000000070eb00000, 0x000000070eb00000|
| 236|0x000000070ec00000, 0x000000070ec00000, 0x000000070ed00000|  0%| F|  |TS  1|AC  0|TAMS 0x000000070ec00000, 0x000000070ec00000|
| 237|0x000000070ed00000, 0x000000070ed00000, 0x000000070ee00000|  0%| F|  |TS  1|AC  0|TAMS 0x000000070ed00000, 0x000000070ed00000|
| 238|0x000000070ee00000, 0x000000070ee00000, 0x000000070ef00000|  0%| F|  |TS  1|AC  0|TAMS 0x000000070ee00000, 0x000000070ee00000|
| 239|0x000000070ef00000, 0x000000070ef00000, 0x000000070f000000|  0%| F|  |TS  1|AC  0|TAMS 0x000000070ef00000, 0x000000070ef00000|
| 240|0x000000070f000000, 0x000000070f000000, 0x000000070f100000|  0%| F|  |TS  1|AC  0|TAMS 0x000000070f000000, 0x000000070f000000|
| 241|0x000000070f100000, 0x000000070f100000, 0x000000070f200000|  0%| F|  |TS  1|AC  0|TAMS 0x000000070f100000, 0x000000070f100000|
| 242|0x000000070f200000, 0x000000070f200000, 0x000000070f300000|  0%| F|  |TS  1|AC  0|TAMS 0x000000070f200000, 0x000000070f200000|
| 243|0x000000070f300000, 0x000000070f300000, 0x000000070f400000|  0%| F|  |TS  1|AC  0|TAMS 0x000000070f300000, 0x000000070f300000|
| 244|0x000000070f400000, 0x000000070f400000, 0x000000070f500000|  0%| F|  |TS  1|AC  0|TAMS 0x000000070f400000, 0x000000070f400000|
| 245|0x000000070f500000, 0x000000070f500000, 0x000000070f600000|  0%| F|  |TS185|AC  0|TAMS 0x000000070f500000, 0x000000070f500000|
| 246|0x000000070f600000, 0x000000070f600000, 0x000000070f700000|  0%| F|  |TS199|AC  0|TAMS 0x000000070f600000, 0x000000070f600000|
| 247|0x000000070f700000, 0x000000070f700000, 0x000000070f800000|  0%| F|  |TS203|AC  0|TAMS 0x000000070f700000, 0x000000070f700000|
| 248|0x000000070f800000, 0x000000070f8d4968, 0x000000070f900000| 83%| S|CS|TS221|AC  0|TAMS 0x000000070f800000, 0x000000070f800000|
| 249|0x000000070f900000, 0x000000070f900000, 0x000000070fa00000|  0%| F|  |TS221|AC  0|TAMS 0x000000070f900000, 0x000000070f900000|
| 250|0x000000070fa00000, 0x000000070fb00000, 0x000000070fb00000|100%| S|CS|TS221|AC  0|TAMS 0x000000070fa00000, 0x000000070fa00000|
| 251|0x000000070fb00000, 0x000000070fb00000, 0x000000070fc00000|  0%| F|  |TS221|AC  0|TAMS 0x000000070fb00000, 0x000000070fb00000|
| 252|0x000000070fc00000, 0x000000070fd00000, 0x000000070fd00000|100%| S|CS|TS221|AC  0|TAMS 0x000000070fc00000, 0x000000070fc00000|
| 253|0x000000070fd00000, 0x000000070fd00000, 0x000000070fe00000|  0%| F|  |TS221|AC  0|TAMS 0x000000070fd00000, 0x000000070fd00000|
| 254|0x000000070fe00000, 0x000000070fe00000, 0x000000070ff00000|  0%| F|  |TS221|AC  0|TAMS 0x000000070fe00000, 0x000000070fe00000|
| 255|0x000000070ff00000, 0x000000070ff00000, 0x0000000710000000|  0%| F|  |TS221|AC  0|TAMS 0x000000070ff00000, 0x000000070ff00000|
| 256|0x0000000710000000, 0x0000000710000000, 0x0000000710100000|  0%| F|  |TS221|AC  0|TAMS 0x0000000710000000, 0x0000000710000000|
| 257|0x0000000710100000, 0x0000000710100000, 0x0000000710200000|  0%| F|  |TS221|AC  0|TAMS 0x0000000710100000, 0x0000000710100000|
| 258|0x0000000710200000, 0x0000000710200000, 0x0000000710300000|  0%| F|  |TS221|AC  0|TAMS 0x0000000710200000, 0x0000000710200000|
| 259|0x0000000710300000, 0x0000000710300000, 0x0000000710400000|  0%| F|  |TS221|AC  0|TAMS 0x0000000710300000, 0x0000000710300000|
| 260|0x0000000710400000, 0x0000000710400000, 0x0000000710500000|  0%| F|  |TS221|AC  0|TAMS 0x0000000710400000, 0x0000000710400000|
| 261|0x0000000710500000, 0x0000000710500000, 0x0000000710600000|  0%| F|  |TS221|AC  0|TAMS 0x0000000710500000, 0x0000000710500000|
| 262|0x0000000710600000, 0x0000000710600000, 0x0000000710700000|  0%| F|  |TS221|AC  0|TAMS 0x0000000710600000, 0x0000000710600000|
| 263|0x0000000710700000, 0x0000000710700000, 0x0000000710800000|  0%| F|  |TS221|AC  0|TAMS 0x0000000710700000, 0x0000000710700000|
| 264|0x0000000710800000, 0x0000000710800000, 0x0000000710900000|  0%| F|  |TS221|AC  0|TAMS 0x0000000710800000, 0x0000000710800000|
| 265|0x0000000710900000, 0x0000000710900000, 0x0000000710a00000|  0%| F|  |TS221|AC  0|TAMS 0x0000000710900000, 0x0000000710900000|
| 266|0x0000000710a00000, 0x0000000710a00000, 0x0000000710b00000|  0%| F|  |TS221|AC  0|TAMS 0x0000000710a00000, 0x0000000710a00000|
| 267|0x0000000710b00000, 0x0000000710b00000, 0x0000000710c00000|  0%| F|  |TS221|AC  0|TAMS 0x0000000710b00000, 0x0000000710b00000|
| 268|0x0000000710c00000, 0x0000000710c00000, 0x0000000710d00000|  0%| F|  |TS221|AC  0|TAMS 0x0000000710c00000, 0x0000000710c00000|
| 269|0x0000000710d00000, 0x0000000710d00000, 0x0000000710e00000|  0%| F|  |TS221|AC  0|TAMS 0x0000000710d00000, 0x0000000710d00000|
| 270|0x0000000710e00000, 0x0000000710e00000, 0x0000000710f00000|  0%| F|  |TS221|AC  0|TAMS 0x0000000710e00000, 0x0000000710e00000|
| 271|0x0000000710f00000, 0x0000000710f00000, 0x0000000711000000|  0%| F|  |TS221|AC  0|TAMS 0x0000000710f00000, 0x0000000710f00000|
| 272|0x0000000711000000, 0x0000000711000000, 0x0000000711100000|  0%| F|  |TS221|AC  0|TAMS 0x0000000711000000, 0x0000000711000000|
| 273|0x0000000711100000, 0x0000000711100000, 0x0000000711200000|  0%| F|  |TS221|AC  0|TAMS 0x0000000711100000, 0x0000000711100000|
| 274|0x0000000711200000, 0x0000000711200000, 0x0000000711300000|  0%| F|  |TS221|AC  0|TAMS 0x0000000711200000, 0x0000000711200000|
| 275|0x0000000711300000, 0x0000000711300000, 0x0000000711400000|  0%| F|  |TS221|AC  0|TAMS 0x0000000711300000, 0x0000000711300000|
| 276|0x0000000711400000, 0x0000000711400000, 0x0000000711500000|  0%| F|  |TS221|AC  0|TAMS 0x0000000711400000, 0x0000000711400000|
| 277|0x0000000711500000, 0x0000000711500000, 0x0000000711600000|  0%| F|  |TS221|AC  0|TAMS 0x0000000711500000, 0x0000000711500000|
| 278|0x0000000711600000, 0x0000000711600000, 0x0000000711700000|  0%| F|  |TS221|AC  0|TAMS 0x0000000711600000, 0x0000000711600000|
| 279|0x0000000711700000, 0x0000000711700000, 0x0000000711800000|  0%| F|  |TS221|AC  0|TAMS 0x0000000711700000, 0x0000000711700000|
| 280|0x0000000711800000, 0x0000000711800000, 0x0000000711900000|  0%| F|  |TS221|AC  0|TAMS 0x0000000711800000, 0x0000000711800000|
| 281|0x0000000711900000, 0x0000000711900000, 0x0000000711a00000|  0%| F|  |TS221|AC  0|TAMS 0x0000000711900000, 0x0000000711900000|
| 282|0x0000000711a00000, 0x0000000711a00000, 0x0000000711b00000|  0%| F|  |TS221|AC  0|TAMS 0x0000000711a00000, 0x0000000711a00000|
| 283|0x0000000711b00000, 0x0000000711b00000, 0x0000000711c00000|  0%| F|  |TS221|AC  0|TAMS 0x0000000711b00000, 0x0000000711b00000|
| 284|0x0000000711c00000, 0x0000000711c00000, 0x0000000711d00000|  0%| F|  |TS221|AC  0|TAMS 0x0000000711c00000, 0x0000000711c00000|
| 285|0x0000000711d00000, 0x0000000711d00000, 0x0000000711e00000|  0%| F|  |TS221|AC  0|TAMS 0x0000000711d00000, 0x0000000711d00000|
| 286|0x0000000711e00000, 0x0000000711e00000, 0x0000000711f00000|  0%| F|  |TS221|AC  0|TAMS 0x0000000711e00000, 0x0000000711e00000|
| 287|0x0000000711f00000, 0x0000000711f00000, 0x0000000712000000|  0%| F|  |TS221|AC  0|TAMS 0x0000000711f00000, 0x0000000711f00000|
| 288|0x0000000712000000, 0x0000000712000000, 0x0000000712100000|  0%| F|  |TS221|AC  0|TAMS 0x0000000712000000, 0x0000000712000000|
| 289|0x0000000712100000, 0x0000000712100000, 0x0000000712200000|  0%| F|  |TS221|AC  0|TAMS 0x0000000712100000, 0x0000000712100000|
| 290|0x0000000712200000, 0x0000000712200000, 0x0000000712300000|  0%| F|  |TS221|AC  0|TAMS 0x0000000712200000, 0x0000000712200000|
| 291|0x0000000712300000, 0x0000000712300000, 0x0000000712400000|  0%| F|  |TS221|AC  0|TAMS 0x0000000712300000, 0x0000000712300000|
| 292|0x0000000712400000, 0x0000000712400000, 0x0000000712500000|  0%| F|  |TS221|AC  0|TAMS 0x0000000712400000, 0x0000000712400000|
| 293|0x0000000712500000, 0x0000000712500000, 0x0000000712600000|  0%| F|  |TS221|AC  0|TAMS 0x0000000712500000, 0x0000000712500000|
| 294|0x0000000712600000, 0x0000000712600000, 0x0000000712700000|  0%| F|  |TS221|AC  0|TAMS 0x0000000712600000, 0x0000000712600000|
| 295|0x0000000712700000, 0x0000000712700000, 0x0000000712800000|  0%| F|  |TS221|AC  0|TAMS 0x0000000712700000, 0x0000000712700000|
| 296|0x0000000712800000, 0x0000000712800000, 0x0000000712900000|  0%| F|  |TS221|AC  0|TAMS 0x0000000712800000, 0x0000000712800000|
| 297|0x0000000712900000, 0x0000000712900000, 0x0000000712a00000|  0%| F|  |TS221|AC  0|TAMS 0x0000000712900000, 0x0000000712900000|
| 298|0x0000000712a00000, 0x0000000712a00000, 0x0000000712b00000|  0%| F|  |TS221|AC  0|TAMS 0x0000000712a00000, 0x0000000712a00000|
| 299|0x0000000712b00000, 0x0000000712b06250, 0x0000000712c00000|  2%| E|  |TS221|AC  0|TAMS 0x0000000712b00000, 0x0000000712b00000|
| 300|0x0000000712c00000, 0x0000000712d00000, 0x0000000712d00000|100%| E|CS|TS221|AC  0|TAMS 0x0000000712c00000, 0x0000000712c00000|
| 301|0x0000000712d00000, 0x0000000712e00000, 0x0000000712e00000|100%| E|CS|TS221|AC  0|TAMS 0x0000000712d00000, 0x0000000712d00000|
| 302|0x0000000712e00000, 0x0000000712f00000, 0x0000000712f00000|100%| E|CS|TS221|AC  0|TAMS 0x0000000712e00000, 0x0000000712e00000|
| 303|0x0000000712f00000, 0x0000000713000000, 0x0000000713000000|100%| E|CS|TS221|AC  0|TAMS 0x0000000712f00000, 0x0000000712f00000|
| 304|0x0000000713000000, 0x0000000713100000, 0x0000000713100000|100%| E|CS|TS221|AC  0|TAMS 0x0000000713000000, 0x0000000713000000|
| 305|0x0000000713100000, 0x0000000713200000, 0x0000000713200000|100%| E|CS|TS221|AC  0|TAMS 0x0000000713100000, 0x0000000713100000|
| 306|0x0000000713200000, 0x0000000713300000, 0x0000000713300000|100%| E|CS|TS221|AC  0|TAMS 0x0000000713200000, 0x0000000713200000|
| 307|0x0000000713300000, 0x0000000713400000, 0x0000000713400000|100%| E|CS|TS221|AC  0|TAMS 0x0000000713300000, 0x0000000713300000|
| 308|0x0000000713400000, 0x0000000713500000, 0x0000000713500000|100%| E|CS|TS221|AC  0|TAMS 0x0000000713400000, 0x0000000713400000|
| 309|0x0000000713500000, 0x0000000713600000, 0x0000000713600000|100%| E|CS|TS221|AC  0|TAMS 0x0000000713500000, 0x0000000713500000|
| 310|0x0000000713600000, 0x0000000713700000, 0x0000000713700000|100%| E|CS|TS221|AC  0|TAMS 0x0000000713600000, 0x0000000713600000|

Card table byte_map: [0x000001f4faea0000,0x000001f4fb4a0000] byte_map_base: 0x000001f4f76a0000

Marking Bits (Prev, Next): (CMBitMap*) 0x000001f4e25d9580, (CMBitMap*) 0x000001f4e25d95b8
 Prev Bits: [0x000001f4fbaa0000, 0x000001f4feaa0000)
 Next Bits: [0x000001f480000000, 0x000001f483000000)

Polling page: 0x000001f4d8340000

CodeHeap 'non-profiled nmethods': size=120000Kb used=22091Kb max_used=23625Kb free=97908Kb
 bounds [0x000001f4f3370000, 0x000001f4f4a90000, 0x000001f4fa8a0000]
CodeHeap 'profiled nmethods': size=120000Kb used=37673Kb max_used=41771Kb free=82326Kb
 bounds [0x000001f4ebe40000, 0x000001f4ee840000, 0x000001f4f3370000]
CodeHeap 'non-nmethods': size=5760Kb used=1806Kb max_used=1851Kb free=3953Kb
 bounds [0x000001f4eb8a0000, 0x000001f4ebb10000, 0x000001f4ebe40000]
 total_blobs=35535 nmethods=17122 adapters=1151
 compilation: enabled

Compilation events (10 events):
Event: 3084.221 Thread 0x000001f4dab6b000 23960       3       de.javasoft.plaf.synthetica.painter.OptionPanePainter::getInstance (36 bytes)
Event: 3084.222 Thread 0x000001f4dab6b000 nmethod 23960 0x000001f4ec1f9e90 code [0x000001f4ec1fa080, 0x000001f4ec1fa550]
Event: 3088.264 Thread 0x000001f4dab6b000 23961       3       java.awt.KeyboardFocusManager::getNativeFocusedWindow (10 bytes)
Event: 3088.265 Thread 0x000001f4dab6b000 nmethod 23961 0x000001f4ebfc5a10 code [0x000001f4ebfc5bc0, 0x000001f4ebfc5df0]
Event: 3088.265 Thread 0x000001f4dab6b000 23962       3       sun.awt.windows.WKeyboardFocusManagerPeer::getCurrentFocusedWindow (4 bytes)
Event: 3088.265 Thread 0x000001f4dab6b000 nmethod 23962 0x000001f4ec02ca90 code [0x000001f4ec02cc40, 0x000001f4ec02cdd0]
Event: 3088.267 Thread 0x000001f4dab6b000 23963   !   3       java.awt.KeyboardFocusManager::setGlobalPermanentFocusOwner (86 bytes)
Event: 3088.267 Thread 0x000001f4dab6a000 23964       4       javax.swing.SwingUtilities::getRoot (36 bytes)
Event: 3088.273 Thread 0x000001f4dab6b000 nmethod 23963 0x000001f4ec5d6a90 code [0x000001f4ec5d6d80, 0x000001f4ec5d81f0]
Event: 3088.273 Thread 0x000001f4dab6a000 nmethod 23964 0x000001f4f373d990 code [0x000001f4f373db20, 0x000001f4f373dc18]

GC Heap History (10 events):
Event: 3058.882 GC heap before
{Heap before GC invocations=297 (full 9):
 garbage-first heap   total 318464K, used 182858K [0x0000000700000000, 0x00000007001009b8, 0x00000007c0000000)
  region size 1024K, 60 young (61440K), 3 survivors (3072K)
 Metaspace       used 85934K, capacity 92423K, committed 92748K, reserved 1128448K
  class space    used 11704K, capacity 12838K, committed 12928K, reserved 1048576K
}
Event: 3058.893 GC heap after
{Heap after GC invocations=298 (full 9):
 garbage-first heap   total 318464K, used 124886K [0x0000000700000000, 0x00000007001009b8, 0x00000007c0000000)
  region size 1024K, 3 young (3072K), 3 survivors (3072K)
 Metaspace       used 85934K, capacity 92423K, committed 92748K, reserved 1128448K
  class space    used 11704K, capacity 12838K, committed 12928K, reserved 1048576K
}
Event: 3068.795 GC heap before
{Heap before GC invocations=298 (full 9):
 garbage-first heap   total 318464K, used 183254K [0x0000000700000000, 0x00000007001009b8, 0x00000007c0000000)
  region size 1024K, 60 young (61440K), 3 survivors (3072K)
 Metaspace       used 86003K, capacity 92565K, committed 92748K, reserved 1128448K
  class space    used 11722K, capacity 12871K, committed 12928K, reserved 1048576K
}
Event: 3068.811 GC heap after
{Heap after GC invocations=299 (full 9):
 garbage-first heap   total 318464K, used 125881K [0x0000000700000000, 0x00000007001009b8, 0x00000007c0000000)
  region size 1024K, 3 young (3072K), 3 survivors (3072K)
 Metaspace       used 86003K, capacity 92565K, committed 92748K, reserved 1128448K
  class space    used 11722K, capacity 12871K, committed 12928K, reserved 1048576K
}
Event: 3068.943 GC heap before
{Heap before GC invocations=299 (full 9):
 garbage-first heap   total 318464K, used 184249K [0x0000000700000000, 0x00000007001009b8, 0x00000007c0000000)
  region size 1024K, 60 young (61440K), 3 survivors (3072K)
 Metaspace       used 86007K, capacity 92565K, committed 92748K, reserved 1128448K
  class space    used 11723K, capacity 12871K, committed 12928K, reserved 1048576K
}
Event: 3068.956 GC heap after
{Heap after GC invocations=300 (full 9):
 garbage-first heap   total 318464K, used 125238K [0x0000000700000000, 0x00000007001009b8, 0x00000007c0000000)
  region size 1024K, 2 young (2048K), 2 survivors (2048K)
 Metaspace       used 86007K, capacity 92565K, committed 92748K, reserved 1128448K
  class space    used 11723K, capacity 12871K, committed 12928K, reserved 1048576K
}
Event: 3072.710 GC heap before
{Heap before GC invocations=300 (full 9):
 garbage-first heap   total 318464K, used 184630K [0x0000000700000000, 0x00000007001009b8, 0x00000007c0000000)
  region size 1024K, 60 young (61440K), 2 survivors (2048K)
 Metaspace       used 86008K, capacity 92629K, committed 92748K, reserved 1128448K
  class space    used 11723K, capacity 12871K, committed 12928K, reserved 1048576K
}
Event: 3072.720 GC heap after
{Heap after GC invocations=301 (full 9):
 garbage-first heap   total 318464K, used 125350K [0x0000000700000000, 0x00000007001009b8, 0x00000007c0000000)
  region size 1024K, 2 young (2048K), 2 survivors (2048K)
 Metaspace       used 86008K, capacity 92629K, committed 92748K, reserved 1128448K
  class space    used 11723K, capacity 12871K, committed 12928K, reserved 1048576K
}
Event: 3085.690 GC heap before
{Heap before GC invocations=301 (full 9):
 garbage-first heap   total 318464K, used 184742K [0x0000000700000000, 0x00000007001009b8, 0x00000007c0000000)
  region size 1024K, 60 young (61440K), 2 survivors (2048K)
 Metaspace       used 86093K, capacity 92725K, committed 93004K, reserved 1130496K
  class space    used 11738K, capacity 12903K, committed 12928K, reserved 1048576K
}
Event: 3085.705 GC heap after
{Heap after GC invocations=302 (full 9):
 garbage-first heap   total 318464K, used 126225K [0x0000000700000000, 0x00000007001009b8, 0x00000007c0000000)
  region size 1024K, 3 young (3072K), 3 survivors (3072K)
 Metaspace       used 86093K, capacity 92725K, committed 93004K, reserved 1130496K
  class space    used 11738K, capacity 12903K, committed 12928K, reserved 1048576K
}

Deoptimization events (10 events):
Event: 3068.702 Thread 0x000001f4e14ba000 Uncommon trap: reason=bimorphic_or_optimized_type_check action=maybe_recompile pc=0x000001f4f4147790 method=ui.views.x.b.d.fPo()Lui/views/x/b/al; @ 1 c2
Event: 3068.714 Thread 0x000001f4e14ba000 Uncommon trap: reason=unstable_if action=reinterpret pc=0x000001f4f414b41c method=java.awt.GridBagLayout.ArrangeGrid(Ljava/awt/Container;)V @ 858 c2
Event: 3069.018 Thread 0x000001f4e14ba000 Uncommon trap: reason=unstable_if action=reinterpret pc=0x000001f4f36d58c8 method=ui.utils.h.b.NC(Ljava/lang/String;)Ljava/lang/String; @ 4 c2
Event: 3083.929 Thread 0x000001f4e14ba000 Uncommon trap: reason=bimorphic_or_optimized_type_check action=maybe_recompile pc=0x000001f4f3a6dc8c method=javax.swing.text.html.parser.DocumentParser.handleStartTag(Ljavax/swing/text/html/parser/TagElement;)V @ 174 c2
Event: 3083.929 Thread 0x000001f4e14ba000 Uncommon trap: reason=bimorphic_or_optimized_type_check action=maybe_recompile pc=0x000001f4f3a6dc8c method=javax.swing.text.html.parser.DocumentParser.handleStartTag(Ljavax/swing/text/html/parser/TagElement;)V @ 174 c2
Event: 3083.929 Thread 0x000001f4e14ba000 Uncommon trap: reason=bimorphic_or_optimized_type_check action=maybe_recompile pc=0x000001f4f39f25f4 method=javax.swing.text.html.parser.DocumentParser.handleEndTag(Ljavax/swing/text/html/parser/TagElement;)V @ 139 c2
Event: 3083.929 Thread 0x000001f4e14ba000 Uncommon trap: reason=bimorphic_or_optimized_type_check action=maybe_recompile pc=0x000001f4f3a6dc8c method=javax.swing.text.html.parser.DocumentParser.handleStartTag(Ljavax/swing/text/html/parser/TagElement;)V @ 174 c2
Event: 3083.930 Thread 0x000001f4e14ba000 Uncommon trap: reason=bimorphic_or_optimized_type_check action=maybe_recompile pc=0x000001f4f39f25f4 method=javax.swing.text.html.parser.DocumentParser.handleEndTag(Ljavax/swing/text/html/parser/TagElement;)V @ 139 c2
Event: 3083.930 Thread 0x000001f4e14ba000 Uncommon trap: reason=bimorphic_or_optimized_type_check action=maybe_recompile pc=0x000001f4f39f25f4 method=javax.swing.text.html.parser.DocumentParser.handleEndTag(Ljavax/swing/text/html/parser/TagElement;)V @ 139 c2
Event: 3083.930 Thread 0x000001f4e14ba000 Uncommon trap: reason=bimorphic_or_optimized_type_check action=maybe_recompile pc=0x000001f4f3e7d828 method=javax.swing.text.html.parser.DocumentParser.parse(Ljava/io/Reader;Ljavax/swing/text/html/HTMLEditorKit$ParserCallback;Z)V @ 20 c2

Classes redefined (0 events):
No events

Internal exceptions (10 events):
Event: 3039.886 Thread 0x000001f4e14ba000 Exception <a 'sun/nio/fs/WindowsException'{0x0000000711629448}> (0x0000000711629448) thrown at [t:/workspace/hotspot/src/share/vm/prims/jni.cpp, line 604]
Event: 3040.056 Thread 0x000001f4e14ba000 Exception <a 'sun/nio/fs/WindowsException'{0x0000000711194fe0}> (0x0000000711194fe0) thrown at [t:/workspace/hotspot/src/share/vm/prims/jni.cpp, line 604]
Event: 3040.056 Thread 0x000001f4e14ba000 Exception <a 'sun/nio/fs/WindowsException'{0x0000000711195310}> (0x0000000711195310) thrown at [t:/workspace/hotspot/src/share/vm/prims/jni.cpp, line 604]
Event: 3040.362 Thread 0x000001f4e14ba000 Exception <a 'sun/nio/fs/WindowsException'{0x0000000710628950}> (0x0000000710628950) thrown at [t:/workspace/hotspot/src/share/vm/prims/jni.cpp, line 604]
Event: 3040.362 Thread 0x000001f4e14ba000 Exception <a 'sun/nio/fs/WindowsException'{0x0000000710628c80}> (0x0000000710628c80) thrown at [t:/workspace/hotspot/src/share/vm/prims/jni.cpp, line 604]
Event: 3055.712 Thread 0x000001f4e14ba000 Implicit null exception at 0x000001f4f3be09f4 to 0x000001f4f3be0c7d
Event: 3068.676 Thread 0x000001f4e14ba000 Exception <a 'java/lang/NoSuchMethodError'{0x0000000710a2ced0}: java.lang.invoke.DirectMethodHandle$Holder.invokeSpecial(Ljava/lang/Object;Ljava/lang/Object;IILjava/lang/Object;ILjava/lang/Object;Ljava/lang/Object;)Ljava/lang/Object;> (0x0000000710a2ced0)
Event: 3068.676 Thread 0x000001f4e14ba000 Exception <a 'java/lang/NoSuchMethodError'{0x0000000710a30598}: java.lang.invoke.DelegatingMethodHandle$Holder.reinvoke_L(Ljava/lang/Object;IILjava/lang/Object;ILjava/lang/Object;Ljava/lang/Object;)Ljava/lang/Object;> (0x0000000710a30598) thrown at [t:/wo
Event: 3068.678 Thread 0x000001f4e14ba000 Exception <a 'java/lang/NoSuchMethodError'{0x0000000710a55fe8}: java.lang.invoke.DirectMethodHandle$Holder.invokeSpecial(Ljava/lang/Object;Ljava/lang/Object;Ljava/lang/Object;ILjava/lang/Object;Ljava/lang/Object;)Ljava/lang/Object;> (0x0000000710a55fe8) t
Event: 3069.739 Thread 0x000001f49fd8f800 Exception <a 'java/lang/InterruptedException'{0x0000000710eb10f0}: sleep interrupted> (0x0000000710eb10f0) thrown at [t:/workspace/hotspot/src/share/vm/prims/jvm.cpp, line 2984]

Events (10 events):
Event: 3085.404 Executing VM operation: RevokeBias done
Event: 3085.404 Thread 0x000001f49fd96000 Thread exited: 0x000001f49fd96000
Event: 3085.640 Thread 0x000001f49fd96000 Thread added: 0x000001f49fd96000
Event: 3085.657 Thread 0x000001f49fd96000 Thread exited: 0x000001f49fd96000
Event: 3085.690 Executing VM operation: G1IncCollectionPause
Event: 3085.705 Executing VM operation: G1IncCollectionPause done
Event: 3086.640 Thread 0x000001f49fd96000 Thread added: 0x000001f49fd96000
Event: 3086.651 Thread 0x000001f49fd96000 Thread exited: 0x000001f49fd96000
Event: 3087.641 Thread 0x000001f49fd96000 Thread added: 0x000001f49fd96000
Event: 3087.652 Thread 0x000001f49fd96000 Thread exited: 0x000001f49fd96000


Dynamic libraries:
0x00007ff6a22d0000 - 0x00007ff6a2300000 	D:\Vivado\Vivado\2019.1\bin\unwrapped\win64.o\vivado.exe
0x00007ffa68740000 - 0x00007ffa68947000 	C:\WINDOWS\SYSTEM32\ntdll.dll
0x00007ffa66960000 - 0x00007ffa66a1d000 	C:\WINDOWS\System32\KERNEL32.DLL
0x00007ffa65e50000 - 0x00007ffa661c4000 	C:\WINDOWS\System32\KERNELBASE.dll
0x00007ffa65d30000 - 0x00007ffa65e41000 	C:\WINDOWS\System32\ucrtbase.dll
0x00007ffa42d90000 - 0x00007ffa42e1d000 	C:\WINDOWS\SYSTEM32\MSVCP140.dll
0x00007ffa42d70000 - 0x00007ffa42d8b000 	C:\WINDOWS\SYSTEM32\VCRUNTIME140.dll
0x00007ffa47a60000 - 0x00007ffa47a6c000 	C:\WINDOWS\SYSTEM32\VCRUNTIME140_1.dll
0x00007ffa0eed0000 - 0x00007ffa0eee4000 	D:\Vivado\Vivado\2019.1\lib\win64.o\libboost_signals.dll
0x00007ffa0b180000 - 0x00007ffa0b194000 	D:\Vivado\Vivado\2019.1\lib\win64.o\librdi_commonmain.dll
0x00007ff9e4af0000 - 0x00007ff9e59d2000 	D:\Vivado\Vivado\2019.1\lib\win64.o\librdi_common.dll
0x00007ffa674c0000 - 0x00007ffa6766c000 	C:\WINDOWS\System32\USER32.dll
0x00007ffa66250000 - 0x00007ffa66276000 	C:\WINDOWS\System32\win32u.dll
0x00007ffa68330000 - 0x00007ffa68359000 	C:\WINDOWS\System32\GDI32.dll
0x00007ffa663f0000 - 0x00007ffa66502000 	C:\WINDOWS\System32\gdi32full.dll
0x00007ffa65c20000 - 0x00007ffa65cbd000 	C:\WINDOWS\System32\msvcp_win.dll
0x00007ffa683e0000 - 0x00007ffa6848c000 	C:\WINDOWS\System32\ADVAPI32.dll
0x00007ffa67670000 - 0x00007ffa67713000 	C:\WINDOWS\System32\msvcrt.dll
0x00007ffa679b0000 - 0x00007ffa67a4d000 	C:\WINDOWS\System32\sechost.dll
0x00007ffa67390000 - 0x00007ffa674b1000 	C:\WINDOWS\System32\RPCRT4.dll
0x00007ffa66be0000 - 0x00007ffa6738e000 	C:\WINDOWS\System32\SHELL32.dll
0x00007ffa0b150000 - 0x00007ffa0b176000 	D:\Vivado\Vivado\2019.1\lib\win64.o\libboost_filesystem.dll
0x00007ffa1e5c0000 - 0x00007ffa1e5ca000 	D:\Vivado\Vivado\2019.1\lib\win64.o\librdi_commonversion.dll
0x00007ffa0b020000 - 0x00007ffa0b141000 	D:\Vivado\Vivado\2019.1\lib\win64.o\librdi_commonxillic.dll
0x000000006e260000 - 0x000000006e38b000 	D:\Vivado\Vivado\2019.1\lib\win64.o\tcl85t.dll
0x00007ffa685d0000 - 0x00007ffa6863f000 	C:\WINDOWS\System32\WS2_32.dll
0x00007ffa0b000000 - 0x00007ffa0b014000 	D:\Vivado\Vivado\2019.1\lib\win64.o\libboost_date_time.dll
0x00007ffa0ac90000 - 0x00007ffa0affe000 	D:\Vivado\Vivado\2019.1\lib\win64.o\libCOIN-all.dll
0x00007ffa0ac10000 - 0x00007ffa0ac8f000 	D:\Vivado\Vivado\2019.1\lib\win64.o\libboost_program_options.dll
0x00007ffa0eec0000 - 0x00007ffa0eecb000 	D:\Vivado\Vivado\2019.1\lib\win64.o\libboost_system.dll
0x00007ffa0aaf0000 - 0x00007ffa0ac04000 	D:\Vivado\Vivado\2019.1\lib\win64.o\libboost_regex.dll
0x00007ffa0aac0000 - 0x00007ffa0aae1000 	D:\Vivado\Vivado\2019.1\lib\win64.o\libboost_thread.dll
0x00007ffa0ebd0000 - 0x00007ffa0ebdf000 	D:\Vivado\Vivado\2019.1\lib\win64.o\libboost_xilinx.dll
0x00007ffa0aa30000 - 0x00007ffa0aab2000 	D:\Vivado\Vivado\2019.1\lib\win64.o\libhdlpsolve.dll
0x00007ffa0a980000 - 0x00007ffa0aa25000 	D:\Vivado\Vivado\2019.1\lib\win64.o\libhdxml.dll
0x00007ffa0a950000 - 0x00007ffa0a97e000 	D:\Vivado\Vivado\2019.1\lib\win64.o\libisl_sysinfo.dll
0x00007ffa0a930000 - 0x00007ffa0a94a000 	D:\Vivado\Vivado\2019.1\lib\win64.o\pthreadVC2.dll
0x00007ffa0a8c0000 - 0x00007ffa0a925000 	D:\Vivado\Vivado\2019.1\lib\win64.o\liblmx6.0.dll
0x00007ffa0a8a0000 - 0x00007ffa0a8bc000 	D:\Vivado\Vivado\2019.1\lib\win64.o\librdiconfig.dll
0x00007ffa0a870000 - 0x00007ffa0a891000 	D:\Vivado\Vivado\2019.1\lib\win64.o\librdizlib.dll
0x00007ffa52690000 - 0x00007ffa526a8000 	C:\WINDOWS\SYSTEM32\NETAPI32.dll
0x00007ffa52170000 - 0x00007ffa5266a000 	C:\WINDOWS\SYSTEM32\WININET.dll
0x00007ffa5fb00000 - 0x00007ffa5fc0c000 	C:\WINDOWS\SYSTEM32\WINHTTP.dll
0x00007ffa5f8f0000 - 0x00007ffa5fade000 	C:\WINDOWS\SYSTEM32\urlmon.dll
0x0000000012000000 - 0x0000000012270000 	D:\Vivado\Vivado\2019.1\lib\win64.o\xerces-c_3_1.dll
0x00007ff9e3c50000 - 0x00007ff9e4ae1000 	D:\Vivado\Vivado\2019.1\lib\win64.o\gurobi65.dll
0x00007ffa4cc00000 - 0x00007ffa4cc09000 	C:\WINDOWS\SYSTEM32\WSOCK32.dll
0x00007ffa0a840000 - 0x00007ffa0a86e000 	C:\WINDOWS\SYSTEM32\VCOMP140.DLL
0x00007ffa0a560000 - 0x00007ffa0a838000 	D:\Vivado\Vivado\2019.1\lib\win64.o\libXil_lmgr11.dll
0x00007ffa67c10000 - 0x00007ffa67cfc000 	C:\WINDOWS\System32\COMDLG32.dll
0x00007ffa665e0000 - 0x00007ffa66958000 	C:\WINDOWS\System32\combase.dll
0x00007ffa68240000 - 0x00007ffa6832a000 	C:\WINDOWS\System32\shcore.dll
0x00007ffa67d00000 - 0x00007ffa67d5d000 	C:\WINDOWS\System32\SHLWAPI.dll
0x00007ffa68490000 - 0x00007ffa68566000 	C:\WINDOWS\System32\OLEAUT32.dll
0x00007ffa67780000 - 0x00007ffa6791a000 	C:\WINDOWS\System32\ole32.dll
0x00007ffa65cc0000 - 0x00007ffa65d26000 	C:\WINDOWS\System32\WINTRUST.dll
0x00007ffa66280000 - 0x00007ffa663e2000 	C:\WINDOWS\System32\CRYPT32.dll
0x00007ffa5f5b0000 - 0x00007ffa5f862000 	C:\WINDOWS\SYSTEM32\iertutil.dll
0x00007ffa5f870000 - 0x00007ffa5f898000 	C:\WINDOWS\SYSTEM32\srvcli.dll
0x00007ffa64830000 - 0x00007ffa6483c000 	C:\WINDOWS\SYSTEM32\netutils.dll
0x00007ffa54810000 - 0x00007ffa548c2000 	C:\WINDOWS\WinSxS\amd64_microsoft.windows.common-controls_6595b64144ccf1df_5.82.22000.1_none_271a8fad6a2d1b1e\COMCTL32.dll
0x00007ffa5ffe0000 - 0x00007ffa5fffe000 	C:\WINDOWS\SYSTEM32\dhcpcsvc.DLL
0x00007ffa0a550000 - 0x00007ffa0a55d000 	D:\Vivado\Vivado\2019.1\lib\win64.o\libboost_chrono.dll
0x00007ff9e30a0000 - 0x00007ff9e3c4f400 	D:\Vivado\Vivado\2019.1\lib\win64.o\libisl_iostreams.dll
0x00007ffa0a520000 - 0x00007ffa0a545000 	D:\Vivado\Vivado\2019.1\lib\win64.o\libisl_iosutils.dll
0x00007ffa0a500000 - 0x00007ffa0a51b000 	D:\Vivado\Vivado\2019.1\lib\win64.o\libboost_iostreams.dll
0x00007ffa68570000 - 0x00007ffa685a1000 	C:\WINDOWS\System32\IMM32.DLL
0x00007ffa654e0000 - 0x00007ffa654f2000 	C:\WINDOWS\SYSTEM32\MSASN1.dll
0x00007ffa64d70000 - 0x00007ffa64d88000 	C:\WINDOWS\SYSTEM32\kernel.appcore.dll
0x00007ff9e2b80000 - 0x00007ff9e3097000 	D:\Vivado\Vivado\2019.1\lib\win64.o\librdi_commontasks.dll
0x00007ffa60560000 - 0x00007ffa6056a000 	C:\WINDOWS\SYSTEM32\VERSION.dll
0x00007ff9e28f0000 - 0x00007ff9e2b76000 	D:\Vivado\Vivado\2019.1\lib\win64.o\librdi_sio.dll
0x00007ffa64840000 - 0x00007ffa6486d000 	C:\WINDOWS\SYSTEM32\IPHLPAPI.DLL
0x000000006c2b0000 - 0x000000006ccd5000 	D:\Vivado\Vivado\2019.1\tps\win64\jre9.0.4\bin\server\jvm.dll
0x00007ffa67920000 - 0x00007ffa67928000 	C:\WINDOWS\System32\PSAPI.DLL
0x00007ffa60520000 - 0x00007ffa60553000 	C:\WINDOWS\SYSTEM32\WINMM.dll
0x00007ffa0b250000 - 0x00007ffa0b33f000 	C:\WINDOWS\SYSTEM32\MSVCR120.dll
0x00007ffa651b0000 - 0x00007ffa65217000 	C:\WINDOWS\SYSTEM32\MSWSOCK.DLL
0x00007ffa63d80000 - 0x00007ffa645e7000 	C:\WINDOWS\SYSTEM32\windows.storage.dll
0x00007ffa63c10000 - 0x00007ffa63d76000 	C:\WINDOWS\SYSTEM32\wintypes.dll
0x00007ff9e01f0000 - 0x00007ff9e26ac000 	D:\Vivado\Vivado\2019.1\lib\win64.o\librdi_tcltasks.dll
0x00007ffa0a180000 - 0x00007ffa0a1f8000 	D:\Vivado\Vivado\2019.1\lib\win64.o\librdi_boarddep.dll
0x00007ffa09d10000 - 0x00007ffa09ea1000 	D:\Vivado\Vivado\2019.1\lib\win64.o\librdi_board.dll
0x00007ff9ecdf0000 - 0x00007ff9ecedb000 	D:\Vivado\Vivado\2019.1\lib\win64.o\librdi_chipscope.dll
0x00007ff9e0090000 - 0x00007ff9e01e6000 	D:\Vivado\Vivado\2019.1\lib\win64.o\librdi_containers.dll
0x00007ff9dfc80000 - 0x00007ff9e0088000 	D:\Vivado\Vivado\2019.1\lib\win64.o\librdi_bitstream.dll
0x00007ff9dfac0000 - 0x00007ff9dfc7d000 	D:\Vivado\Vivado\2019.1\lib\win64.o\librdi_chipscopeimpl.dll
0x00007ff9de0d0000 - 0x00007ff9dfaba000 	D:\Vivado\Vivado\2019.1\lib\win64.o\librdi_constraints.dll
0x00007ff9dd9f0000 - 0x00007ff9de0ca000 	D:\Vivado\Vivado\2019.1\lib\win64.o\librdi_coregenipxact.dll
0x00007ff9dbb30000 - 0x00007ff9dd9e1000 	D:\Vivado\Vivado\2019.1\lib\win64.o\librdi_coregen.dll
0x00007ff9db590000 - 0x00007ff9dbb2a000 	D:\Vivado\Vivado\2019.1\lib\win64.o\librdi_drc.dll
0x00007ff9d7540000 - 0x00007ff9db583000 	D:\Vivado\Vivado\2019.1\lib\win64.o\librdi_designutils.dll
0x00007ff9c5110000 - 0x00007ff9d753c000 	D:\Vivado\Vivado\2019.1\lib\win64.o\librdi_device.dll
0x00007ff9c4df0000 - 0x00007ff9c510e000 	D:\Vivado\Vivado\2019.1\lib\win64.o\librdi_dlyest.dll
0x00007ff9c4d20000 - 0x00007ff9c4de4000 	D:\Vivado\Vivado\2019.1\lib\win64.o\librdi_dsp.dll
0x00007ff9c4a30000 - 0x00007ff9c4d13000 	D:\Vivado\Vivado\2019.1\lib\win64.o\librdi_guitools.dll
0x00007ffa09bc0000 - 0x00007ffa09c25000 	D:\Vivado\Vivado\2019.1\lib\win64.o\librdi_hdf.dll
0x00007ff9c43e0000 - 0x00007ff9c4a2d000 	D:\Vivado\Vivado\2019.1\lib\win64.o\librdi_filemgmt.dll
0x00007ff9c2e20000 - 0x00007ff9c43e0000 	D:\Vivado\Vivado\2019.1\lib\win64.o\librdi_implflow.dll
0x00007ff9c2800000 - 0x00007ff9c2e15000 	D:\Vivado\Vivado\2019.1\lib\win64.o\librdi_memdata.dll
0x00007ff9ecaf0000 - 0x00007ff9ecb63000 	D:\Vivado\Vivado\2019.1\lib\win64.o\librdi_memoryarray.dll
0x00007ff9bfb10000 - 0x00007ff9c27f6000 	D:\Vivado\Vivado\2019.1\lib\win64.o\librdi_mig.dll
0x00007ff9bf460000 - 0x00007ff9bfb02000 	D:\Vivado\Vivado\2019.1\lib\win64.o\librdi_netlist.dll
0x00007ffa0a0c0000 - 0x00007ffa0a10b000 	D:\Vivado\Vivado\2019.1\lib\win64.o\librdi_pfi.dll
0x00007ff9bf150000 - 0x00007ff9bf45f000 	D:\Vivado\Vivado\2019.1\lib\win64.o\librdi_platform.dll
0x00007ff9bea00000 - 0x00007ff9bf14a000 	D:\Vivado\Vivado\2019.1\lib\win64.o\librdi_power.dll
0x00007ff9be2f0000 - 0x00007ff9be9f9000 	D:\Vivado\Vivado\2019.1\lib\win64.o\librdi_psta.dll
0x00007ff9bbc70000 - 0x00007ff9be2e6000 	D:\Vivado\Vivado\2019.1\lib\win64.o\librdi_place.dll
0x00007ff9bb6f0000 - 0x00007ff9bbc6f000 	D:\Vivado\Vivado\2019.1\lib\win64.o\librdi_project.dll
0x00007ff9ba5e0000 - 0x00007ff9ba9d1000 	D:\Vivado\Vivado\2019.1\lib\win64.o\librdi_runs.dll
0x00007ff9ba4e0000 - 0x00007ff9ba5da000 	D:\Vivado\Vivado\2019.1\lib\win64.o\librdi_runsbase.dll
0x00007ff9b9dd0000 - 0x00007ff9ba4d6000 	D:\Vivado\Vivado\2019.1\lib\win64.o\librdi_rsb.dll
0x00007ff9b9b70000 - 0x00007ff9b9dc6000 	D:\Vivado\Vivado\2019.1\lib\win64.o\librdi_simdata.dll
0x00007ff9b8d50000 - 0x00007ff9b9b61000 	D:\Vivado\Vivado\2019.1\lib\win64.o\librdi_timing.dll
0x00007ff9b8bd0000 - 0x00007ff9b8d42000 	D:\Vivado\Vivado\2019.1\lib\win64.o\librdi_advchipscopeimpl.dll
0x00007ffa098b0000 - 0x00007ffa098fc000 	D:\Vivado\Vivado\2019.1\lib\win64.o\libboost_serialization.dll
0x00007ff9b8b00000 - 0x00007ff9b8bc2000 	D:\Vivado\Vivado\2019.1\lib\win64.o\librdi_ipconfig_readwrite.dll
0x00007ff9b8960000 - 0x00007ff9b8aff000 	D:\Vivado\Vivado\2019.1\lib\win64.o\librdi_hip_devdesign.dll
0x00007ff9b8910000 - 0x00007ff9b8953000 	D:\Vivado\Vivado\2019.1\lib\win64.o\librdi_noc_frameworks.dll
0x00007ff9b8470000 - 0x00007ff9b8855000 	D:\Vivado\Vivado\2019.1\lib\win64.o\librdi_hip_config.dll
0x00007ff9b7920000 - 0x00007ff9b8467000 	D:\Vivado\Vivado\2019.1\lib\win64.o\libverific.dll
0x00007ff9b73d0000 - 0x00007ff9b791e000 	D:\Vivado\Vivado\2019.1\lib\win64.o\librdi_xdm.dll
0x00007ffa06c00000 - 0x00007ffa06c40000 	D:\Vivado\Vivado\2019.1\lib\win64.o\librdi_wavedata_SimpleApi.dll
0x00007ff9b7330000 - 0x00007ff9b73ce000 	D:\Vivado\Vivado\2019.1\lib\win64.o\libise.dll
0x00007ff9b6d30000 - 0x00007ff9b732c000 	D:\Vivado\Vivado\2019.1\lib\win64.o\librdi_wavedata.dll
0x00007ff9b6cf0000 - 0x00007ff9b6d2f000 	D:\Vivado\Vivado\2019.1\lib\win64.o\librdi_schedmon.dll
0x00007ff9b5b60000 - 0x00007ff9b6ced000 	D:\Vivado\Vivado\2019.1\lib\win64.o\librdi_route.dll
0x00007ff9b3b90000 - 0x00007ff9b5b5d000 	D:\Vivado\Vivado\2019.1\lib\win64.o\librdi_synth.dll

VM Arguments:
jvm_args: -Dsun.java2d.pmoffscreen=false -Dsun.java2d.xrender=false -Dsun.java2d.d3d=false -Dsun.awt.nopixfmt=true -Dsun.java2d.dpiaware=true -Dsun.java2d.uiScale.enabled=false -Xverify:none -Dswing.aatext=true -XX:-UsePerfData -Djdk.map.althashing.threshold=512 -XX:StringTableSize=4072 --add-opens=java.base/java.nio=ALL-UNNAMED --add-opens=java.desktop/sun.swing=ALL-UNNAMED --add-opens=java.desktop/javax.swing=ALL-UNNAMED --add-opens=java.desktop/javax.swing.tree=ALL-UNNAMED --add-opens=java.desktop/javax.swing.plaf.basic=ALL-UNNAMED --add-opens=java.desktop/javax.swing.plaf.synth=ALL-UNNAMED --add-opens=java.desktop/com.sun.awt=ALL-UNNAMED -XX:NewSize=60m -XX:MaxNewSize=60m -Xms128m -Xmx3072m -Xss5m 
java_command: <unknown>
java_class_path (initial): D:/Vivado/Vivado/2019.1\lib\classes\alloy.jar;D:/Vivado/Vivado/2019.1\lib\classes\autopilot.scelaborator.jar;D:/Vivado/Vivado/2019.1\lib\classes\autopilot.sourceprocessor.jar;D:/Vivado/Vivado/2019.1\lib\classes\autopilot.tbprocessor.jar;D:/Vivado/Vivado/2019.1\lib\classes\batik-anim.jar;D:/Vivado/Vivado/2019.1\lib\classes\batik-awt-util.jar;D:/Vivado/Vivado/2019.1\lib\classes\batik-bridge.jar;D:/Vivado/Vivado/2019.1\lib\classes\batik-codec.jar;D:/Vivado/Vivado/2019.1\lib\classes\batik-css.jar;D:/Vivado/Vivado/2019.1\lib\classes\batik-dom.jar;D:/Vivado/Vivado/2019.1\lib\classes\batik-ext.jar;D:/Vivado/Vivado/2019.1\lib\classes\batik-gui-util.jar;D:/Vivado/Vivado/2019.1\lib\classes\batik-gvt.jar;D:/Vivado/Vivado/2019.1\lib\classes\batik-parser.jar;D:/Vivado/Vivado/2019.1\lib\classes\batik-script.jar;D:/Vivado/Vivado/2019.1\lib\classes\batik-svg-dom.jar;D:/Vivado/Vivado/2019.1\lib\classes\batik-swing.jar;D:/Vivado/Vivado/2019.1\lib\classes\batik-transcoder.jar;D:/Vivado/Vivado/2019.1\lib\classes\batik-util.jar;D:/Vivado/Vivado/2019.1\lib\classes\batik-xml.jar;D:/Vivado/Vivado/2019.1\lib\classes\com.google.gson_2.7.0.v20170129-0911.jar;D:/Vivado/Vivado/2019.1\lib\classes\com.google.guava_21.0.0.v20170206-1425.jar;D:/Vivado/Vivado/2019.1\lib\classes\com.google.inject_3.0.0.v201605172100.jar;D:/Vivado/Vivado/2019.1\lib\classes\com.ibm.icu_4.4.2.v20110208.jar;D:/Vivado/Vivado/2019.1\lib\classes\com.sigasi.hdt.annotations.runtime_4.3.0.201903071210.jar;D:/Vivado/Vivado/2019.1\lib\classes\com.sigasi.hdt.blockdiagram.model_4.3.0.201903071210.jar;D:/Vivado/Vivado/2019.1\lib\classes\com.sigasi.hdt.connection_4.3.0.201903071210.jar;D:/Vivado/Vivado/2019.1\lib\classes\com.sigasi.hdt.dependencies.model_4.3.0.201903071210.jar;D:/Vivado/Vivado/2019.1\lib\classes\com.sigasi.hdt.epl_4.3.0.201903071210.jar;D:/Vivado/Vivado/2019.1\lib\classes\com.sigasi.hdt.graphics.model_4.3.0.201903071210.jar;D:/Vivado/Vivado/2019.1\lib\classes\com.sigasi.hdt.project_4.3.0
Launcher Type: generic

Logging:
Log output configuration:
#0: stdout all=warning uptime,level,tags
#1: stderr all=off uptime,level,tags

Environment Variables:
PATH=D:/Vivado/Vivado/2019.1/bin;D:/Vivado/Vivado/2019.1/lib/win64.o;D:/Vivado/Vivado/2019.1/tps/win64/jre9.0.4/bin/server;D:/Vivado/Vivado/2019.1/tps/win64/jre9.0.4/bin;D:/Vivado/SDK/2019.1/bin;D:/Vivado/Vivado/2019.1/ids_lite/ISE/bin/nt64;D:/Vivado/Vivado/2019.1/ids_lite/ISE/lib/nt64;C:\msys64\mingw64\bin;C:\MinGW\bin;C:\Program Files\Java\jdk-17.0.1\bin;C:\Program Files\Common Files\Oracle\Java\javapath;C:\Program Files\AdoptOpenJDK\jdk-15.0.2.7-hotspot\bin;C:\Program Files (x86)\Common Files\Oracle\Java\javapath;C:\Windows\system32;C:\Windows;C:\Windows\System32\Wbem;C:\Windows\System32\WindowsPowerShell\v1.0\;C:\Windows\System32\OpenSSH\;C:\Program Files (x86)\NVIDIA Corporation\PhysX\Common;C:\Program Files\NVIDIA Corporation\NVIDIA NvDLISR;C:\Program Files\dotnet\;D:\Matlab 2021\runtime\win64;D:\Matlab 2021\bin;C:\Program Files\Git\cmd;C:\Program Files\LLVM\bin;C:\Program Files\PowerShell\7\;C:\Users\moham\AppData\Local\Programs\Microsoft VS Code\bin;D:/Vivado/Vivado/2019.1\tps\mingw\6.2.0\win64.o\nt\bin;D:/Vivado/Vivado/2019.1\tps\mingw\6.2.0\win64.o\nt\libexec\gcc\x86_64-w64-mingw32\6.2.0;D:/Vivado/Vivado/2019.1\tps\win64\python-2.7.5;D:/Vivado/Vivado/2019.1\tps\win64\python-2.7.5\lib;D:/Vivado/Vivado/2019.1\tps\win64\python-2.7.5\Lib\lib-tk;D:/Vivado/Vivado/2019.1\tps\win64\python-2.7.5\lib\site-packages
USERNAME=shariq20220
OS=Windows_NT
PROCESSOR_IDENTIFIER=AMD64 Family 23 Model 24 Stepping 1, AuthenticAMD



---------------  S Y S T E M  ---------------

OS: Windows 10 , 64 bit Build 22000 (10.0.22000.318)

CPU:total 8 (initial active 8) (8 cores per cpu, 1 threads per core) family 23 model 24 stepping 1, cmov, cx8, fxsr, mmx, sse, sse2, sse3, ssse3, sse4.1, sse4.2, popcnt, avx, avx2, aes, clmul, mmxext, 3dnowpref, lzcnt, sse4a, tsc, tscinvbit, tscinv, bmi1

Memory: 4k page, physical 23004172k(9826124k free), swap 39388172k(20065532k free)

vm_info: Java HotSpot(TM) 64-Bit Server VM (9.0.4+11) for windows-amd64 JRE (9.0.4+11), built on Dec 20 2017 02:18:54 by "mach5one" with MS VC++ 12.0 (VS2013)

END.
