20:05:59 INFO  : Registering command handlers for SDK TCF services
20:06:00 INFO  : Launching XSCT server: xsct.bat -interactive D:\IIITD\ELD_LABs\LAB_11\PS_PL_8FTT\PS_PL_8FTT.sdk\temp_xsdb_launch_script.tcl
20:06:04 INFO  : XSCT server has started successfully.
20:06:10 INFO  : Successfully done setting XSCT server connection channel  
20:06:10 INFO  : Processing command line option -hwspec D:/IIITD/ELD_LABs/LAB_11/PS_PL_8FTT/PS_PL_8FTT.sdk/design_1_wrapper.hdf.
20:06:10 INFO  : Successfully done setting SDK workspace  
20:19:28 INFO  : Refreshed build settings on project PSL_PL_FFT_DMA
20:20:08 INFO  : No changes in MSS file content so not generating sources.
20:20:19 ERROR : Failed to closesw "D:/IIITD/ELD_LABs/LAB_11/PS_PL_8FTT/PS_PL_8FTT.sdk/PSL_PL_FFT_DMA_bsp/system.mss"
Reason: Cannot close sw design 'D:/IIITD/ELD_LABs/LAB_11/PS_PL_8FTT/PS_PL_8FTT.sdk/PSL_PL_FFT_DMA_bsp/system.mss'.
Design is not opened in the current session.


21:24:57 INFO  : Connected through redirection to target on host '192.168.33.154' and port '3121'.
21:24:57 INFO  : Jtag cable 'Digilent Zybo Z7 210351A7817DA' is selected.
21:24:57 INFO  : 'jtag frequency' command is executed.
21:24:57 INFO  : Sourcing of 'D:/IIITD/ELD_LABs/LAB_11/PS_PL_8FTT/PS_PL_8FTT.sdk/design_1_wrapper_hw_platform_0/ps7_init.tcl' is done.
21:24:57 INFO  : Context for 'APU' is selected.
21:24:57 ERROR : AP transaction error, DAP status f0000021
21:24:57 INFO  : ----------------XSDB Script----------------
connect -path [list tcp::1534 tcp:192.168.33.154:3121]
source D:/IIITD/ELD_LABs/LAB_11/PS_PL_8FTT/PS_PL_8FTT.sdk/design_1_wrapper_hw_platform_0/ps7_init.tcl
targets -set -nocase -filter {name =~"APU*" && jtag_cable_name =~ "Digilent Zybo Z7 210351A7817DA"} -index 0
rst -system
after 3000
----------------End of Script----------------

21:25:31 INFO  : Connected through redirection to target on host '192.168.33.163' and port '3121'.
21:25:50 INFO  : ----------------XSDB Script----------------
connect -path [list tcp::1534 tcp:192.168.33.163:3121]
----------------End of Script----------------

21:25:59 INFO  : Connected through redirection to target on host '192.168.33.163' and port '3121'.
21:26:17 INFO  : ----------------XSDB Script----------------
connect -path [list tcp::1534 tcp:192.168.33.163:3121]
----------------End of Script----------------

21:26:55 INFO  : Connected through redirection to target on host '192.168.33.154' and port '3121'.
21:26:55 INFO  : Jtag cable 'Digilent Zybo Z7 210351A7817DA' is selected.
21:26:55 INFO  : 'jtag frequency' command is executed.
21:26:55 INFO  : Sourcing of 'D:/IIITD/ELD_LABs/LAB_11/PS_PL_8FTT/PS_PL_8FTT.sdk/design_1_wrapper_hw_platform_0/ps7_init.tcl' is done.
21:26:55 INFO  : Context for 'APU' is selected.
21:26:55 ERROR : AP transaction error, DAP status f0000021
21:26:55 INFO  : ----------------XSDB Script----------------
connect -path [list tcp::1534 tcp:192.168.33.154:3121]
source D:/IIITD/ELD_LABs/LAB_11/PS_PL_8FTT/PS_PL_8FTT.sdk/design_1_wrapper_hw_platform_0/ps7_init.tcl
targets -set -nocase -filter {name =~"APU*" && jtag_cable_name =~ "Digilent Zybo Z7 210351A7817DA"} -index 0
rst -system
after 3000
----------------End of Script----------------

21:27:51 INFO  : Connected through redirection to target on host '192.168.33.154' and port '3121'.
21:27:52 INFO  : Jtag cable 'Digilent Zybo Z7 210351A7817DA' is selected.
21:27:52 INFO  : 'jtag frequency' command is executed.
21:27:52 INFO  : Sourcing of 'D:/IIITD/ELD_LABs/LAB_11/PS_PL_8FTT/PS_PL_8FTT.sdk/design_1_wrapper_hw_platform_0/ps7_init.tcl' is done.
21:27:52 INFO  : Context for 'APU' is selected.
21:27:52 ERROR : AP transaction error, DAP status f0000021
21:27:52 INFO  : ----------------XSDB Script----------------
connect -path [list tcp::1534 tcp:192.168.33.154:3121]
source D:/IIITD/ELD_LABs/LAB_11/PS_PL_8FTT/PS_PL_8FTT.sdk/design_1_wrapper_hw_platform_0/ps7_init.tcl
targets -set -nocase -filter {name =~"APU*" && jtag_cable_name =~ "Digilent Zybo Z7 210351A7817DA"} -index 0
rst -system
after 3000
----------------End of Script----------------

21:28:26 INFO  : Connected through redirection to target on host '192.168.33.163' and port '3121'.
21:28:44 INFO  : ----------------XSDB Script----------------
connect -path [list tcp::1534 tcp:192.168.33.163:3121]
----------------End of Script----------------

21:31:27 INFO  : Connected through redirection to target on host '192.168.33.155' and port '3121'.
21:33:52 WARN  : Part name present in the hardware specification 'xc7z020clg484-1' doesn't match the one present on the target 'xc7z010'.
21:36:14 INFO  : Jtag cable 'Digilent Zybo Z7 210351A77B93A' is selected.
21:36:14 INFO  : 'jtag frequency' command is executed.
21:36:14 INFO  : Sourcing of 'D:/IIITD/ELD_LABs/LAB_11/PS_PL_8FTT/PS_PL_8FTT.sdk/ZC702_hw_platform/ps7_init.tcl' is done.
21:36:14 INFO  : Context for 'APU' is selected.
21:36:14 INFO  : Hardware design information is loaded from 'D:/IIITD/ELD_LABs/LAB_11/PS_PL_8FTT/PS_PL_8FTT.sdk/ZC702_hw_platform/system.dsa'.
21:36:14 INFO  : 'configparams force-mem-access 1' command is executed.
21:36:14 INFO  : Context for 'APU' is selected.
21:36:14 INFO  : 'stop' command is executed.
21:36:35 ERROR : 'ps7_init' is cancelled.
21:36:35 INFO  : ----------------XSDB Script----------------
connect -path [list tcp::1534 tcp:192.168.33.155:3121]
source D:/IIITD/ELD_LABs/LAB_11/PS_PL_8FTT/PS_PL_8FTT.sdk/ZC702_hw_platform/ps7_init.tcl
targets -set -nocase -filter {name =~"APU*" && jtag_cable_name =~ "Digilent Zybo Z7 210351A77B93A"} -index 0
loadhw -hw D:/IIITD/ELD_LABs/LAB_11/PS_PL_8FTT/PS_PL_8FTT.sdk/ZC702_hw_platform/system.dsa -mem-ranges [list {0x40000000 0xbfffffff}]
configparams force-mem-access 1
targets -set -nocase -filter {name =~"APU*" && jtag_cable_name =~ "Digilent Zybo Z7 210351A77B93A"} -index 0
stop
ps7_init
----------------End of Script----------------

21:36:35 INFO  : Issued abort command to xsdb.
21:38:25 INFO  : Connected through redirection to target on host '192.168.33.154' and port '3121'.
21:38:25 WARN  : Part name present in the hardware specification 'xc7z020clg484-1' doesn't match the one present on the target 'xc7z010'.
21:38:26 INFO  : Jtag cable 'Digilent Zybo Z7 210351A7817DA' is selected.
21:38:26 INFO  : 'jtag frequency' command is executed.
21:38:26 INFO  : Sourcing of 'D:/IIITD/ELD_LABs/LAB_11/PS_PL_8FTT/PS_PL_8FTT.sdk/ZC702_hw_platform/ps7_init.tcl' is done.
21:38:26 INFO  : Context for 'APU' is selected.
21:38:26 INFO  : Hardware design information is loaded from 'D:/IIITD/ELD_LABs/LAB_11/PS_PL_8FTT/PS_PL_8FTT.sdk/ZC702_hw_platform/system.dsa'.
21:38:26 INFO  : 'configparams force-mem-access 1' command is executed.
21:38:26 INFO  : Context for 'APU' is selected.
21:38:26 INFO  : 'stop' command is executed.
21:38:26 ERROR : AP transaction error, DAP status f0000021
21:38:26 INFO  : ----------------XSDB Script----------------
connect -path [list tcp::1534 tcp:192.168.33.154:3121]
source D:/IIITD/ELD_LABs/LAB_11/PS_PL_8FTT/PS_PL_8FTT.sdk/ZC702_hw_platform/ps7_init.tcl
targets -set -nocase -filter {name =~"APU*" && jtag_cable_name =~ "Digilent Zybo Z7 210351A7817DA"} -index 0
loadhw -hw D:/IIITD/ELD_LABs/LAB_11/PS_PL_8FTT/PS_PL_8FTT.sdk/ZC702_hw_platform/system.dsa -mem-ranges [list {0x40000000 0xbfffffff}]
configparams force-mem-access 1
targets -set -nocase -filter {name =~"APU*" && jtag_cable_name =~ "Digilent Zybo Z7 210351A7817DA"} -index 0
stop
ps7_init
----------------End of Script----------------

21:43:43 INFO  : Symbol server is running on the port '1534'.
21:45:20 INFO  : No changes in MSS file content so not generating sources.
21:47:05 INFO  : Connected through redirection to target on host '192.168.33.154' and port '3121'.
21:47:05 WARN  : Part name present in the hardware specification 'xc7z020clg484-1' doesn't match the one present on the target 'xc7z010'.
21:47:12 INFO  : Jtag cable 'Digilent Zybo Z7 210351A7817DA' is selected.
21:47:12 INFO  : 'jtag frequency' command is executed.
21:47:12 INFO  : Sourcing of 'D:/IIITD/ELD_LABs/LAB_11/PS_PL_8FTT/PS_PL_8FTT.sdk/ZC702_hw_platform/ps7_init.tcl' is done.
21:47:12 INFO  : Context for 'APU' is selected.
21:47:12 INFO  : Hardware design information is loaded from 'D:/IIITD/ELD_LABs/LAB_11/PS_PL_8FTT/PS_PL_8FTT.sdk/ZC702_hw_platform/system.dsa'.
21:47:12 INFO  : 'configparams force-mem-access 1' command is executed.
21:47:12 INFO  : Context for 'APU' is selected.
21:47:12 INFO  : 'stop' command is executed.
21:47:12 ERROR : AP transaction error, DAP status f0000021
21:47:12 INFO  : ----------------XSDB Script----------------
connect -path [list tcp::1534 tcp:192.168.33.154:3121]
source D:/IIITD/ELD_LABs/LAB_11/PS_PL_8FTT/PS_PL_8FTT.sdk/ZC702_hw_platform/ps7_init.tcl
targets -set -nocase -filter {name =~"APU*" && jtag_cable_name =~ "Digilent Zybo Z7 210351A7817DA"} -index 0
loadhw -hw D:/IIITD/ELD_LABs/LAB_11/PS_PL_8FTT/PS_PL_8FTT.sdk/ZC702_hw_platform/system.dsa -mem-ranges [list {0x40000000 0xbfffffff}]
configparams force-mem-access 1
targets -set -nocase -filter {name =~"APU*" && jtag_cable_name =~ "Digilent Zybo Z7 210351A7817DA"} -index 0
stop
ps7_init
----------------End of Script----------------

21:47:51 INFO  : Connected through redirection to target on host '192.168.33.154' and port '3121'.
21:47:51 WARN  : Part name present in the hardware specification 'xc7z020clg484-1' doesn't match the one present on the target 'xc7z010'.
21:47:52 INFO  : Jtag cable 'Digilent Zybo Z7 210351A7817DA' is selected.
21:47:52 INFO  : 'jtag frequency' command is executed.
21:47:52 INFO  : Sourcing of 'D:/IIITD/ELD_LABs/LAB_11/PS_PL_8FTT/PS_PL_8FTT.sdk/ZC702_hw_platform/ps7_init.tcl' is done.
21:47:52 INFO  : Context for 'APU' is selected.
21:47:52 INFO  : Hardware design information is loaded from 'D:/IIITD/ELD_LABs/LAB_11/PS_PL_8FTT/PS_PL_8FTT.sdk/ZC702_hw_platform/system.dsa'.
21:47:52 INFO  : 'configparams force-mem-access 1' command is executed.
21:47:52 INFO  : Context for 'APU' is selected.
21:47:52 INFO  : 'stop' command is executed.
21:47:52 ERROR : AP transaction error, DAP status f0000021
21:47:52 INFO  : ----------------XSDB Script----------------
connect -path [list tcp::1534 tcp:192.168.33.154:3121]
source D:/IIITD/ELD_LABs/LAB_11/PS_PL_8FTT/PS_PL_8FTT.sdk/ZC702_hw_platform/ps7_init.tcl
targets -set -nocase -filter {name =~"APU*" && jtag_cable_name =~ "Digilent Zybo Z7 210351A7817DA"} -index 0
loadhw -hw D:/IIITD/ELD_LABs/LAB_11/PS_PL_8FTT/PS_PL_8FTT.sdk/ZC702_hw_platform/system.dsa -mem-ranges [list {0x40000000 0xbfffffff}]
configparams force-mem-access 1
targets -set -nocase -filter {name =~"APU*" && jtag_cable_name =~ "Digilent Zybo Z7 210351A7817DA"} -index 0
stop
ps7_init
----------------End of Script----------------

21:55:45 INFO  : Registering command handlers for SDK TCF services
21:55:46 INFO  : Launching XSCT server: xsct.bat -interactive D:\IIITD\ELD_LABs\LAB_11\PS_PL_8FTT\PS_PL_8FTT.sdk\temp_xsdb_launch_script.tcl
21:55:49 INFO  : XSCT server has started successfully.
21:55:49 INFO  : Successfully done setting XSCT server connection channel  
21:55:49 INFO  : Successfully done setting SDK workspace  
21:55:49 INFO  : Processing command line option -hwspec D:/IIITD/ELD_LABs/LAB_11/PS_PL_8FTT/PS_PL_8FTT.sdk/design_1_wrapper.hdf.
21:55:49 INFO  : Checking for hwspec changes in the project design_1_wrapper_hw_platform_0.
21:56:41 INFO  : No changes in MSS file content so not generating sources.
22:16:31 INFO  : Launching XSCT server: xsct.bat -interactive D:\IIITD\ELD_LABs\LAB_11\PS_PL_8FTT\PS_PL_8FTT.sdk\temp_xsdb_launch_script.tcl
22:16:34 INFO  : XSCT server has started successfully.
22:16:34 INFO  : Successfully done setting XSCT server connection channel  
22:16:34 INFO  : Successfully done setting SDK workspace  
22:16:44 INFO  : Registering command handlers for SDK TCF services
22:16:44 INFO  : Processing command line option -hwspec D:/IIITD/ELD_LABs/LAB_11/PS_PL_8FTT/PS_PL_8FTT.sdk/design_1_wrapper.hdf.
22:16:45 INFO  : Checking for hwspec changes in the project design_1_wrapper_hw_platform_0.
22:16:45 INFO  : SDK has detected change in the last modified timestamps for source hardware specification file Source:1639500276157,  Project:1639492465452
22:16:45 INFO  : The hardware specification for project 'design_1_wrapper_hw_platform_0' is different from D:/IIITD/ELD_LABs/LAB_11/PS_PL_8FTT/PS_PL_8FTT.sdk/design_1_wrapper.hdf.
22:16:47 INFO  : Copied contents of D:/IIITD/ELD_LABs/LAB_11/PS_PL_8FTT/PS_PL_8FTT.sdk/design_1_wrapper.hdf into \design_1_wrapper_hw_platform_0\system.hdf.
22:16:53 INFO  : Synchronizing projects in the workspace with the hardware platform specification changes.
22:17:00 INFO  : 
22:17:01 INFO  : Updating hardware inferred compiler options for FFT_DMA.
22:17:01 INFO  : Clearing existing target manager status.
22:17:01 INFO  : Closing and re-opening the MSS file of ther project FFT_DMA_bsp
22:17:03 INFO  : Workspace synchronized with the new hardware specification file. Cleaning dependent projects...
22:17:05 WARN  : Linker script will not be updated automatically. Users need to update it manually.
22:18:50 ERROR : Failed to closesw "D:/IIITD/ELD_LABs/LAB_11/PS_PL_8FTT/PS_PL_8FTT.sdk/FFT_DMA_bsp/system.mss"
Reason: Cannot close sw design 'D:/IIITD/ELD_LABs/LAB_11/PS_PL_8FTT/PS_PL_8FTT.sdk/FFT_DMA_bsp/system.mss'.
Design is not opened in the current session.


22:19:55 INFO  : Connected through redirection to target on host '192.168.33.154' and port '3121'.
22:19:56 INFO  : Jtag cable 'Digilent Zybo Z7 210351A7817DA' is selected.
22:19:56 INFO  : 'jtag frequency' command is executed.
22:19:56 INFO  : Sourcing of 'D:/IIITD/ELD_LABs/LAB_11/PS_PL_8FTT/PS_PL_8FTT.sdk/design_1_wrapper_hw_platform_0/ps7_init.tcl' is done.
22:19:56 INFO  : Context for 'APU' is selected.
22:19:56 ERROR : AP transaction error, DAP status f0000021
22:19:56 INFO  : ----------------XSDB Script----------------
connect -path [list tcp::1534 tcp:192.168.33.154:3121]
source D:/IIITD/ELD_LABs/LAB_11/PS_PL_8FTT/PS_PL_8FTT.sdk/design_1_wrapper_hw_platform_0/ps7_init.tcl
targets -set -nocase -filter {name =~"APU*" && jtag_cable_name =~ "Digilent Zybo Z7 210351A7817DA"} -index 0
rst -system
after 3000
----------------End of Script----------------

22:20:07 INFO  : Connected through redirection to target on host '192.168.33.154' and port '3121'.
22:20:07 INFO  : Jtag cable 'Digilent Zybo Z7 210351A7817DA' is selected.
22:20:07 INFO  : 'jtag frequency' command is executed.
22:20:07 INFO  : Sourcing of 'D:/IIITD/ELD_LABs/LAB_11/PS_PL_8FTT/PS_PL_8FTT.sdk/design_1_wrapper_hw_platform_0/ps7_init.tcl' is done.
22:20:07 INFO  : Context for 'APU' is selected.
22:20:07 ERROR : AP transaction error, DAP status f0000021
22:20:07 INFO  : ----------------XSDB Script----------------
connect -path [list tcp::1534 tcp:192.168.33.154:3121]
source D:/IIITD/ELD_LABs/LAB_11/PS_PL_8FTT/PS_PL_8FTT.sdk/design_1_wrapper_hw_platform_0/ps7_init.tcl
targets -set -nocase -filter {name =~"APU*" && jtag_cable_name =~ "Digilent Zybo Z7 210351A7817DA"} -index 0
rst -system
after 3000
----------------End of Script----------------

22:21:34 INFO  : Connected through redirection to target on host '192.168.33.154' and port '3121'.
22:21:34 INFO  : Jtag cable 'Digilent Zybo Z7 210351A7817DA' is selected.
22:21:35 INFO  : 'jtag frequency' command is executed.
22:21:35 INFO  : Sourcing of 'D:/IIITD/ELD_LABs/LAB_11/PS_PL_8FTT/PS_PL_8FTT.sdk/design_1_wrapper_hw_platform_0/ps7_init.tcl' is done.
22:21:35 INFO  : Context for 'APU' is selected.
22:21:35 ERROR : AP transaction error, DAP status f0000021
22:21:35 INFO  : ----------------XSDB Script----------------
connect -path [list tcp::1534 tcp:192.168.33.154:3121]
source D:/IIITD/ELD_LABs/LAB_11/PS_PL_8FTT/PS_PL_8FTT.sdk/design_1_wrapper_hw_platform_0/ps7_init.tcl
targets -set -nocase -filter {name =~"APU*" && jtag_cable_name =~ "Digilent Zybo Z7 210351A7817DA"} -index 0
rst -system
after 3000
----------------End of Script----------------

22:23:17 ERROR : Failed to redirect connection to hardware server on host '192.168.333163' and port '3121'.
Reason: No such host is known. 
22:23:17 INFO  : ----------------XSDB Script----------------
connect -path [list tcp::1534 tcp:192.168.333163:3121]
----------------End of Script----------------

22:23:49 INFO  : Connected through redirection to target on host '192.168.33.163' and port '3121'.
22:24:07 INFO  : ----------------XSDB Script----------------
connect -path [list tcp::1534 tcp:192.168.33.163:3121]
----------------End of Script----------------

22:24:35 INFO  : Connected through redirection to target on host '192.168.33.155' and port '3121'.
22:29:53 INFO  : Jtag cable 'Digilent Zybo Z7 210351A77B93A' is selected.
22:29:53 INFO  : 'jtag frequency' command is executed.
22:29:53 INFO  : Sourcing of 'D:/IIITD/ELD_LABs/LAB_11/PS_PL_8FTT/PS_PL_8FTT.sdk/design_1_wrapper_hw_platform_0/ps7_init.tcl' is done.
22:29:54 INFO  : Context for 'APU' is selected.
22:29:54 INFO  : System reset is completed.
22:29:57 INFO  : 'after 3000' command is executed.
22:31:04 INFO  : 'targets -set -filter {jtag_cable_name =~ "Digilent Zybo Z7 210351A77B93A" && level==0} -index 1' command is executed.
22:31:05 INFO  : FPGA configured successfully with bitstream "D:/IIITD/ELD_LABs/LAB_11/PS_PL_8FTT/PS_PL_8FTT.sdk/design_1_wrapper_hw_platform_0/design_1_wrapper.bit"
22:31:05 INFO  : Context for 'APU' is selected.
22:31:05 INFO  : Hardware design information is loaded from 'D:/IIITD/ELD_LABs/LAB_11/PS_PL_8FTT/PS_PL_8FTT.sdk/design_1_wrapper_hw_platform_0/system.hdf'.
22:31:05 INFO  : 'configparams force-mem-access 1' command is executed.
22:31:06 INFO  : Context for 'APU' is selected.
22:31:40 INFO  : 'ps7_init' command is executed.
22:31:41 INFO  : 'ps7_post_config' command is executed.
22:31:41 INFO  : Context for processor 'ps7_cortexa9_0' is selected.
22:32:11 INFO  : The application 'D:/IIITD/ELD_LABs/LAB_11/PS_PL_8FTT/PS_PL_8FTT.sdk/FFT_DMA/Debug/FFT_DMA.elf' is downloaded to processor 'ps7_cortexa9_0'.
22:32:11 INFO  : 'configparams force-mem-access 0' command is executed.
22:32:11 INFO  : ----------------XSDB Script----------------
connect -path [list tcp::1534 tcp:192.168.33.155:3121]
source D:/IIITD/ELD_LABs/LAB_11/PS_PL_8FTT/PS_PL_8FTT.sdk/design_1_wrapper_hw_platform_0/ps7_init.tcl
targets -set -nocase -filter {name =~"APU*" && jtag_cable_name =~ "Digilent Zybo Z7 210351A77B93A"} -index 0
rst -system
after 3000
targets -set -filter {jtag_cable_name =~ "Digilent Zybo Z7 210351A77B93A" && level==0} -index 1
fpga -file D:/IIITD/ELD_LABs/LAB_11/PS_PL_8FTT/PS_PL_8FTT.sdk/design_1_wrapper_hw_platform_0/design_1_wrapper.bit
targets -set -nocase -filter {name =~"APU*" && jtag_cable_name =~ "Digilent Zybo Z7 210351A77B93A"} -index 0
loadhw -hw D:/IIITD/ELD_LABs/LAB_11/PS_PL_8FTT/PS_PL_8FTT.sdk/design_1_wrapper_hw_platform_0/system.hdf -mem-ranges [list {0x40000000 0xbfffffff}]
configparams force-mem-access 1
targets -set -nocase -filter {name =~"APU*" && jtag_cable_name =~ "Digilent Zybo Z7 210351A77B93A"} -index 0
ps7_init
ps7_post_config
targets -set -nocase -filter {name =~ "ARM*#0" && jtag_cable_name =~ "Digilent Zybo Z7 210351A77B93A"} -index 0
dow D:/IIITD/ELD_LABs/LAB_11/PS_PL_8FTT/PS_PL_8FTT.sdk/FFT_DMA/Debug/FFT_DMA.elf
configparams force-mem-access 0
----------------End of Script----------------

22:32:11 INFO  : Memory regions updated for context APU
22:32:11 INFO  : Context for processor 'ps7_cortexa9_0' is selected.
22:32:11 INFO  : 'con' command is executed.
22:32:11 INFO  : ----------------XSDB Script (After Launch)----------------
targets -set -nocase -filter {name =~ "ARM*#0" && jtag_cable_name =~ "Digilent Zybo Z7 210351A77B93A"} -index 0
con
----------------End of Script----------------

22:32:11 INFO  : Launch script is exported to file 'D:\IIITD\ELD_LABs\LAB_11\PS_PL_8FTT\PS_PL_8FTT.sdk\.sdk\launch_scripts\xilinx_c-c++_application_(system_debugger)\system_debugger_on_zybooo.tcl'
22:46:27 INFO  : Disconnected from the channel tcfchan#4.
22:47:31 INFO  : Connected through redirection to target on host '192.168.33.155' and port '3121'.
22:52:50 INFO  : Jtag cable 'Digilent Zybo Z7 210351A77B93A' is selected.
22:52:50 INFO  : 'jtag frequency' command is executed.
22:52:50 INFO  : Sourcing of 'D:/IIITD/ELD_LABs/LAB_11/PS_PL_8FTT/PS_PL_8FTT.sdk/design_1_wrapper_hw_platform_0/ps7_init.tcl' is done.
22:52:50 INFO  : Context for 'APU' is selected.
22:52:51 INFO  : System reset is completed.
22:52:54 INFO  : 'after 3000' command is executed.
22:54:00 INFO  : 'targets -set -filter {jtag_cable_name =~ "Digilent Zybo Z7 210351A77B93A" && level==0} -index 1' command is executed.
22:54:02 INFO  : FPGA configured successfully with bitstream "D:/IIITD/ELD_LABs/LAB_11/PS_PL_8FTT/PS_PL_8FTT.sdk/design_1_wrapper_hw_platform_0/design_1_wrapper.bit"
22:54:02 INFO  : Context for 'APU' is selected.
22:54:02 INFO  : Hardware design information is loaded from 'D:/IIITD/ELD_LABs/LAB_11/PS_PL_8FTT/PS_PL_8FTT.sdk/design_1_wrapper_hw_platform_0/system.hdf'.
22:54:02 INFO  : 'configparams force-mem-access 1' command is executed.
22:54:02 INFO  : Context for 'APU' is selected.
22:54:38 INFO  : 'ps7_init' command is executed.
22:54:38 INFO  : 'ps7_post_config' command is executed.
22:54:38 INFO  : Context for processor 'ps7_cortexa9_0' is selected.
22:54:39 INFO  : The application 'D:/IIITD/ELD_LABs/LAB_11/PS_PL_8FTT/PS_PL_8FTT.sdk/FFT_DMA/Debug/FFT_DMA.elf' is downloaded to processor 'ps7_cortexa9_0'.
22:54:39 INFO  : 'configparams force-mem-access 0' command is executed.
22:54:39 INFO  : ----------------XSDB Script----------------
connect -path [list tcp::1534 tcp:192.168.33.155:3121]
source D:/IIITD/ELD_LABs/LAB_11/PS_PL_8FTT/PS_PL_8FTT.sdk/design_1_wrapper_hw_platform_0/ps7_init.tcl
targets -set -nocase -filter {name =~"APU*" && jtag_cable_name =~ "Digilent Zybo Z7 210351A77B93A"} -index 0
rst -system
after 3000
targets -set -filter {jtag_cable_name =~ "Digilent Zybo Z7 210351A77B93A" && level==0} -index 1
fpga -file D:/IIITD/ELD_LABs/LAB_11/PS_PL_8FTT/PS_PL_8FTT.sdk/design_1_wrapper_hw_platform_0/design_1_wrapper.bit
targets -set -nocase -filter {name =~"APU*" && jtag_cable_name =~ "Digilent Zybo Z7 210351A77B93A"} -index 0
loadhw -hw D:/IIITD/ELD_LABs/LAB_11/PS_PL_8FTT/PS_PL_8FTT.sdk/design_1_wrapper_hw_platform_0/system.hdf -mem-ranges [list {0x40000000 0xbfffffff}]
configparams force-mem-access 1
targets -set -nocase -filter {name =~"APU*" && jtag_cable_name =~ "Digilent Zybo Z7 210351A77B93A"} -index 0
ps7_init
ps7_post_config
targets -set -nocase -filter {name =~ "ARM*#0" && jtag_cable_name =~ "Digilent Zybo Z7 210351A77B93A"} -index 0
dow D:/IIITD/ELD_LABs/LAB_11/PS_PL_8FTT/PS_PL_8FTT.sdk/FFT_DMA/Debug/FFT_DMA.elf
configparams force-mem-access 0
----------------End of Script----------------

22:54:39 INFO  : Memory regions updated for context APU
22:54:39 INFO  : Context for processor 'ps7_cortexa9_0' is selected.
22:54:39 INFO  : 'con' command is executed.
22:54:39 INFO  : ----------------XSDB Script (After Launch)----------------
targets -set -nocase -filter {name =~ "ARM*#0" && jtag_cable_name =~ "Digilent Zybo Z7 210351A77B93A"} -index 0
con
----------------End of Script----------------

22:54:39 INFO  : Launch script is exported to file 'D:\IIITD\ELD_LABs\LAB_11\PS_PL_8FTT\PS_PL_8FTT.sdk\.sdk\launch_scripts\xilinx_c-c++_application_(system_debugger)\system_debugger_on_zybooo.tcl'
22:59:42 INFO  : Disconnected from the channel tcfchan#5.
23:00:29 INFO  : Connected through redirection to target on host '192.168.33.155' and port '3121'.
23:05:47 INFO  : Jtag cable 'Digilent Zybo Z7 210351A77B93A' is selected.
23:05:47 INFO  : 'jtag frequency' command is executed.
23:05:47 INFO  : Sourcing of 'D:/IIITD/ELD_LABs/LAB_11/PS_PL_8FTT/PS_PL_8FTT.sdk/design_1_wrapper_hw_platform_0/ps7_init.tcl' is done.
23:05:47 INFO  : Context for 'APU' is selected.
23:05:47 INFO  : System reset is completed.
23:05:50 INFO  : 'after 3000' command is executed.
23:06:58 INFO  : 'targets -set -filter {jtag_cable_name =~ "Digilent Zybo Z7 210351A77B93A" && level==0} -index 1' command is executed.
23:06:59 INFO  : FPGA configured successfully with bitstream "D:/IIITD/ELD_LABs/LAB_11/PS_PL_8FTT/PS_PL_8FTT.sdk/design_1_wrapper_hw_platform_0/design_1_wrapper.bit"
23:06:59 INFO  : Context for 'APU' is selected.
23:06:59 INFO  : Hardware design information is loaded from 'D:/IIITD/ELD_LABs/LAB_11/PS_PL_8FTT/PS_PL_8FTT.sdk/design_1_wrapper_hw_platform_0/system.hdf'.
23:06:59 INFO  : 'configparams force-mem-access 1' command is executed.
23:07:00 INFO  : Context for 'APU' is selected.
23:07:35 INFO  : 'ps7_init' command is executed.
23:07:35 INFO  : 'ps7_post_config' command is executed.
23:07:36 INFO  : Context for processor 'ps7_cortexa9_0' is selected.
23:07:36 INFO  : The application 'D:/IIITD/ELD_LABs/LAB_11/PS_PL_8FTT/PS_PL_8FTT.sdk/FFT_DMA/Debug/FFT_DMA.elf' is downloaded to processor 'ps7_cortexa9_0'.
23:07:36 INFO  : 'configparams force-mem-access 0' command is executed.
23:07:36 INFO  : ----------------XSDB Script----------------
connect -path [list tcp::1534 tcp:192.168.33.155:3121]
source D:/IIITD/ELD_LABs/LAB_11/PS_PL_8FTT/PS_PL_8FTT.sdk/design_1_wrapper_hw_platform_0/ps7_init.tcl
targets -set -nocase -filter {name =~"APU*" && jtag_cable_name =~ "Digilent Zybo Z7 210351A77B93A"} -index 0
rst -system
after 3000
targets -set -filter {jtag_cable_name =~ "Digilent Zybo Z7 210351A77B93A" && level==0} -index 1
fpga -file D:/IIITD/ELD_LABs/LAB_11/PS_PL_8FTT/PS_PL_8FTT.sdk/design_1_wrapper_hw_platform_0/design_1_wrapper.bit
targets -set -nocase -filter {name =~"APU*" && jtag_cable_name =~ "Digilent Zybo Z7 210351A77B93A"} -index 0
loadhw -hw D:/IIITD/ELD_LABs/LAB_11/PS_PL_8FTT/PS_PL_8FTT.sdk/design_1_wrapper_hw_platform_0/system.hdf -mem-ranges [list {0x40000000 0xbfffffff}]
configparams force-mem-access 1
targets -set -nocase -filter {name =~"APU*" && jtag_cable_name =~ "Digilent Zybo Z7 210351A77B93A"} -index 0
ps7_init
ps7_post_config
targets -set -nocase -filter {name =~ "ARM*#0" && jtag_cable_name =~ "Digilent Zybo Z7 210351A77B93A"} -index 0
dow D:/IIITD/ELD_LABs/LAB_11/PS_PL_8FTT/PS_PL_8FTT.sdk/FFT_DMA/Debug/FFT_DMA.elf
configparams force-mem-access 0
----------------End of Script----------------

23:07:36 INFO  : Memory regions updated for context APU
23:07:36 INFO  : Context for processor 'ps7_cortexa9_0' is selected.
23:07:36 INFO  : 'con' command is executed.
23:07:36 INFO  : ----------------XSDB Script (After Launch)----------------
targets -set -nocase -filter {name =~ "ARM*#0" && jtag_cable_name =~ "Digilent Zybo Z7 210351A77B93A"} -index 0
con
----------------End of Script----------------

23:07:36 INFO  : Launch script is exported to file 'D:\IIITD\ELD_LABs\LAB_11\PS_PL_8FTT\PS_PL_8FTT.sdk\.sdk\launch_scripts\xilinx_c-c++_application_(system_debugger)\system_debugger_on_zybooo.tcl'
23:14:05 INFO  : Disconnected from the channel tcfchan#6.
23:14:06 INFO  : Connected through redirection to target on host '192.168.33.155' and port '3121'.
23:19:23 INFO  : Jtag cable 'Digilent Zybo Z7 210351A77B93A' is selected.
23:19:23 INFO  : 'jtag frequency' command is executed.
23:19:23 ERROR : 'source D:/IIITD/ELD_LABs/LAB_11/PS_PL_8FTT/PS_PL_8FTT.sdk/design_1_wrapper_hw_platform_0/ps7_init.tcl' is cancelled.
23:19:23 INFO  : ----------------XSDB Script----------------
connect -path [list tcp::1534 tcp:192.168.33.155:3121]
source D:/IIITD/ELD_LABs/LAB_11/PS_PL_8FTT/PS_PL_8FTT.sdk/design_1_wrapper_hw_platform_0/ps7_init.tcl
----------------End of Script----------------

23:19:36 INFO  : Connected through redirection to target on host '192.168.33.155' and port '3121'.
23:25:14 INFO  : Jtag cable 'Digilent Zybo Z7 210351A77B93A' is selected.
23:25:14 INFO  : 'jtag frequency' command is executed.
23:25:14 INFO  : Sourcing of 'D:/IIITD/ELD_LABs/LAB_11/PS_PL_8FTT/PS_PL_8FTT.sdk/design_1_wrapper_hw_platform_0/ps7_init.tcl' is done.
23:25:14 INFO  : Context for 'APU' is selected.
23:25:15 INFO  : System reset is completed.
23:25:18 INFO  : 'after 3000' command is executed.
23:26:25 INFO  : 'targets -set -filter {jtag_cable_name =~ "Digilent Zybo Z7 210351A77B93A" && level==0} -index 1' command is executed.
23:26:26 INFO  : FPGA configured successfully with bitstream "D:/IIITD/ELD_LABs/LAB_11/PS_PL_8FTT/PS_PL_8FTT.sdk/design_1_wrapper_hw_platform_0/design_1_wrapper.bit"
23:26:26 INFO  : Context for 'APU' is selected.
23:26:26 INFO  : Hardware design information is loaded from 'D:/IIITD/ELD_LABs/LAB_11/PS_PL_8FTT/PS_PL_8FTT.sdk/design_1_wrapper_hw_platform_0/system.hdf'.
23:26:27 INFO  : 'configparams force-mem-access 1' command is executed.
23:26:27 INFO  : Context for 'APU' is selected.
23:27:02 INFO  : 'ps7_init' command is executed.
23:27:02 ERROR : (XSDB Server)Target doesn't support Jtag Uart

23:27:02 INFO  : 'ps7_post_config' command is executed.
23:27:02 INFO  : Context for processor 'ps7_cortexa9_0' is selected.
23:27:03 INFO  : The application 'D:/IIITD/ELD_LABs/LAB_11/PS_PL_8FTT/PS_PL_8FTT.sdk/FFT_DMA/Debug/FFT_DMA.elf' is downloaded to processor 'ps7_cortexa9_0'.
23:27:03 INFO  : 'configparams force-mem-access 0' command is executed.
23:27:03 INFO  : ----------------XSDB Script----------------
connect -path [list tcp::1534 tcp:192.168.33.155:3121]
source D:/IIITD/ELD_LABs/LAB_11/PS_PL_8FTT/PS_PL_8FTT.sdk/design_1_wrapper_hw_platform_0/ps7_init.tcl
targets -set -nocase -filter {name =~"APU*" && jtag_cable_name =~ "Digilent Zybo Z7 210351A77B93A"} -index 0
rst -system
after 3000
targets -set -filter {jtag_cable_name =~ "Digilent Zybo Z7 210351A77B93A" && level==0} -index 1
fpga -file D:/IIITD/ELD_LABs/LAB_11/PS_PL_8FTT/PS_PL_8FTT.sdk/design_1_wrapper_hw_platform_0/design_1_wrapper.bit
targets -set -nocase -filter {name =~"APU*" && jtag_cable_name =~ "Digilent Zybo Z7 210351A77B93A"} -index 0
loadhw -hw D:/IIITD/ELD_LABs/LAB_11/PS_PL_8FTT/PS_PL_8FTT.sdk/design_1_wrapper_hw_platform_0/system.hdf -mem-ranges [list {0x40000000 0xbfffffff}]
configparams force-mem-access 1
targets -set -nocase -filter {name =~"APU*" && jtag_cable_name =~ "Digilent Zybo Z7 210351A77B93A"} -index 0
ps7_init
ps7_post_config
targets -set -nocase -filter {name =~ "ARM*#0" && jtag_cable_name =~ "Digilent Zybo Z7 210351A77B93A"} -index 0
dow D:/IIITD/ELD_LABs/LAB_11/PS_PL_8FTT/PS_PL_8FTT.sdk/FFT_DMA/Debug/FFT_DMA.elf
configparams force-mem-access 0
----------------End of Script----------------

23:27:03 INFO  : Memory regions updated for context APU
23:27:03 INFO  : Context for processor 'ps7_cortexa9_0' is selected.
23:27:03 INFO  : 'con' command is executed.
23:27:03 INFO  : ----------------XSDB Script (After Launch)----------------
targets -set -nocase -filter {name =~ "ARM*#0" && jtag_cable_name =~ "Digilent Zybo Z7 210351A77B93A"} -index 0
con
----------------End of Script----------------

23:27:03 INFO  : Launch script is exported to file 'D:\IIITD\ELD_LABs\LAB_11\PS_PL_8FTT\PS_PL_8FTT.sdk\.sdk\launch_scripts\xilinx_c-c++_application_(system_debugger)\system_debugger_on_zybooo.tcl'
23:44:13 INFO  : No changes in MSS file content so not generating sources.
00:01:43 INFO  : Disconnected from the channel tcfchan#7.
00:01:46 INFO  : Connected through redirection to target on host '192.168.33.155' and port '3121'.
00:07:03 INFO  : Jtag cable 'Digilent Zybo Z7 210351A77B93A' is selected.
00:07:03 INFO  : 'jtag frequency' command is executed.
00:07:03 INFO  : Sourcing of 'D:/IIITD/ELD_LABs/LAB_11/PS_PL_8FTT/PS_PL_8FTT.sdk/design_1_wrapper_hw_platform_0/ps7_init.tcl' is done.
00:07:42 INFO  : 'targets -set -filter {jtag_cable_name =~ "Digilent Zybo Z7 210351A77B93A" && level==0} -index 1' command is executed.
00:07:43 INFO  : FPGA configured successfully with bitstream "D:/IIITD/ELD_LABs/LAB_11/PS_PL_8FTT/PS_PL_8FTT.sdk/design_1_wrapper_hw_platform_0/design_1_wrapper.bit"
00:08:23 ERROR : channel "tcfchan#8" closed
00:08:23 INFO  : ----------------XSDB Script----------------
connect -path [list tcp::1534 tcp:192.168.33.155:3121]
source D:/IIITD/ELD_LABs/LAB_11/PS_PL_8FTT/PS_PL_8FTT.sdk/design_1_wrapper_hw_platform_0/ps7_init.tcl
targets -set -filter {jtag_cable_name =~ "Digilent Zybo Z7 210351A77B93A" && level==0} -index 1
fpga -file D:/IIITD/ELD_LABs/LAB_11/PS_PL_8FTT/PS_PL_8FTT.sdk/design_1_wrapper_hw_platform_0/design_1_wrapper.bit
targets -set -nocase -filter {name =~"APU*" && jtag_cable_name =~ "Digilent Zybo Z7 210351A77B93A"} -index 0
----------------End of Script----------------

00:20:39 INFO  : Connected through redirection to target on host '192.168.33.153' and port '3121'.
00:20:39 INFO  : Jtag cable 'Digilent Zybo Z7 210351A7817EA' is selected.
00:20:39 INFO  : 'jtag frequency' command is executed.
00:20:39 INFO  : Sourcing of 'D:/IIITD/ELD_LABs/LAB_11/PS_PL_8FTT/PS_PL_8FTT.sdk/design_1_wrapper_hw_platform_0/ps7_init.tcl' is done.
00:20:41 INFO  : 'targets -set -filter {jtag_cable_name =~ "Digilent Zybo Z7 210351A7817EA" && level==0} -index 1' command is executed.
00:20:42 INFO  : FPGA configured successfully with bitstream "D:/IIITD/ELD_LABs/LAB_11/PS_PL_8FTT/PS_PL_8FTT.sdk/design_1_wrapper_hw_platform_0/design_1_wrapper.bit"
00:20:42 INFO  : Context for 'APU' is selected.
00:20:43 INFO  : Hardware design information is loaded from 'D:/IIITD/ELD_LABs/LAB_11/PS_PL_8FTT/PS_PL_8FTT.sdk/design_1_wrapper_hw_platform_0/system.hdf'.
00:20:43 INFO  : 'configparams force-mem-access 1' command is executed.
00:20:43 INFO  : Context for 'APU' is selected.
00:20:43 INFO  : 'stop' command is executed.
00:20:48 INFO  : 'ps7_init' command is executed.
00:20:48 INFO  : 'ps7_post_config' command is executed.
00:20:48 INFO  : Context for processor 'ps7_cortexa9_0' is selected.
00:20:48 INFO  : Processor reset is completed for 'ps7_cortexa9_0'.
00:20:48 INFO  : Context for processor 'ps7_cortexa9_0' is selected.
00:20:48 INFO  : The application 'D:/IIITD/ELD_LABs/LAB_11/PS_PL_8FTT/PS_PL_8FTT.sdk/FFT_DMA/Debug/FFT_DMA.elf' is downloaded to processor 'ps7_cortexa9_0'.
00:20:48 INFO  : 'configparams force-mem-access 0' command is executed.
00:20:48 INFO  : ----------------XSDB Script----------------
connect -path [list tcp::1534 tcp:192.168.33.153:3121]
source D:/IIITD/ELD_LABs/LAB_11/PS_PL_8FTT/PS_PL_8FTT.sdk/design_1_wrapper_hw_platform_0/ps7_init.tcl
targets -set -filter {jtag_cable_name =~ "Digilent Zybo Z7 210351A7817EA" && level==0} -index 1
fpga -file D:/IIITD/ELD_LABs/LAB_11/PS_PL_8FTT/PS_PL_8FTT.sdk/design_1_wrapper_hw_platform_0/design_1_wrapper.bit
targets -set -nocase -filter {name =~"APU*" && jtag_cable_name =~ "Digilent Zybo Z7 210351A7817EA"} -index 0
loadhw -hw D:/IIITD/ELD_LABs/LAB_11/PS_PL_8FTT/PS_PL_8FTT.sdk/design_1_wrapper_hw_platform_0/system.hdf -mem-ranges [list {0x40000000 0xbfffffff}]
configparams force-mem-access 1
targets -set -nocase -filter {name =~"APU*" && jtag_cable_name =~ "Digilent Zybo Z7 210351A7817EA"} -index 0
stop
ps7_init
ps7_post_config
targets -set -nocase -filter {name =~ "ARM*#0" && jtag_cable_name =~ "Digilent Zybo Z7 210351A7817EA"} -index 0
rst -processor
targets -set -nocase -filter {name =~ "ARM*#0" && jtag_cable_name =~ "Digilent Zybo Z7 210351A7817EA"} -index 0
dow D:/IIITD/ELD_LABs/LAB_11/PS_PL_8FTT/PS_PL_8FTT.sdk/FFT_DMA/Debug/FFT_DMA.elf
configparams force-mem-access 0
----------------End of Script----------------

00:20:49 INFO  : Memory regions updated for context APU
00:20:49 INFO  : Context for processor 'ps7_cortexa9_0' is selected.
00:20:49 INFO  : 'con' command is executed.
00:20:49 INFO  : ----------------XSDB Script (After Launch)----------------
targets -set -nocase -filter {name =~ "ARM*#0" && jtag_cable_name =~ "Digilent Zybo Z7 210351A7817EA"} -index 0
con
----------------End of Script----------------

00:20:49 INFO  : Launch script is exported to file 'D:\IIITD\ELD_LABs\LAB_11\PS_PL_8FTT\PS_PL_8FTT.sdk\.sdk\launch_scripts\xilinx_c-c++_application_(system_debugger)\system_debugger_on_zybooo.tcl'
00:21:46 INFO  : Disconnected from the channel tcfchan#9.
00:21:47 INFO  : Connected through redirection to target on host '192.168.33.153' and port '3121'.
00:21:48 INFO  : Jtag cable 'Digilent Zybo Z7 210351A7817EA' is selected.
00:21:48 INFO  : 'jtag frequency' command is executed.
00:21:48 INFO  : Sourcing of 'D:/IIITD/ELD_LABs/LAB_11/PS_PL_8FTT/PS_PL_8FTT.sdk/design_1_wrapper_hw_platform_0/ps7_init.tcl' is done.
00:21:48 INFO  : Context for 'APU' is selected.
00:21:48 INFO  : System reset is completed.
00:21:51 INFO  : 'after 3000' command is executed.
00:21:52 INFO  : 'targets -set -filter {jtag_cable_name =~ "Digilent Zybo Z7 210351A7817EA" && level==0} -index 1' command is executed.
00:21:54 INFO  : FPGA configured successfully with bitstream "D:/IIITD/ELD_LABs/LAB_11/PS_PL_8FTT/PS_PL_8FTT.sdk/design_1_wrapper_hw_platform_0/design_1_wrapper.bit"
00:21:54 INFO  : Context for 'APU' is selected.
00:21:54 INFO  : Hardware design information is loaded from 'D:/IIITD/ELD_LABs/LAB_11/PS_PL_8FTT/PS_PL_8FTT.sdk/design_1_wrapper_hw_platform_0/system.hdf'.
00:21:54 INFO  : 'configparams force-mem-access 1' command is executed.
00:21:55 INFO  : Context for 'APU' is selected.
00:22:04 INFO  : 'ps7_init' command is executed.
00:22:04 INFO  : 'ps7_post_config' command is executed.
00:22:04 INFO  : Context for processor 'ps7_cortexa9_0' is selected.
00:22:05 INFO  : The application 'D:/IIITD/ELD_LABs/LAB_11/PS_PL_8FTT/PS_PL_8FTT.sdk/FFT_DMA/Debug/FFT_DMA.elf' is downloaded to processor 'ps7_cortexa9_0'.
00:22:05 INFO  : 'configparams force-mem-access 0' command is executed.
00:22:05 INFO  : ----------------XSDB Script----------------
connect -path [list tcp::1534 tcp:192.168.33.153:3121]
source D:/IIITD/ELD_LABs/LAB_11/PS_PL_8FTT/PS_PL_8FTT.sdk/design_1_wrapper_hw_platform_0/ps7_init.tcl
targets -set -nocase -filter {name =~"APU*" && jtag_cable_name =~ "Digilent Zybo Z7 210351A7817EA"} -index 0
rst -system
after 3000
targets -set -filter {jtag_cable_name =~ "Digilent Zybo Z7 210351A7817EA" && level==0} -index 1
fpga -file D:/IIITD/ELD_LABs/LAB_11/PS_PL_8FTT/PS_PL_8FTT.sdk/design_1_wrapper_hw_platform_0/design_1_wrapper.bit
targets -set -nocase -filter {name =~"APU*" && jtag_cable_name =~ "Digilent Zybo Z7 210351A7817EA"} -index 0
loadhw -hw D:/IIITD/ELD_LABs/LAB_11/PS_PL_8FTT/PS_PL_8FTT.sdk/design_1_wrapper_hw_platform_0/system.hdf -mem-ranges [list {0x40000000 0xbfffffff}]
configparams force-mem-access 1
targets -set -nocase -filter {name =~"APU*" && jtag_cable_name =~ "Digilent Zybo Z7 210351A7817EA"} -index 0
ps7_init
ps7_post_config
targets -set -nocase -filter {name =~ "ARM*#0" && jtag_cable_name =~ "Digilent Zybo Z7 210351A7817EA"} -index 0
dow D:/IIITD/ELD_LABs/LAB_11/PS_PL_8FTT/PS_PL_8FTT.sdk/FFT_DMA/Debug/FFT_DMA.elf
configparams force-mem-access 0
----------------End of Script----------------

00:22:05 INFO  : Memory regions updated for context APU
00:22:05 INFO  : Context for processor 'ps7_cortexa9_0' is selected.
00:22:05 INFO  : 'con' command is executed.
00:22:05 INFO  : ----------------XSDB Script (After Launch)----------------
targets -set -nocase -filter {name =~ "ARM*#0" && jtag_cable_name =~ "Digilent Zybo Z7 210351A7817EA"} -index 0
con
----------------End of Script----------------

00:22:05 INFO  : Launch script is exported to file 'D:\IIITD\ELD_LABs\LAB_11\PS_PL_8FTT\PS_PL_8FTT.sdk\.sdk\launch_scripts\xilinx_c-c++_application_(system_debugger)\system_debugger_on_zybooo.tcl'
00:26:03 INFO  : Disconnected from the channel tcfchan#10.
00:26:04 INFO  : Connected through redirection to target on host '192.168.33.153' and port '3121'.
00:26:05 INFO  : Jtag cable 'Digilent Zybo Z7 210351A7817EA' is selected.
00:26:05 INFO  : 'jtag frequency' command is executed.
00:26:05 INFO  : Sourcing of 'D:/IIITD/ELD_LABs/LAB_11/PS_PL_8FTT/PS_PL_8FTT.sdk/design_1_wrapper_hw_platform_0/ps7_init.tcl' is done.
00:26:05 INFO  : Context for 'APU' is selected.
00:26:05 INFO  : System reset is completed.
00:26:08 INFO  : 'after 3000' command is executed.
00:26:09 INFO  : 'targets -set -filter {jtag_cable_name =~ "Digilent Zybo Z7 210351A7817EA" && level==0} -index 1' command is executed.
00:26:10 INFO  : FPGA configured successfully with bitstream "D:/IIITD/ELD_LABs/LAB_11/PS_PL_8FTT/PS_PL_8FTT.sdk/design_1_wrapper_hw_platform_0/design_1_wrapper.bit"
00:26:10 INFO  : Context for 'APU' is selected.
00:26:10 INFO  : Hardware design information is loaded from 'D:/IIITD/ELD_LABs/LAB_11/PS_PL_8FTT/PS_PL_8FTT.sdk/design_1_wrapper_hw_platform_0/system.hdf'.
00:26:10 INFO  : 'configparams force-mem-access 1' command is executed.
00:26:10 INFO  : Context for 'APU' is selected.
00:26:16 INFO  : 'ps7_init' command is executed.
00:26:16 INFO  : 'ps7_post_config' command is executed.
00:26:16 INFO  : Context for processor 'ps7_cortexa9_0' is selected.
00:26:16 INFO  : The application 'D:/IIITD/ELD_LABs/LAB_11/PS_PL_8FTT/PS_PL_8FTT.sdk/FFT_DMA/Debug/FFT_DMA.elf' is downloaded to processor 'ps7_cortexa9_0'.
00:26:16 INFO  : 'configparams force-mem-access 0' command is executed.
00:26:16 INFO  : ----------------XSDB Script----------------
connect -path [list tcp::1534 tcp:192.168.33.153:3121]
source D:/IIITD/ELD_LABs/LAB_11/PS_PL_8FTT/PS_PL_8FTT.sdk/design_1_wrapper_hw_platform_0/ps7_init.tcl
targets -set -nocase -filter {name =~"APU*" && jtag_cable_name =~ "Digilent Zybo Z7 210351A7817EA"} -index 0
rst -system
after 3000
targets -set -filter {jtag_cable_name =~ "Digilent Zybo Z7 210351A7817EA" && level==0} -index 1
fpga -file D:/IIITD/ELD_LABs/LAB_11/PS_PL_8FTT/PS_PL_8FTT.sdk/design_1_wrapper_hw_platform_0/design_1_wrapper.bit
targets -set -nocase -filter {name =~"APU*" && jtag_cable_name =~ "Digilent Zybo Z7 210351A7817EA"} -index 0
loadhw -hw D:/IIITD/ELD_LABs/LAB_11/PS_PL_8FTT/PS_PL_8FTT.sdk/design_1_wrapper_hw_platform_0/system.hdf -mem-ranges [list {0x40000000 0xbfffffff}]
configparams force-mem-access 1
targets -set -nocase -filter {name =~"APU*" && jtag_cable_name =~ "Digilent Zybo Z7 210351A7817EA"} -index 0
ps7_init
ps7_post_config
targets -set -nocase -filter {name =~ "ARM*#0" && jtag_cable_name =~ "Digilent Zybo Z7 210351A7817EA"} -index 0
dow D:/IIITD/ELD_LABs/LAB_11/PS_PL_8FTT/PS_PL_8FTT.sdk/FFT_DMA/Debug/FFT_DMA.elf
configparams force-mem-access 0
----------------End of Script----------------

00:26:16 INFO  : Memory regions updated for context APU
00:26:17 INFO  : Context for processor 'ps7_cortexa9_0' is selected.
00:26:17 INFO  : 'con' command is executed.
00:26:17 INFO  : ----------------XSDB Script (After Launch)----------------
targets -set -nocase -filter {name =~ "ARM*#0" && jtag_cable_name =~ "Digilent Zybo Z7 210351A7817EA"} -index 0
con
----------------End of Script----------------

00:26:17 INFO  : Launch script is exported to file 'D:\IIITD\ELD_LABs\LAB_11\PS_PL_8FTT\PS_PL_8FTT.sdk\.sdk\launch_scripts\xilinx_c-c++_application_(system_debugger)\system_debugger_on_zybooo.tcl'
00:31:38 INFO  : Disconnected from the channel tcfchan#11.
00:31:39 INFO  : Connected through redirection to target on host '192.168.33.153' and port '3121'.
00:31:40 INFO  : Jtag cable 'Digilent Zybo Z7 210351A7817EA' is selected.
00:31:40 INFO  : 'jtag frequency' command is executed.
00:31:40 INFO  : Sourcing of 'D:/IIITD/ELD_LABs/LAB_11/PS_PL_8FTT/PS_PL_8FTT.sdk/design_1_wrapper_hw_platform_0/ps7_init.tcl' is done.
00:31:40 INFO  : Context for 'APU' is selected.
00:31:40 INFO  : System reset is completed.
00:31:43 INFO  : 'after 3000' command is executed.
00:31:43 INFO  : 'targets -set -filter {jtag_cable_name =~ "Digilent Zybo Z7 210351A7817EA" && level==0} -index 1' command is executed.
00:31:45 INFO  : FPGA configured successfully with bitstream "D:/IIITD/ELD_LABs/LAB_11/PS_PL_8FTT/PS_PL_8FTT.sdk/design_1_wrapper_hw_platform_0/design_1_wrapper.bit"
00:31:45 INFO  : Context for 'APU' is selected.
00:31:45 INFO  : Hardware design information is loaded from 'D:/IIITD/ELD_LABs/LAB_11/PS_PL_8FTT/PS_PL_8FTT.sdk/design_1_wrapper_hw_platform_0/system.hdf'.
00:31:45 INFO  : 'configparams force-mem-access 1' command is executed.
00:31:45 INFO  : Context for 'APU' is selected.
00:31:52 INFO  : 'ps7_init' command is executed.
00:31:52 INFO  : 'ps7_post_config' command is executed.
00:31:52 INFO  : Context for processor 'ps7_cortexa9_0' is selected.
00:31:52 INFO  : The application 'D:/IIITD/ELD_LABs/LAB_11/PS_PL_8FTT/PS_PL_8FTT.sdk/FFT_DMA/Debug/FFT_DMA.elf' is downloaded to processor 'ps7_cortexa9_0'.
00:31:52 INFO  : 'configparams force-mem-access 0' command is executed.
00:31:52 INFO  : ----------------XSDB Script----------------
connect -path [list tcp::1534 tcp:192.168.33.153:3121]
source D:/IIITD/ELD_LABs/LAB_11/PS_PL_8FTT/PS_PL_8FTT.sdk/design_1_wrapper_hw_platform_0/ps7_init.tcl
targets -set -nocase -filter {name =~"APU*" && jtag_cable_name =~ "Digilent Zybo Z7 210351A7817EA"} -index 0
rst -system
after 3000
targets -set -filter {jtag_cable_name =~ "Digilent Zybo Z7 210351A7817EA" && level==0} -index 1
fpga -file D:/IIITD/ELD_LABs/LAB_11/PS_PL_8FTT/PS_PL_8FTT.sdk/design_1_wrapper_hw_platform_0/design_1_wrapper.bit
targets -set -nocase -filter {name =~"APU*" && jtag_cable_name =~ "Digilent Zybo Z7 210351A7817EA"} -index 0
loadhw -hw D:/IIITD/ELD_LABs/LAB_11/PS_PL_8FTT/PS_PL_8FTT.sdk/design_1_wrapper_hw_platform_0/system.hdf -mem-ranges [list {0x40000000 0xbfffffff}]
configparams force-mem-access 1
targets -set -nocase -filter {name =~"APU*" && jtag_cable_name =~ "Digilent Zybo Z7 210351A7817EA"} -index 0
ps7_init
ps7_post_config
targets -set -nocase -filter {name =~ "ARM*#0" && jtag_cable_name =~ "Digilent Zybo Z7 210351A7817EA"} -index 0
dow D:/IIITD/ELD_LABs/LAB_11/PS_PL_8FTT/PS_PL_8FTT.sdk/FFT_DMA/Debug/FFT_DMA.elf
configparams force-mem-access 0
----------------End of Script----------------

00:31:53 INFO  : Memory regions updated for context APU
00:31:53 INFO  : Context for processor 'ps7_cortexa9_0' is selected.
00:31:53 INFO  : 'con' command is executed.
00:31:53 INFO  : ----------------XSDB Script (After Launch)----------------
targets -set -nocase -filter {name =~ "ARM*#0" && jtag_cable_name =~ "Digilent Zybo Z7 210351A7817EA"} -index 0
con
----------------End of Script----------------

00:31:53 INFO  : Launch script is exported to file 'D:\IIITD\ELD_LABs\LAB_11\PS_PL_8FTT\PS_PL_8FTT.sdk\.sdk\launch_scripts\xilinx_c-c++_application_(system_debugger)\system_debugger_on_zybooo.tcl'
00:40:51 INFO  : Disconnected from the channel tcfchan#12.
00:41:54 INFO  : Registering command handlers for SDK TCF services
00:41:55 INFO  : Launching XSCT server: xsct.bat -interactive D:\IIITD\ELD_LABs\LAB_11\PS_PL_8FTT\PS_PL_8FTT.sdk\temp_xsdb_launch_script.tcl
00:41:58 INFO  : XSCT server has started successfully.
00:41:58 INFO  : Successfully done setting XSCT server connection channel  
00:41:59 INFO  : Successfully done setting SDK workspace  
00:41:59 INFO  : Processing command line option -hwspec D:/IIITD/ELD_LABs/LAB_11/PS_PL_8FTT/PS_PL_8FTT.sdk/design_1_wrapper.hdf.
00:41:59 INFO  : Checking for hwspec changes in the project design_1_wrapper_hw_platform_0.
00:43:27 INFO  : Connected through redirection to target on host '192.168.33.153' and port '3121'.
00:43:28 INFO  : Jtag cable 'Digilent Zybo Z7 210351A7817EA' is selected.
00:43:28 INFO  : 'jtag frequency' command is executed.
00:43:28 INFO  : Sourcing of 'D:/IIITD/ELD_LABs/LAB_11/PS_PL_8FTT/PS_PL_8FTT.sdk/design_1_wrapper_hw_platform_0/ps7_init.tcl' is done.
00:43:28 INFO  : Context for 'APU' is selected.
00:43:28 INFO  : System reset is completed.
00:43:31 INFO  : 'after 3000' command is executed.
00:43:32 INFO  : 'targets -set -filter {jtag_cable_name =~ "Digilent Zybo Z7 210351A7817EA" && level==0} -index 1' command is executed.
00:43:33 INFO  : FPGA configured successfully with bitstream "D:/IIITD/ELD_LABs/LAB_11/PS_PL_8FTT/PS_PL_8FTT.sdk/design_1_wrapper_hw_platform_0/design_1_wrapper.bit"
00:43:33 INFO  : Context for 'APU' is selected.
00:43:33 INFO  : Hardware design information is loaded from 'D:/IIITD/ELD_LABs/LAB_11/PS_PL_8FTT/PS_PL_8FTT.sdk/design_1_wrapper_hw_platform_0/system.hdf'.
00:43:33 INFO  : 'configparams force-mem-access 1' command is executed.
00:43:34 INFO  : Context for 'APU' is selected.
00:43:42 INFO  : 'ps7_init' command is executed.
00:43:43 INFO  : 'ps7_post_config' command is executed.
00:43:43 INFO  : Context for processor 'ps7_cortexa9_0' is selected.
00:43:43 INFO  : The application 'D:/IIITD/ELD_LABs/LAB_11/PS_PL_8FTT/PS_PL_8FTT.sdk/FFT_DMA/Debug/FFT_DMA.elf' is downloaded to processor 'ps7_cortexa9_0'.
00:43:43 INFO  : 'configparams force-mem-access 0' command is executed.
00:43:43 INFO  : ----------------XSDB Script----------------
connect -path [list tcp::1534 tcp:192.168.33.153:3121]
source D:/IIITD/ELD_LABs/LAB_11/PS_PL_8FTT/PS_PL_8FTT.sdk/design_1_wrapper_hw_platform_0/ps7_init.tcl
targets -set -nocase -filter {name =~"APU*" && jtag_cable_name =~ "Digilent Zybo Z7 210351A7817EA"} -index 0
rst -system
after 3000
targets -set -filter {jtag_cable_name =~ "Digilent Zybo Z7 210351A7817EA" && level==0} -index 1
fpga -file D:/IIITD/ELD_LABs/LAB_11/PS_PL_8FTT/PS_PL_8FTT.sdk/design_1_wrapper_hw_platform_0/design_1_wrapper.bit
targets -set -nocase -filter {name =~"APU*" && jtag_cable_name =~ "Digilent Zybo Z7 210351A7817EA"} -index 0
loadhw -hw D:/IIITD/ELD_LABs/LAB_11/PS_PL_8FTT/PS_PL_8FTT.sdk/design_1_wrapper_hw_platform_0/system.hdf -mem-ranges [list {0x40000000 0xbfffffff}]
configparams force-mem-access 1
targets -set -nocase -filter {name =~"APU*" && jtag_cable_name =~ "Digilent Zybo Z7 210351A7817EA"} -index 0
ps7_init
ps7_post_config
targets -set -nocase -filter {name =~ "ARM*#0" && jtag_cable_name =~ "Digilent Zybo Z7 210351A7817EA"} -index 0
dow D:/IIITD/ELD_LABs/LAB_11/PS_PL_8FTT/PS_PL_8FTT.sdk/FFT_DMA/Debug/FFT_DMA.elf
configparams force-mem-access 0
----------------End of Script----------------

00:43:43 INFO  : Memory regions updated for context APU
00:43:44 INFO  : Context for processor 'ps7_cortexa9_0' is selected.
00:43:44 INFO  : 'con' command is executed.
00:43:44 INFO  : ----------------XSDB Script (After Launch)----------------
targets -set -nocase -filter {name =~ "ARM*#0" && jtag_cable_name =~ "Digilent Zybo Z7 210351A7817EA"} -index 0
con
----------------End of Script----------------

00:43:44 INFO  : Launch script is exported to file 'D:\IIITD\ELD_LABs\LAB_11\PS_PL_8FTT\PS_PL_8FTT.sdk\.sdk\launch_scripts\xilinx_c-c++_application_(system_debugger)\system_debugger_on_zybooo.tcl'
00:50:06 INFO  : Disconnected from the channel tcfchan#1.
00:50:07 INFO  : Connected through redirection to target on host '192.168.33.153' and port '3121'.
00:50:07 INFO  : Jtag cable 'Digilent Zybo Z7 210351A7817EA' is selected.
00:50:07 INFO  : 'jtag frequency' command is executed.
00:50:07 INFO  : Sourcing of 'D:/IIITD/ELD_LABs/LAB_11/PS_PL_8FTT/PS_PL_8FTT.sdk/design_1_wrapper_hw_platform_0/ps7_init.tcl' is done.
00:50:07 INFO  : Context for 'APU' is selected.
00:50:08 INFO  : System reset is completed.
00:50:11 INFO  : 'after 3000' command is executed.
00:50:11 INFO  : 'targets -set -filter {jtag_cable_name =~ "Digilent Zybo Z7 210351A7817EA" && level==0} -index 1' command is executed.
00:50:15 INFO  : FPGA configured successfully with bitstream "D:/IIITD/ELD_LABs/LAB_11/PS_PL_8FTT/PS_PL_8FTT.sdk/design_1_wrapper_hw_platform_0/design_1_wrapper.bit"
00:50:15 INFO  : Context for 'APU' is selected.
00:50:18 INFO  : Hardware design information is loaded from 'D:/IIITD/ELD_LABs/LAB_11/PS_PL_8FTT/PS_PL_8FTT.sdk/design_1_wrapper_hw_platform_0/system.hdf'.
00:50:18 INFO  : 'configparams force-mem-access 1' command is executed.
00:50:18 INFO  : Context for 'APU' is selected.
00:50:27 INFO  : 'ps7_init' command is executed.
00:50:27 INFO  : 'ps7_post_config' command is executed.
00:50:27 INFO  : Context for processor 'ps7_cortexa9_0' is selected.
00:50:27 INFO  : The application 'D:/IIITD/ELD_LABs/LAB_11/PS_PL_8FTT/PS_PL_8FTT.sdk/FFT_DMA/Debug/FFT_DMA.elf' is downloaded to processor 'ps7_cortexa9_0'.
00:50:28 INFO  : 'configparams force-mem-access 0' command is executed.
00:50:28 INFO  : ----------------XSDB Script----------------
connect -path [list tcp::1534 tcp:192.168.33.153:3121]
source D:/IIITD/ELD_LABs/LAB_11/PS_PL_8FTT/PS_PL_8FTT.sdk/design_1_wrapper_hw_platform_0/ps7_init.tcl
targets -set -nocase -filter {name =~"APU*" && jtag_cable_name =~ "Digilent Zybo Z7 210351A7817EA"} -index 0
rst -system
after 3000
targets -set -filter {jtag_cable_name =~ "Digilent Zybo Z7 210351A7817EA" && level==0} -index 1
fpga -file D:/IIITD/ELD_LABs/LAB_11/PS_PL_8FTT/PS_PL_8FTT.sdk/design_1_wrapper_hw_platform_0/design_1_wrapper.bit
targets -set -nocase -filter {name =~"APU*" && jtag_cable_name =~ "Digilent Zybo Z7 210351A7817EA"} -index 0
loadhw -hw D:/IIITD/ELD_LABs/LAB_11/PS_PL_8FTT/PS_PL_8FTT.sdk/design_1_wrapper_hw_platform_0/system.hdf -mem-ranges [list {0x40000000 0xbfffffff}]
configparams force-mem-access 1
targets -set -nocase -filter {name =~"APU*" && jtag_cable_name =~ "Digilent Zybo Z7 210351A7817EA"} -index 0
ps7_init
ps7_post_config
targets -set -nocase -filter {name =~ "ARM*#0" && jtag_cable_name =~ "Digilent Zybo Z7 210351A7817EA"} -index 0
dow D:/IIITD/ELD_LABs/LAB_11/PS_PL_8FTT/PS_PL_8FTT.sdk/FFT_DMA/Debug/FFT_DMA.elf
configparams force-mem-access 0
----------------End of Script----------------

00:50:28 INFO  : Memory regions updated for context APU
00:50:28 INFO  : Context for processor 'ps7_cortexa9_0' is selected.
00:50:28 INFO  : 'con' command is executed.
00:50:28 INFO  : ----------------XSDB Script (After Launch)----------------
targets -set -nocase -filter {name =~ "ARM*#0" && jtag_cable_name =~ "Digilent Zybo Z7 210351A7817EA"} -index 0
con
----------------End of Script----------------

00:50:28 INFO  : Launch script is exported to file 'D:\IIITD\ELD_LABs\LAB_11\PS_PL_8FTT\PS_PL_8FTT.sdk\.sdk\launch_scripts\xilinx_c-c++_application_(system_debugger)\system_debugger_on_zybooo.tcl'
00:53:15 INFO  : Disconnected from the channel tcfchan#2.
00:53:16 INFO  : Connected through redirection to target on host '192.168.33.153' and port '3121'.
00:53:17 INFO  : Jtag cable 'Digilent Zybo Z7 210351A7817EA' is selected.
00:53:17 INFO  : 'jtag frequency' command is executed.
00:53:17 INFO  : Sourcing of 'D:/IIITD/ELD_LABs/LAB_11/PS_PL_8FTT/PS_PL_8FTT.sdk/design_1_wrapper_hw_platform_0/ps7_init.tcl' is done.
00:53:17 INFO  : Context for 'APU' is selected.
00:53:17 INFO  : System reset is completed.
00:53:20 INFO  : 'after 3000' command is executed.
00:53:20 INFO  : 'targets -set -filter {jtag_cable_name =~ "Digilent Zybo Z7 210351A7817EA" && level==0} -index 1' command is executed.
00:53:21 INFO  : FPGA configured successfully with bitstream "D:/IIITD/ELD_LABs/LAB_11/PS_PL_8FTT/PS_PL_8FTT.sdk/design_1_wrapper_hw_platform_0/design_1_wrapper.bit"
00:53:22 INFO  : Context for 'APU' is selected.
00:53:22 INFO  : Hardware design information is loaded from 'D:/IIITD/ELD_LABs/LAB_11/PS_PL_8FTT/PS_PL_8FTT.sdk/design_1_wrapper_hw_platform_0/system.hdf'.
00:53:22 INFO  : 'configparams force-mem-access 1' command is executed.
00:53:22 INFO  : Context for 'APU' is selected.
00:53:26 INFO  : 'ps7_init' command is executed.
00:53:26 INFO  : 'ps7_post_config' command is executed.
00:53:26 INFO  : Context for processor 'ps7_cortexa9_0' is selected.
00:53:26 INFO  : The application 'D:/IIITD/ELD_LABs/LAB_11/PS_PL_8FTT/PS_PL_8FTT.sdk/FFT_DMA/Debug/FFT_DMA.elf' is downloaded to processor 'ps7_cortexa9_0'.
00:53:26 INFO  : 'configparams force-mem-access 0' command is executed.
00:53:26 INFO  : ----------------XSDB Script----------------
connect -path [list tcp::1534 tcp:192.168.33.153:3121]
source D:/IIITD/ELD_LABs/LAB_11/PS_PL_8FTT/PS_PL_8FTT.sdk/design_1_wrapper_hw_platform_0/ps7_init.tcl
targets -set -nocase -filter {name =~"APU*" && jtag_cable_name =~ "Digilent Zybo Z7 210351A7817EA"} -index 0
rst -system
after 3000
targets -set -filter {jtag_cable_name =~ "Digilent Zybo Z7 210351A7817EA" && level==0} -index 1
fpga -file D:/IIITD/ELD_LABs/LAB_11/PS_PL_8FTT/PS_PL_8FTT.sdk/design_1_wrapper_hw_platform_0/design_1_wrapper.bit
targets -set -nocase -filter {name =~"APU*" && jtag_cable_name =~ "Digilent Zybo Z7 210351A7817EA"} -index 0
loadhw -hw D:/IIITD/ELD_LABs/LAB_11/PS_PL_8FTT/PS_PL_8FTT.sdk/design_1_wrapper_hw_platform_0/system.hdf -mem-ranges [list {0x40000000 0xbfffffff}]
configparams force-mem-access 1
targets -set -nocase -filter {name =~"APU*" && jtag_cable_name =~ "Digilent Zybo Z7 210351A7817EA"} -index 0
ps7_init
ps7_post_config
targets -set -nocase -filter {name =~ "ARM*#0" && jtag_cable_name =~ "Digilent Zybo Z7 210351A7817EA"} -index 0
dow D:/IIITD/ELD_LABs/LAB_11/PS_PL_8FTT/PS_PL_8FTT.sdk/FFT_DMA/Debug/FFT_DMA.elf
configparams force-mem-access 0
----------------End of Script----------------

00:53:27 INFO  : Memory regions updated for context APU
00:53:27 INFO  : Context for processor 'ps7_cortexa9_0' is selected.
00:53:27 INFO  : 'con' command is executed.
00:53:27 INFO  : ----------------XSDB Script (After Launch)----------------
targets -set -nocase -filter {name =~ "ARM*#0" && jtag_cable_name =~ "Digilent Zybo Z7 210351A7817EA"} -index 0
con
----------------End of Script----------------

00:53:27 INFO  : Launch script is exported to file 'D:\IIITD\ELD_LABs\LAB_11\PS_PL_8FTT\PS_PL_8FTT.sdk\.sdk\launch_scripts\xilinx_c-c++_application_(system_debugger)\system_debugger_on_zybooo.tcl'
01:03:05 INFO  : Disconnected from the channel tcfchan#3.
01:03:06 INFO  : Connected through redirection to target on host '192.168.33.153' and port '3121'.
01:03:06 INFO  : Jtag cable 'Digilent Zybo Z7 210351A7817EA' is selected.
01:03:06 INFO  : 'jtag frequency' command is executed.
01:03:06 INFO  : Sourcing of 'D:/IIITD/ELD_LABs/LAB_11/PS_PL_8FTT/PS_PL_8FTT.sdk/design_1_wrapper_hw_platform_0/ps7_init.tcl' is done.
01:03:06 INFO  : Context for 'APU' is selected.
01:03:07 INFO  : System reset is completed.
01:03:10 INFO  : 'after 3000' command is executed.
01:03:10 INFO  : 'targets -set -filter {jtag_cable_name =~ "Digilent Zybo Z7 210351A7817EA" && level==0} -index 1' command is executed.
01:03:11 INFO  : FPGA configured successfully with bitstream "D:/IIITD/ELD_LABs/LAB_11/PS_PL_8FTT/PS_PL_8FTT.sdk/design_1_wrapper_hw_platform_0/design_1_wrapper.bit"
01:03:11 INFO  : Context for 'APU' is selected.
01:03:11 INFO  : Hardware design information is loaded from 'D:/IIITD/ELD_LABs/LAB_11/PS_PL_8FTT/PS_PL_8FTT.sdk/design_1_wrapper_hw_platform_0/system.hdf'.
01:03:11 INFO  : 'configparams force-mem-access 1' command is executed.
01:03:11 INFO  : Context for 'APU' is selected.
01:03:16 INFO  : 'ps7_init' command is executed.
01:03:16 INFO  : 'ps7_post_config' command is executed.
01:03:16 INFO  : Context for processor 'ps7_cortexa9_0' is selected.
01:03:16 INFO  : The application 'D:/IIITD/ELD_LABs/LAB_11/PS_PL_8FTT/PS_PL_8FTT.sdk/FFT_DMA/Debug/FFT_DMA.elf' is downloaded to processor 'ps7_cortexa9_0'.
01:03:16 INFO  : 'configparams force-mem-access 0' command is executed.
01:03:16 INFO  : ----------------XSDB Script----------------
connect -path [list tcp::1534 tcp:192.168.33.153:3121]
source D:/IIITD/ELD_LABs/LAB_11/PS_PL_8FTT/PS_PL_8FTT.sdk/design_1_wrapper_hw_platform_0/ps7_init.tcl
targets -set -nocase -filter {name =~"APU*" && jtag_cable_name =~ "Digilent Zybo Z7 210351A7817EA"} -index 0
rst -system
after 3000
targets -set -filter {jtag_cable_name =~ "Digilent Zybo Z7 210351A7817EA" && level==0} -index 1
fpga -file D:/IIITD/ELD_LABs/LAB_11/PS_PL_8FTT/PS_PL_8FTT.sdk/design_1_wrapper_hw_platform_0/design_1_wrapper.bit
targets -set -nocase -filter {name =~"APU*" && jtag_cable_name =~ "Digilent Zybo Z7 210351A7817EA"} -index 0
loadhw -hw D:/IIITD/ELD_LABs/LAB_11/PS_PL_8FTT/PS_PL_8FTT.sdk/design_1_wrapper_hw_platform_0/system.hdf -mem-ranges [list {0x40000000 0xbfffffff}]
configparams force-mem-access 1
targets -set -nocase -filter {name =~"APU*" && jtag_cable_name =~ "Digilent Zybo Z7 210351A7817EA"} -index 0
ps7_init
ps7_post_config
targets -set -nocase -filter {name =~ "ARM*#0" && jtag_cable_name =~ "Digilent Zybo Z7 210351A7817EA"} -index 0
dow D:/IIITD/ELD_LABs/LAB_11/PS_PL_8FTT/PS_PL_8FTT.sdk/FFT_DMA/Debug/FFT_DMA.elf
configparams force-mem-access 0
----------------End of Script----------------

01:03:16 INFO  : Memory regions updated for context APU
01:03:16 INFO  : Context for processor 'ps7_cortexa9_0' is selected.
01:03:16 INFO  : 'con' command is executed.
01:03:16 INFO  : ----------------XSDB Script (After Launch)----------------
targets -set -nocase -filter {name =~ "ARM*#0" && jtag_cable_name =~ "Digilent Zybo Z7 210351A7817EA"} -index 0
con
----------------End of Script----------------

01:03:16 INFO  : Launch script is exported to file 'D:\IIITD\ELD_LABs\LAB_11\PS_PL_8FTT\PS_PL_8FTT.sdk\.sdk\launch_scripts\xilinx_c-c++_application_(system_debugger)\system_debugger_on_zybooo.tcl'
01:09:19 INFO  : Disconnected from the channel tcfchan#4.
01:09:20 INFO  : Connected through redirection to target on host '192.168.33.153' and port '3121'.
01:09:21 INFO  : Jtag cable 'Digilent Zybo Z7 210351A7817EA' is selected.
01:09:21 INFO  : 'jtag frequency' command is executed.
01:09:21 INFO  : Sourcing of 'D:/IIITD/ELD_LABs/LAB_11/PS_PL_8FTT/PS_PL_8FTT.sdk/design_1_wrapper_hw_platform_0/ps7_init.tcl' is done.
01:09:21 INFO  : Context for 'APU' is selected.
01:09:21 INFO  : System reset is completed.
01:09:24 INFO  : 'after 3000' command is executed.
01:09:24 INFO  : 'targets -set -filter {jtag_cable_name =~ "Digilent Zybo Z7 210351A7817EA" && level==0} -index 1' command is executed.
01:09:26 INFO  : FPGA configured successfully with bitstream "D:/IIITD/ELD_LABs/LAB_11/PS_PL_8FTT/PS_PL_8FTT.sdk/design_1_wrapper_hw_platform_0/design_1_wrapper.bit"
01:09:26 INFO  : Context for 'APU' is selected.
01:09:26 INFO  : Hardware design information is loaded from 'D:/IIITD/ELD_LABs/LAB_11/PS_PL_8FTT/PS_PL_8FTT.sdk/design_1_wrapper_hw_platform_0/system.hdf'.
01:09:26 INFO  : 'configparams force-mem-access 1' command is executed.
01:09:26 INFO  : Context for 'APU' is selected.
01:09:30 INFO  : 'ps7_init' command is executed.
01:09:30 INFO  : 'ps7_post_config' command is executed.
01:09:30 INFO  : Context for processor 'ps7_cortexa9_0' is selected.
01:09:30 INFO  : The application 'D:/IIITD/ELD_LABs/LAB_11/PS_PL_8FTT/PS_PL_8FTT.sdk/FFT_DMA/Debug/FFT_DMA.elf' is downloaded to processor 'ps7_cortexa9_0'.
01:09:30 INFO  : 'configparams force-mem-access 0' command is executed.
01:09:30 INFO  : ----------------XSDB Script----------------
connect -path [list tcp::1534 tcp:192.168.33.153:3121]
source D:/IIITD/ELD_LABs/LAB_11/PS_PL_8FTT/PS_PL_8FTT.sdk/design_1_wrapper_hw_platform_0/ps7_init.tcl
targets -set -nocase -filter {name =~"APU*" && jtag_cable_name =~ "Digilent Zybo Z7 210351A7817EA"} -index 0
rst -system
after 3000
targets -set -filter {jtag_cable_name =~ "Digilent Zybo Z7 210351A7817EA" && level==0} -index 1
fpga -file D:/IIITD/ELD_LABs/LAB_11/PS_PL_8FTT/PS_PL_8FTT.sdk/design_1_wrapper_hw_platform_0/design_1_wrapper.bit
targets -set -nocase -filter {name =~"APU*" && jtag_cable_name =~ "Digilent Zybo Z7 210351A7817EA"} -index 0
loadhw -hw D:/IIITD/ELD_LABs/LAB_11/PS_PL_8FTT/PS_PL_8FTT.sdk/design_1_wrapper_hw_platform_0/system.hdf -mem-ranges [list {0x40000000 0xbfffffff}]
configparams force-mem-access 1
targets -set -nocase -filter {name =~"APU*" && jtag_cable_name =~ "Digilent Zybo Z7 210351A7817EA"} -index 0
ps7_init
ps7_post_config
targets -set -nocase -filter {name =~ "ARM*#0" && jtag_cable_name =~ "Digilent Zybo Z7 210351A7817EA"} -index 0
dow D:/IIITD/ELD_LABs/LAB_11/PS_PL_8FTT/PS_PL_8FTT.sdk/FFT_DMA/Debug/FFT_DMA.elf
configparams force-mem-access 0
----------------End of Script----------------

01:09:30 INFO  : Memory regions updated for context APU
01:09:30 INFO  : Context for processor 'ps7_cortexa9_0' is selected.
01:09:30 INFO  : 'con' command is executed.
01:09:30 INFO  : ----------------XSDB Script (After Launch)----------------
targets -set -nocase -filter {name =~ "ARM*#0" && jtag_cable_name =~ "Digilent Zybo Z7 210351A7817EA"} -index 0
con
----------------End of Script----------------

01:09:30 INFO  : Launch script is exported to file 'D:\IIITD\ELD_LABs\LAB_11\PS_PL_8FTT\PS_PL_8FTT.sdk\.sdk\launch_scripts\xilinx_c-c++_application_(system_debugger)\system_debugger_on_zybooo.tcl'
01:10:34 INFO  : Disconnected from the channel tcfchan#5.
01:10:35 INFO  : Connected through redirection to target on host '192.168.33.153' and port '3121'.
01:10:36 INFO  : Jtag cable 'Digilent Zybo Z7 210351A7817EA' is selected.
01:10:36 INFO  : 'jtag frequency' command is executed.
01:10:36 INFO  : Sourcing of 'D:/IIITD/ELD_LABs/LAB_11/PS_PL_8FTT/PS_PL_8FTT.sdk/design_1_wrapper_hw_platform_0/ps7_init.tcl' is done.
01:10:36 INFO  : Context for 'APU' is selected.
01:10:36 INFO  : System reset is completed.
01:10:39 INFO  : 'after 3000' command is executed.
01:10:39 INFO  : 'targets -set -filter {jtag_cable_name =~ "Digilent Zybo Z7 210351A7817EA" && level==0} -index 1' command is executed.
01:10:41 INFO  : FPGA configured successfully with bitstream "D:/IIITD/ELD_LABs/LAB_11/PS_PL_8FTT/PS_PL_8FTT.sdk/design_1_wrapper_hw_platform_0/design_1_wrapper.bit"
01:10:41 INFO  : Context for 'APU' is selected.
01:10:41 INFO  : Hardware design information is loaded from 'D:/IIITD/ELD_LABs/LAB_11/PS_PL_8FTT/PS_PL_8FTT.sdk/design_1_wrapper_hw_platform_0/system.hdf'.
01:10:41 INFO  : 'configparams force-mem-access 1' command is executed.
01:10:41 INFO  : Context for 'APU' is selected.
01:10:46 INFO  : 'ps7_init' command is executed.
01:10:46 INFO  : 'ps7_post_config' command is executed.
01:10:46 INFO  : Context for processor 'ps7_cortexa9_0' is selected.
01:10:46 INFO  : The application 'D:/IIITD/ELD_LABs/LAB_11/PS_PL_8FTT/PS_PL_8FTT.sdk/FFT_DMA/Debug/FFT_DMA.elf' is downloaded to processor 'ps7_cortexa9_0'.
01:10:46 INFO  : 'configparams force-mem-access 0' command is executed.
01:10:46 INFO  : ----------------XSDB Script----------------
connect -path [list tcp::1534 tcp:192.168.33.153:3121]
source D:/IIITD/ELD_LABs/LAB_11/PS_PL_8FTT/PS_PL_8FTT.sdk/design_1_wrapper_hw_platform_0/ps7_init.tcl
targets -set -nocase -filter {name =~"APU*" && jtag_cable_name =~ "Digilent Zybo Z7 210351A7817EA"} -index 0
rst -system
after 3000
targets -set -filter {jtag_cable_name =~ "Digilent Zybo Z7 210351A7817EA" && level==0} -index 1
fpga -file D:/IIITD/ELD_LABs/LAB_11/PS_PL_8FTT/PS_PL_8FTT.sdk/design_1_wrapper_hw_platform_0/design_1_wrapper.bit
targets -set -nocase -filter {name =~"APU*" && jtag_cable_name =~ "Digilent Zybo Z7 210351A7817EA"} -index 0
loadhw -hw D:/IIITD/ELD_LABs/LAB_11/PS_PL_8FTT/PS_PL_8FTT.sdk/design_1_wrapper_hw_platform_0/system.hdf -mem-ranges [list {0x40000000 0xbfffffff}]
configparams force-mem-access 1
targets -set -nocase -filter {name =~"APU*" && jtag_cable_name =~ "Digilent Zybo Z7 210351A7817EA"} -index 0
ps7_init
ps7_post_config
targets -set -nocase -filter {name =~ "ARM*#0" && jtag_cable_name =~ "Digilent Zybo Z7 210351A7817EA"} -index 0
dow D:/IIITD/ELD_LABs/LAB_11/PS_PL_8FTT/PS_PL_8FTT.sdk/FFT_DMA/Debug/FFT_DMA.elf
configparams force-mem-access 0
----------------End of Script----------------

01:10:46 INFO  : Memory regions updated for context APU
01:10:46 INFO  : Context for processor 'ps7_cortexa9_0' is selected.
01:10:46 INFO  : 'con' command is executed.
01:10:46 INFO  : ----------------XSDB Script (After Launch)----------------
targets -set -nocase -filter {name =~ "ARM*#0" && jtag_cable_name =~ "Digilent Zybo Z7 210351A7817EA"} -index 0
con
----------------End of Script----------------

01:10:46 INFO  : Launch script is exported to file 'D:\IIITD\ELD_LABs\LAB_11\PS_PL_8FTT\PS_PL_8FTT.sdk\.sdk\launch_scripts\xilinx_c-c++_application_(system_debugger)\system_debugger_on_zybooo.tcl'
01:12:49 INFO  : Disconnected from the channel tcfchan#6.
21:02:33 INFO  : Launching XSCT server: xsct.bat -interactive D:\IIITD\ELD_LABs\LAB_11\PS_PL_8FTT\PS_PL_8FTT.sdk\temp_xsdb_launch_script.tcl
21:02:33 INFO  : Registering command handlers for SDK TCF services
21:02:37 INFO  : XSCT server has started successfully.
21:02:43 INFO  : Successfully done setting XSCT server connection channel  
21:02:43 INFO  : Successfully done setting SDK workspace  
21:02:43 INFO  : Processing command line option -hwspec D:/IIITD/ELD_LABs/LAB_11/PS_PL_8FTT/PS_PL_8FTT.sdk/design_1_wrapper.hdf.
21:02:43 INFO  : Checking for hwspec changes in the project design_1_wrapper_hw_platform_0.
15:33:56 INFO  : Launching XSCT server: xsct.bat -interactive D:\IIITD\ELD_LABs\LAB_11\PS_PL_8FTT\PS_PL_8FTT.sdk\temp_xsdb_launch_script.tcl
15:33:56 INFO  : Registering command handlers for SDK TCF services
15:33:59 INFO  : XSCT server has started successfully.
15:33:59 ERROR : Unexpected error while writing to XSCT Console View.
java.io.IOException: Output Stream is closed
	at org.eclipse.ui.console.IOConsoleOutputStream.encodedWrite(IOConsoleOutputStream.java:231)
	at org.eclipse.ui.console.IOConsoleOutputStream.write(IOConsoleOutputStream.java:226)
	at com.xilinx.sdk.targetmanager.ui.xsdb.XSDBConsolePresenter.appendToConsole(XSDBConsolePresenter.java:270)
	at com.xilinx.sdk.targetmanager.ui.xsdb.XSDBConsolePresenter.printOut(XSDBConsolePresenter.java:239)
	at com.xilinx.sdk.targetmanager.ui.xsdb.XSDBConsolePresenter.access$4(XSDBConsolePresenter.java:238)
	at com.xilinx.sdk.targetmanager.ui.xsdb.XSDBConsolePresenter$2.run(XSDBConsolePresenter.java:178)
	at org.eclipse.core.internal.jobs.Worker.run(Worker.java:55)
15:33:59 INFO  : Successfully done setting XSCT server connection channel  
15:33:59 INFO  : Successfully done setting SDK workspace  
15:33:59 INFO  : Processing command line option -hwspec D:/IIITD/ELD_LABs/LAB_11/PS_PL_8FTT/PS_PL_8FTT.sdk/design_1_wrapper.hdf.
15:33:59 INFO  : Checking for hwspec changes in the project design_1_wrapper_hw_platform_0.
17:10:10 INFO  : Registering command handlers for SDK TCF services
17:10:11 INFO  : Launching XSCT server: xsct.bat -interactive D:\IIITD\ELD_LABs\LAB_11\PS_PL_8FTT\PS_PL_8FTT.sdk\temp_xsdb_launch_script.tcl
