15:17:11 **** Build of project Programming_Q1_bsp ****
make -k all 
"Running Make include in microblaze_0/libsrc/axidma_v9_9/src"
make -C microblaze_0/libsrc/axidma_v9_9/src -s include  "SHELL=CMD" "COMPILER=mb-gcc" "ARCHIVER=mb-ar" "COMPILER_FLAGS=  -O2 -c -mcpu=v11.0 -mlittle-endian -mxl-soft-mul" "EXTRA_COMPILER_FLAGS=-ffunction-sections -fdata-sections -Wall -Wextra"
"Running Make include in microblaze_0/libsrc/bram_v4_3/src"
make -C microblaze_0/libsrc/bram_v4_3/src -s include  "SHELL=CMD" "COMPILER=mb-gcc" "ARCHIVER=mb-ar" "COMPILER_FLAGS=  -O2 -c -mcpu=v11.0 -mlittle-endian -mxl-soft-mul" "EXTRA_COMPILER_FLAGS=-ffunction-sections -fdata-sections -Wall -Wextra"
"Running Make include in microblaze_0/libsrc/cpu_v2_9/src"
make -C microblaze_0/libsrc/cpu_v2_9/src -s include  "SHELL=CMD" "COMPILER=mb-gcc" "ARCHIVER=mb-ar" "COMPILER_FLAGS=  -O2 -c -mcpu=v11.0 -mlittle-endian -mxl-soft-mul" "EXTRA_COMPILER_FLAGS=-ffunction-sections -fdata-sections -Wall -Wextra"
"Running Make include in microblaze_0/libsrc/standalone_v7_0/src"
make -C microblaze_0/libsrc/standalone_v7_0/src -s include  "SHELL=CMD" "COMPILER=mb-gcc" "ARCHIVER=mb-ar" "COMPILER_FLAGS=  -O2 -c -mcpu=v11.0 -mlittle-endian -mxl-soft-mul" "EXTRA_COMPILER_FLAGS=-ffunction-sections -fdata-sections -Wall -Wextra"
"Running Make libs in microblaze_0/libsrc/axidma_v9_9/src"
make -C microblaze_0/libsrc/axidma_v9_9/src -s libs  "SHELL=CMD" "COMPILER=mb-gcc" "ARCHIVER=mb-ar" "COMPILER_FLAGS=  -O2 -c -mcpu=v11.0 -mlittle-endian -mxl-soft-mul" "EXTRA_COMPILER_FLAGS=-ffunction-sections -fdata-sections -Wall -Wextra"
"Compiling axidma"
mb-ar: creating ../../../lib/libxil.a
"Running Make libs in microblaze_0/libsrc/bram_v4_3/src"
make -C microblaze_0/libsrc/bram_v4_3/src -s libs  "SHELL=CMD" "COMPILER=mb-gcc" "ARCHIVER=mb-ar" "COMPILER_FLAGS=  -O2 -c -mcpu=v11.0 -mlittle-endian -mxl-soft-mul" "EXTRA_COMPILER_FLAGS=-ffunction-sections -fdata-sections -Wall -Wextra"
"Compiling bram"
"Running Make libs in microblaze_0/libsrc/cpu_v2_9/src"
make -C microblaze_0/libsrc/cpu_v2_9/src -s libs  "SHELL=CMD" "COMPILER=mb-gcc" "ARCHIVER=mb-ar" "COMPILER_FLAGS=  -O2 -c -mcpu=v11.0 -mlittle-endian -mxl-soft-mul" "EXTRA_COMPILER_FLAGS=-ffunction-sections -fdata-sections -Wall -Wextra"
"Compiling cpu"
"Running Make libs in microblaze_0/libsrc/standalone_v7_0/src"
make -C microblaze_0/libsrc/standalone_v7_0/src -s libs  "SHELL=CMD" "COMPILER=mb-gcc" "ARCHIVER=mb-ar" "COMPILER_FLAGS=  -O2 -c -mcpu=v11.0 -mlittle-endian -mxl-soft-mul" "EXTRA_COMPILER_FLAGS=-ffunction-sections -fdata-sections -Wall -Wextra"
"Compiling standalone";
inbyte.c: In function 'inbyte':
inbyte.c:11:1: warning: control reaches end of non-void function [-Wreturn-type]
 }
 ^
outbyte.c: In function 'outbyte':
outbyte.c:11:19: warning: unused parameter 'c' [-Wunused-parameter]
 void outbyte(char c) {
              ~~~~~^
microblaze_sleep.c:77:9: note: #pragma message: For the sleep routines, assembly instructions are used
 #pragma message ("For the sleep routines, assembly instructions are used")
         ^~~~~~~
'Finished building libraries'

**** Build of configuration Debug for project Programming_Q1 ****

Nothing to build for project Programming_Q1
15:18:46 **** Auto Build of configuration Debug for project Programming_Q1 ****
make all 
'Building file: ../src/question1.c'
'Invoking: MicroBlaze gcc compiler'
mb-gcc -Wall -O0 -g3 -c -fmessage-length=0 -MT"src/question1.o" -I../../Programming_Q1_bsp/microblaze_0/include -mlittle-endian -mcpu=v11.0 -mxl-soft-mul -Wl,--no-relax -ffunction-sections -fdata-sections -MMD -MP -MF"src/question1.d" -MT"src/question1.o" -o "src/question1.o" "../src/question1.c"
'Finished building: ../src/question1.c'
' '
'Building target: Programming_Q1.elf'
'Invoking: MicroBlaze gcc linker'
mb-gcc -Wl,-T -Wl,../src/lscript.ld -L../../Programming_Q1_bsp/microblaze_0/lib -mlittle-endian -mcpu=v11.0 -mxl-soft-mul -Wl,--no-relax -Wl,--gc-sections -o "Programming_Q1.elf"  ./src/question1.o   -Wl,--start-group,-lxil,-lgcc,-lc,--end-group
d:/vivado/sdk/2019.1/gnu/microblaze/nt/bin/../lib/gcc/microblaze-xilinx-elf/8.2.0/../../../../microblaze-xilinx-elf/bin/ld.exe: d:/vivado/sdk/2019.1/gnu/microblaze/nt/bin/../lib/gcc/microblaze-xilinx-elf/8.2.0/../../../../microblaze-xilinx-elf/lib/le/crtinit.o: in function `_crtinit':
(.text+0x78): undefined reference to `main'
collect2.exe: error: ld returned 1 exit status
make: *** [makefile:38: Programming_Q1.elf] Error 1
16:30:47 **** Auto Build of configuration Debug for project Programming_Q1 ****
make all 
'Building file: ../src/question1.c'
'Invoking: MicroBlaze gcc compiler'
mb-gcc -Wall -O0 -g3 -c -fmessage-length=0 -MT"src/question1.o" -I../../Programming_Q1_bsp/microblaze_0/include -mlittle-endian -mcpu=v11.0 -mxl-soft-mul -Wl,--no-relax -ffunction-sections -fdata-sections -MMD -MP -MF"src/question1.d" -MT"src/question1.o" -o "src/question1.o" "../src/question1.c"
../src/question1.c:10:10: fatal error: platform.h: No such file or directory
 #include "platform.h"
          ^~~~~~~~~~~~
compilation terminated.
make: *** [src/subdir.mk:23: src/question1.o] Error 1
16:34:22 **** Auto Build of configuration Debug for project Programming_Q1 ****
make all 
'Building file: ../src/question1.c'
'Invoking: MicroBlaze gcc compiler'
mb-gcc -Wall -O0 -g3 -c -fmessage-length=0 -MT"src/question1.o" -I../../Programming_Q1_bsp/microblaze_0/include -mlittle-endian -mcpu=v11.0 -mxl-soft-mul -Wl,--no-relax -ffunction-sections -fdata-sections -MMD -MP -MF"src/question1.d" -MT"src/question1.o" -o "src/question1.o" "../src/question1.c"
../src/question1.c:10:10: fatal error: platform.h: No such file or directory
 #include "platform.h"
          ^~~~~~~~~~~~
compilation terminated.
make: *** [src/subdir.mk:23: src/question1.o] Error 1
16:47:10 **** Auto Build of configuration Debug for project Programming_Q1 ****
make all 
'Building file: ../src/question1.c'
'Invoking: MicroBlaze gcc compiler'
mb-gcc -Wall -O0 -g3 -c -fmessage-length=0 -MT"src/question1.o" -I../../Programming_Q1_bsp/microblaze_0/include -mlittle-endian -mcpu=v11.0 -mxl-soft-mul -Wl,--no-relax -ffunction-sections -fdata-sections -MMD -MP -MF"src/question1.d" -MT"src/question1.o" -o "src/question1.o" "../src/question1.c"
../src/question1.c:11:10: fatal error: platform.h: No such file or directory
 #include "platform.h"
          ^~~~~~~~~~~~
compilation terminated.
make: *** [src/subdir.mk:23: src/question1.o] Error 1
16:49:26 **** Clean-only build of configuration Debug for project Programming_Q1 ****
make clean 
rm -rf  ./src/question1.o  ./src/question1.d  Programming_Q1.elf.size  Programming_Q1.elf
' '
16:49:26 **** Auto Build of configuration Debug for project Programming_Q1 ****
make all 
'Building file: ../src/question1.c'
'Invoking: MicroBlaze gcc compiler'
mb-gcc -Wall -O0 -g3 -c -fmessage-length=0 -MT"src/question1.o" -I../../Programming_Q1_bsp/microblaze_0/include -mlittle-endian -mcpu=v11.0 -mxl-soft-mul -Wl,--no-relax -ffunction-sections -fdata-sections -MMD -MP -MF"src/question1.d" -MT"src/question1.o" -o "src/question1.o" "../src/question1.c"
../src/question1.c:11:10: fatal error: platform.h: No such file or directory
 #include "platform.h"
          ^~~~~~~~~~~~
compilation terminated.
make: *** [src/subdir.mk:23: src/question1.o] Error 1
16:49:28 **** Clean-only build of configuration Debug for project Programming_Q1 ****
make clean 
rm -rf  ./src/question1.o  ./src/question1.d  Programming_Q1.elf.size  Programming_Q1.elf
' '
16:49:29 **** Auto Build of configuration Debug for project Programming_Q1 ****
make all 
'Building file: ../src/question1.c'
'Invoking: MicroBlaze gcc compiler'
mb-gcc -Wall -O0 -g3 -c -fmessage-length=0 -MT"src/question1.o" -I../../Programming_Q1_bsp/microblaze_0/include -mlittle-endian -mcpu=v11.0 -mxl-soft-mul -Wl,--no-relax -ffunction-sections -fdata-sections -MMD -MP -MF"src/question1.d" -MT"src/question1.o" -o "src/question1.o" "../src/question1.c"
../src/question1.c:11:10: fatal error: platform.h: No such file or directory
 #include "platform.h"
          ^~~~~~~~~~~~
compilation terminated.
make: *** [src/subdir.mk:23: src/question1.o] Error 1
16:51:34 **** Auto Build of configuration Debug for project Programming_Q1 ****
make all 
'Building file: ../src/question1.c'
'Invoking: MicroBlaze gcc compiler'
mb-gcc -Wall -O0 -g3 -c -fmessage-length=0 -MT"src/question1.o" -I../../Programming_Q1_bsp/microblaze_0/include -mlittle-endian -mcpu=v11.0 -mxl-soft-mul -Wl,--no-relax -ffunction-sections -fdata-sections -MMD -MP -MF"src/question1.d" -MT"src/question1.o" -o "src/question1.o" "../src/question1.c"
../src/question1.c:11:10: fatal error: platform.h: No such file or directory
 #include "platform.h"
          ^~~~~~~~~~~~
compilation terminated.
make: *** [src/subdir.mk:23: src/question1.o] Error 1
