15:35:10 INFO  : Registering command handlers for SDK TCF services
15:35:11 INFO  : Launching XSCT server: xsct.bat -interactive C:\ELD2021\MicroblazeLab\MicroblazeLab.sdk\temp_xsdb_launch_script.tcl
15:35:14 INFO  : XSCT server has started successfully.
15:35:14 INFO  : Successfully done setting XSCT server connection channel  
15:35:19 INFO  : Successfully done setting SDK workspace  
15:35:19 INFO  : Processing command line option -hwspec C:/ELD2021/MicroblazeLab/MicroblazeLab.sdk/design_1_wrapper.hdf.
17:20:00 INFO  : Registering command handlers for SDK TCF services
17:20:00 INFO  : Launching XSCT server: xsct.bat -interactive C:\ELD2021\MicroblazeLab\MicroblazeLab.sdk\temp_xsdb_launch_script.tcl
17:20:02 INFO  : XSCT server has started successfully.
17:20:05 INFO  : Successfully done setting XSCT server connection channel  
17:20:05 INFO  : Successfully done setting SDK workspace  
17:20:05 INFO  : Processing command line option -hwspec C:/ELD2021/MicroblazeLab/MicroblazeLab.sdk/design_1_wrapper.hdf.
17:20:05 INFO  : Checking for hwspec changes in the project design_1_wrapper_hw_platform_0.
12:35:44 INFO  : Registering command handlers for SDK TCF services
12:35:45 INFO  : Launching XSCT server: xsct.bat -interactive D:\IIITD\ELD_LABs\MicroblazeLab\MicroblazeLab.sdk\temp_xsdb_launch_script.tcl
12:35:49 INFO  : XSCT server has started successfully.
12:35:55 INFO  : Successfully done setting XSCT server connection channel  
12:35:55 INFO  : Successfully done setting SDK workspace  
12:35:55 INFO  : Processing command line option -hwspec D:/IIITD/ELD_LABs/MicroblazeLab/MicroblazeLab.sdk/design_1_wrapper.hdf.
12:40:11 INFO  : Registering command handlers for SDK TCF services
12:40:12 INFO  : Launching XSCT server: xsct.bat -interactive D:\IIITD\ELD_LABs\MicroblazeLab\MicroblazeLab.sdk\temp_xsdb_launch_script.tcl
12:40:16 INFO  : XSCT server has started successfully.
12:40:16 INFO  : Successfully done setting XSCT server connection channel  
12:40:16 INFO  : Successfully done setting SDK workspace  
12:40:16 INFO  : Processing command line option -hwspec D:/IIITD/ELD_LABs/MicroblazeLab/MicroblazeLab.sdk/design_1_wrapper.hdf.
12:40:16 INFO  : Checking for hwspec changes in the project design_1_wrapper_hw_platform_0.
12:40:19 INFO  : SDK has detected change in the last modified timestamps for source hardware specification file Source:1640761792755,  Project:1639044280000
12:40:19 INFO  : The hardware specification for project 'design_1_wrapper_hw_platform_0' is different from D:/IIITD/ELD_LABs/MicroblazeLab/MicroblazeLab.sdk/design_1_wrapper.hdf.
12:40:19 INFO  : Copied contents of D:/IIITD/ELD_LABs/MicroblazeLab/MicroblazeLab.sdk/design_1_wrapper.hdf into \design_1_wrapper_hw_platform_0\system.hdf.
12:40:19 INFO  : Synchronizing projects in the workspace with the hardware platform specification changes.
12:40:19 INFO  : Clearing existing target manager status.
12:40:19 INFO  : Workspace synchronized with the new hardware specification file. Cleaning dependent projects...
12:40:19 WARN  : Linker script will not be updated automatically. Users need to update it manually.
15:14:21 INFO  : Registering command handlers for SDK TCF services
15:14:21 INFO  : Launching XSCT server: xsct.bat -interactive D:\IIITD\ELD_LABs\MicroblazeLab\MicroblazeLab.sdk\temp_xsdb_launch_script.tcl
15:14:25 INFO  : XSCT server has started successfully.
15:14:25 INFO  : Successfully done setting XSCT server connection channel  
15:14:25 INFO  : Successfully done setting SDK workspace  
15:14:25 INFO  : Processing command line option -hwspec D:/IIITD/ELD_LABs/MicroblazeLab/MicroblazeLab.sdk/design_1_wrapper.hdf.
15:14:25 INFO  : Checking for hwspec changes in the project design_1_wrapper_hw_platform_0.
