#-----------------------------------------------------------
# Webtalk v2019.1 (64-bit)
# SW Build 2552052 on Fri May 24 14:49:42 MDT 2019
# 
# Start of session at: Tue Nov 23 20:42:08 2021
# Process ID: 28224
# Current directory: D:/IIITD/ELD_LABs/LAB_8_ZYNQ_IP/ZYNQ/ZYNQ.sdk/webtalk
# Command line: wbtcv.exe -mode batch -source sdk_webtalk.tcl
# Log file: D:/IIITD/ELD_LABs/LAB_8_ZYNQ_IP/ZYNQ/ZYNQ.sdk/webtalk/webtalk.log
# Journal file: D:/IIITD/ELD_LABs/LAB_8_ZYNQ_IP/ZYNQ/ZYNQ.sdk/webtalk\webtalk.jou
#-----------------------------------------------------------
source sdk_webtalk.tcl
# webtalk_init -webtalk_dir D:\\IIITD\\ELD_LABs\\LAB_8_ZYNQ_IP\\ZYNQ\\ZYNQ.sdk\\webtalk
# webtalk_register_client -client project
# webtalk_add_data -client project -key date_generated -value "2021-11-23 20:42:06" -context "software_version_and_target_device"
# webtalk_add_data -client project -key product_version -value "SDK v2019.1" -context "software_version_and_target_device"
# webtalk_add_data -client project -key build_version -value "2019.1" -context "software_version_and_target_device"
# webtalk_add_data -client project -key os_platform -value "amd64" -context "software_version_and_target_device"
# webtalk_add_data -client project -key registration_id -value "" -context "software_version_and_target_device"
# webtalk_add_data -client project -key tool_flow -value "SDK" -context "software_version_and_target_device"
# webtalk_add_data -client project -key beta -value "false" -context "software_version_and_target_device"
# webtalk_add_data -client project -key route_design -value "NA" -context "software_version_and_target_device"
# webtalk_add_data -client project -key target_family -value "NA" -context "software_version_and_target_device"
# webtalk_add_data -client project -key target_device -value "NA" -context "software_version_and_target_device"
# webtalk_add_data -client project -key target_package -value "NA" -context "software_version_and_target_device"
# webtalk_add_data -client project -key target_speed -value "NA" -context "software_version_and_target_device"
# webtalk_add_data -client project -key random_id -value "b33e9rd285fu98nohshjmdbgqf" -context "software_version_and_target_device"
# webtalk_add_data -client project -key project_id -value "2019.1_2" -context "software_version_and_target_device"
# webtalk_add_data -client project -key project_iteration -value "2" -context "software_version_and_target_device"
# webtalk_add_data -client project -key os_name -value "Microsoft Windows 8 or later , 64-bit" -context "user_environment"
# webtalk_add_data -client project -key os_release -value "major release  (build 9200)" -context "user_environment"
# webtalk_add_data -client project -key cpu_name -value "AMD Ryzen 5 3550H with Radeon Vega Mobile Gfx  " -context "user_environment"
# webtalk_add_data -client project -key cpu_speed -value "2096 MHz" -context "user_environment"
# webtalk_add_data -client project -key total_processors -value "1" -context "user_environment"
# webtalk_add_data -client project -key system_ram -value "23.556 GB" -context "user_environment"
# webtalk_register_client -client sdk
# webtalk_add_data -client sdk -key uid -value "1637649274302" -context "sdk\\\\bsp/1637649274302"
# webtalk_add_data -client sdk -key hwid -value "1637647224684" -context "sdk\\\\bsp/1637649274302"
# webtalk_add_data -client sdk -key os -value "standalone" -context "sdk\\\\bsp/1637649274302"
# webtalk_add_data -client sdk -key apptemplate -value "hello_world" -context "sdk\\\\bsp/1637649274302"
# webtalk_add_data -client sdk -key RecordType -value "BSPCreation" -context "sdk\\\\bsp/1637649274302"
# webtalk_add_data -client sdk -key uid -value "1637649281748" -context "sdk\\\\application/1637649281748"
# webtalk_add_data -client sdk -key hwid -value "1637647224684" -context "sdk\\\\application/1637649281748"
# webtalk_add_data -client sdk -key bspid -value "1637649274302" -context "sdk\\\\application/1637649281748"
# webtalk_add_data -client sdk -key newbsp -value "true" -context "sdk\\\\application/1637649281748"
# webtalk_add_data -client sdk -key os -value "standalone" -context "sdk\\\\application/1637649281748"
# webtalk_add_data -client sdk -key apptemplate -value "hello_world" -context "sdk\\\\application/1637649281748"
# webtalk_add_data -client sdk -key RecordType -value "APPCreation" -context "sdk\\\\application/1637649281748"
# webtalk_add_data -client sdk -key LangUsed -value "C" -context "sdk\\\\application/1637649281748"
# webtalk_add_data -client sdk -key Procused -value "ps7_cortexa9" -context "sdk\\\\application/1637649281748"
# webtalk_add_data -client sdk -key projSize -value "297.39453125" -context "sdk\\\\application/1637649281748"
# webtalk_add_data -client sdk -key uid -value "1637664838823" -context "sdk\\\\bsp/1637664838823"
# webtalk_add_data -client sdk -key hwid -value "1637647224684" -context "sdk\\\\bsp/1637664838823"
# webtalk_add_data -client sdk -key os -value "standalone" -context "sdk\\\\bsp/1637664838823"
# webtalk_add_data -client sdk -key apptemplate -value "hello_world" -context "sdk\\\\bsp/1637664838823"
# webtalk_add_data -client sdk -key RecordType -value "BSPCreation" -context "sdk\\\\bsp/1637664838823"
# webtalk_add_data -client sdk -key uid -value "1637664842147" -context "sdk\\\\application/1637664842147"
# webtalk_add_data -client sdk -key hwid -value "1637647224684" -context "sdk\\\\application/1637664842147"
# webtalk_add_data -client sdk -key bspid -value "1637664838823" -context "sdk\\\\application/1637664842147"
# webtalk_add_data -client sdk -key newbsp -value "true" -context "sdk\\\\application/1637664842147"
# webtalk_add_data -client sdk -key os -value "standalone" -context "sdk\\\\application/1637664842147"
# webtalk_add_data -client sdk -key apptemplate -value "hello_world" -context "sdk\\\\application/1637664842147"
# webtalk_add_data -client sdk -key RecordType -value "APPCreation" -context "sdk\\\\application/1637664842147"
# webtalk_add_data -client sdk -key LangUsed -value "C" -context "sdk\\\\application/1637664842147"
# webtalk_add_data -client sdk -key Procused -value "ps7_cortexa9" -context "sdk\\\\application/1637664842147"
# webtalk_add_data -client sdk -key projSize -value "245.84765625" -context "sdk\\\\application/1637664842147"
# webtalk_add_data -client sdk -key uid -value "1637666184210" -context "sdk\\\\bsp/1637666184210"
# webtalk_add_data -client sdk -key hwid -value "1637647224684" -context "sdk\\\\bsp/1637666184210"
# webtalk_add_data -client sdk -key os -value "standalone" -context "sdk\\\\bsp/1637666184210"
# webtalk_add_data -client sdk -key apptemplate -value "hello_world" -context "sdk\\\\bsp/1637666184210"
# webtalk_add_data -client sdk -key RecordType -value "BSPCreation" -context "sdk\\\\bsp/1637666184210"
# webtalk_add_data -client sdk -key uid -value "1637666187260" -context "sdk\\\\application/1637666187260"
# webtalk_add_data -client sdk -key hwid -value "1637647224684" -context "sdk\\\\application/1637666187260"
# webtalk_add_data -client sdk -key bspid -value "1637666184210" -context "sdk\\\\application/1637666187260"
# webtalk_add_data -client sdk -key newbsp -value "true" -context "sdk\\\\application/1637666187260"
# webtalk_add_data -client sdk -key os -value "standalone" -context "sdk\\\\application/1637666187260"
# webtalk_add_data -client sdk -key apptemplate -value "hello_world" -context "sdk\\\\application/1637666187260"
# webtalk_add_data -client sdk -key RecordType -value "APPCreation" -context "sdk\\\\application/1637666187260"
# webtalk_add_data -client sdk -key LangUsed -value "C" -context "sdk\\\\application/1637666187260"
# webtalk_add_data -client sdk -key Procused -value "ps7_cortexa9" -context "sdk\\\\application/1637666187260"
# webtalk_add_data -client sdk -key projSize -value "241.26953125" -context "sdk\\\\application/1637666187260"
# webtalk_add_data -client sdk -key uid -value "NA" -context "sdk\\\\bsp/1637680326174"
# webtalk_add_data -client sdk -key RecordType -value "ToolUsage" -context "sdk\\\\bsp/1637680326174"
# webtalk_add_data -client sdk -key BootgenCount -value "0" -context "sdk\\\\bsp/1637680326174"
# webtalk_add_data -client sdk -key DebugCount -value "22" -context "sdk\\\\bsp/1637680326174"
# webtalk_add_data -client sdk -key PerfCount -value "0" -context "sdk\\\\bsp/1637680326174"
# webtalk_add_data -client sdk -key FlashCount -value "0" -context "sdk\\\\bsp/1637680326174"
# webtalk_add_data -client sdk -key CrossTriggCount -value "0" -context "sdk\\\\bsp/1637680326174"
# webtalk_add_data -client sdk -key QemuDebugCount -value "0" -context "sdk\\\\bsp/1637680326174"
# webtalk_transmit -clientid 4009733247 -regid "" -xml D:\\IIITD\\ELD_LABs\\LAB_8_ZYNQ_IP\\ZYNQ\\ZYNQ.sdk\\webtalk\\usage_statistics_ext_sdk.xml -html D:\\IIITD\\ELD_LABs\\LAB_8_ZYNQ_IP\\ZYNQ\\ZYNQ.sdk\\webtalk\\usage_statistics_ext_sdk.html -wdm D:\\IIITD\\ELD_LABs\\LAB_8_ZYNQ_IP\\ZYNQ\\ZYNQ.sdk\\webtalk\\sdk_webtalk.wdm -intro "<H3>SDK Usage Report</H3><BR>"
INFO: [Common 17-186] 'D:\IIITD\ELD_LABs\LAB_8_ZYNQ_IP\ZYNQ\ZYNQ.sdk\webtalk\usage_statistics_ext_sdk.xml' has been successfully sent to Xilinx on Tue Nov 23 20:42:13 2021. For additional details about this file, please refer to the WebTalk help file at D:/Vivado/SDK/2019.1/doc/webtalk_introduction.html.
webtalk_transmit: Time (s): cpu = 00:00:00 ; elapsed = 00:00:05 . Memory (MB): peak = 91.449 ; gain = 0.000
# webtalk_terminate
INFO: [Common 17-206] Exiting Webtalk at Tue Nov 23 20:42:13 2021...
