02:56:10 INFO  : Registering command handlers for SDK TCF services
02:56:12 INFO  : Launching XSCT server: xsct.bat -interactive D:\IIITD\ELD_LABs\LAB_12\Microblaze\Microblaze.sdk\temp_xsdb_launch_script.tcl
02:56:20 INFO  : XSCT server has started successfully.
02:56:35 INFO  : Successfully done setting XSCT server connection channel  
02:56:35 INFO  : Processing command line option -hwspec D:/IIITD/ELD_LABs/LAB_12/Microblaze/Microblaze.sdk/design_1_wrapper.hdf.
02:56:36 INFO  : Successfully done setting SDK workspace  
10:55:17 INFO  : Registering command handlers for SDK TCF services
10:55:18 INFO  : Launching XSCT server: xsct.bat -interactive D:\IIITD\ELD_LABs\LAB_12\Microblaze\Microblaze.sdk\temp_xsdb_launch_script.tcl
10:55:22 INFO  : XSCT server has started successfully.
10:55:27 INFO  : Successfully done setting XSCT server connection channel  
10:55:27 INFO  : Successfully done setting SDK workspace  
10:55:27 INFO  : Processing command line option -hwspec D:/IIITD/ELD_LABs/LAB_12/Microblaze/Microblaze.sdk/design_1_wrapper.hdf.
10:55:28 INFO  : Checking for hwspec changes in the project design_1_wrapper_hw_platform_0.
12:14:15 INFO  : Registering command handlers for SDK TCF services
12:14:16 INFO  : Launching XSCT server: xsct.bat -interactive D:\IIITD\ELD_LABs\LAB_12\Microblaze\Microblaze.sdk\temp_xsdb_launch_script.tcl
12:14:20 INFO  : XSCT server has started successfully.
12:14:25 INFO  : Successfully done setting XSCT server connection channel  
12:14:25 INFO  : Successfully done setting SDK workspace  
12:14:25 INFO  : Processing command line option -hwspec D:/IIITD/ELD_LABs/LAB_12/Microblaze/Microblaze.sdk/design_1_wrapper.hdf.
12:14:25 INFO  : Checking for hwspec changes in the project design_1_wrapper_hw_platform_0.
12:48:35 INFO  : Registering command handlers for SDK TCF services
12:48:36 INFO  : Launching XSCT server: xsct.bat -interactive D:\IIITD\ELD_LABs\LAB_12\Microblaze\Microblaze.sdk\temp_xsdb_launch_script.tcl
12:48:41 INFO  : XSCT server has started successfully.
12:48:41 INFO  : Successfully done setting XSCT server connection channel  
12:48:47 INFO  : Successfully done setting SDK workspace  
12:48:47 INFO  : Processing command line option -hwspec D:/IIITD/ELD_LABs/LAB_12/Microblaze/Microblaze.sdk/design_1_wrapper.hdf.
12:48:47 INFO  : Checking for hwspec changes in the project design_1_wrapper_hw_platform_0.
15:14:59 INFO  : Registering command handlers for SDK TCF services
15:15:00 INFO  : Launching XSCT server: xsct.bat -interactive D:\IIITD\ELD_LABs\LAB_12\Microblaze\Microblaze.sdk\temp_xsdb_launch_script.tcl
15:15:03 INFO  : XSCT server has started successfully.
15:15:03 INFO  : Successfully done setting XSCT server connection channel  
15:15:03 INFO  : Successfully done setting SDK workspace  
15:15:03 INFO  : Processing command line option -hwspec D:/IIITD/ELD_LABs/LAB_12/Microblaze/Microblaze.sdk/design_1_wrapper.hdf.
15:15:03 INFO  : Checking for hwspec changes in the project design_1_wrapper_hw_platform_0.
17:10:41 INFO  : Registering command handlers for SDK TCF services
17:10:42 INFO  : Launching XSCT server: xsct.bat -interactive D:\IIITD\ELD_LABs\LAB_12\Microblaze\Microblaze.sdk\temp_xsdb_launch_script.tcl
17:10:45 INFO  : XSCT server has started successfully.
17:10:46 INFO  : Successfully done setting XSCT server connection channel  
17:10:46 INFO  : Successfully done setting SDK workspace  
17:10:46 INFO  : Processing command line option -hwspec D:/IIITD/ELD_LABs/LAB_12/Microblaze/Microblaze.sdk/design_1_wrapper.hdf.
17:10:46 INFO  : Checking for hwspec changes in the project design_1_wrapper_hw_platform_0.
