INFO: [VRFC 10-2263] Analyzing Verilog file "D:/IIITD/ELD_LABs/LAB_END_SEM_4/END_SEM/END_SEM.ip_user_files/bd/endSem/ip/endSem_lmb_bram_0/sim/endSem_lmb_bram_0.v" into library xil_defaultlib
INFO: [VRFC 10-311] analyzing module endSem_lmb_bram_0
INFO: [VRFC 10-2263] Analyzing Verilog file "D:/IIITD/ELD_LABs/LAB_END_SEM_4/END_SEM/END_SEM.ip_user_files/bd/endSem/ip/endSem_xbar_0/sim/endSem_xbar_0.v" into library xil_defaultlib
INFO: [VRFC 10-311] analyzing module endSem_xbar_0
INFO: [VRFC 10-2263] Analyzing Verilog file "D:/IIITD/ELD_LABs/LAB_END_SEM_4/END_SEM/END_SEM.ip_user_files/bd/endSem/ip/endSem_axi_bram_ctrl_0_bram_0/sim/endSem_axi_bram_ctrl_0_bram_0.v" into library xil_defaultlib
INFO: [VRFC 10-311] analyzing module endSem_axi_bram_ctrl_0_bram_0
INFO: [VRFC 10-2263] Analyzing Verilog file "D:/IIITD/ELD_LABs/LAB_END_SEM_4/END_SEM/END_SEM.ip_user_files/bd/endSem/ip/endSem_auto_pc_1/sim/endSem_auto_pc_1.v" into library xil_defaultlib
INFO: [VRFC 10-311] analyzing module endSem_auto_pc_1
INFO: [VRFC 10-2263] Analyzing Verilog file "D:/IIITD/ELD_LABs/LAB_END_SEM_4/END_SEM/END_SEM.ip_user_files/bd/endSem/ip/endSem_auto_us_0/sim/endSem_auto_us_0.v" into library xil_defaultlib
INFO: [VRFC 10-311] analyzing module endSem_auto_us_0
INFO: [VRFC 10-2263] Analyzing Verilog file "D:/IIITD/ELD_LABs/LAB_END_SEM_4/END_SEM/END_SEM.ip_user_files/bd/endSem/ip/endSem_auto_ds_0/sim/endSem_auto_ds_0.v" into library xil_defaultlib
INFO: [VRFC 10-311] analyzing module endSem_auto_ds_0
INFO: [VRFC 10-2263] Analyzing Verilog file "D:/IIITD/ELD_LABs/LAB_END_SEM_4/END_SEM/END_SEM.ip_user_files/bd/endSem/ip/endSem_auto_pc_0/sim/endSem_auto_pc_0.v" into library xil_defaultlib
INFO: [VRFC 10-311] analyzing module endSem_auto_pc_0
INFO: [VRFC 10-2263] Analyzing Verilog file "D:/IIITD/ELD_LABs/LAB_END_SEM_4/END_SEM/END_SEM.ip_user_files/bd/endSem/sim/endSem.v" into library xil_defaultlib
INFO: [VRFC 10-311] analyzing module endSem
INFO: [VRFC 10-311] analyzing module endSem_axi_mem_intercon_0
INFO: [VRFC 10-311] analyzing module m00_couplers_imp_7TNITB
INFO: [VRFC 10-311] analyzing module m01_couplers_imp_1DHJER2
INFO: [VRFC 10-311] analyzing module microblaze_0_local_memory_imp_1CQB3BN
INFO: [VRFC 10-311] analyzing module s00_couplers_imp_C4UXKE
INFO: [VRFC 10-311] analyzing module s01_couplers_imp_114SPOF
INFO: [VRFC 10-311] analyzing module s02_couplers_imp_1BR5N9P
INFO: [VRFC 10-2263] Analyzing Verilog file "D:/IIITD/ELD_LABs/LAB_END_SEM_4/END_SEM/END_SEM.srcs/sources_1/bd/endSem/hdl/endSem_wrapper.v" into library xil_defaultlib
INFO: [VRFC 10-311] analyzing module endSem_wrapper
INFO: [VRFC 10-2263] Analyzing Verilog file "D:/IIITD/ELD_LABs/LAB_END_SEM_4/END_SEM/END_SEM.srcs/sim_1/new/endSem_tb1.v" into library xil_defaultlib
INFO: [VRFC 10-311] analyzing module endSem_tb1
INFO: [VRFC 10-2263] Analyzing Verilog file "D:/IIITD/ELD_LABs/LAB_END_SEM_4/END_SEM/END_SEM.sim/sim_1/behav/xsim/glbl.v" into library xil_defaultlib
INFO: [VRFC 10-311] analyzing module glbl
INFO: [VRFC 10-163] Analyzing VHDL file "D:/IIITD/ELD_LABs/LAB_END_SEM_4/END_SEM/END_SEM.ip_user_files/bd/endSem/ip/endSem_microblaze_0_0/sim/endSem_microblaze_0_0.vhd" into library xil_defaultlib
INFO: [VRFC 10-3107] analyzing entity 'endSem_microblaze_0_0'
INFO: [VRFC 10-163] Analyzing VHDL file "D:/IIITD/ELD_LABs/LAB_END_SEM_4/END_SEM/END_SEM.ip_user_files/bd/endSem/ip/endSem_dlmb_v10_0/sim/endSem_dlmb_v10_0.vhd" into library xil_defaultlib
INFO: [VRFC 10-3107] analyzing entity 'endSem_dlmb_v10_0'
INFO: [VRFC 10-163] Analyzing VHDL file "D:/IIITD/ELD_LABs/LAB_END_SEM_4/END_SEM/END_SEM.ip_user_files/bd/endSem/ip/endSem_ilmb_v10_0/sim/endSem_ilmb_v10_0.vhd" into library xil_defaultlib
INFO: [VRFC 10-3107] analyzing entity 'endSem_ilmb_v10_0'
INFO: [VRFC 10-163] Analyzing VHDL file "D:/IIITD/ELD_LABs/LAB_END_SEM_4/END_SEM/END_SEM.ip_user_files/bd/endSem/ip/endSem_dlmb_bram_if_cntlr_0/sim/endSem_dlmb_bram_if_cntlr_0.vhd" into library xil_defaultlib
INFO: [VRFC 10-3107] analyzing entity 'endSem_dlmb_bram_if_cntlr_0'
INFO: [VRFC 10-163] Analyzing VHDL file "D:/IIITD/ELD_LABs/LAB_END_SEM_4/END_SEM/END_SEM.ip_user_files/bd/endSem/ip/endSem_ilmb_bram_if_cntlr_0/sim/endSem_ilmb_bram_if_cntlr_0.vhd" into library xil_defaultlib
INFO: [VRFC 10-3107] analyzing entity 'endSem_ilmb_bram_if_cntlr_0'
INFO: [VRFC 10-163] Analyzing VHDL file "D:/IIITD/ELD_LABs/LAB_END_SEM_4/END_SEM/END_SEM.ip_user_files/bd/endSem/ip/endSem_mdm_1_0/sim/endSem_mdm_1_0.vhd" into library xil_defaultlib
INFO: [VRFC 10-3107] analyzing entity 'endSem_mdm_1_0'
INFO: [VRFC 10-163] Analyzing VHDL file "D:/IIITD/ELD_LABs/LAB_END_SEM_4/END_SEM/END_SEM.ip_user_files/bd/endSem/ip/endSem_rst_Clk_100M_0/sim/endSem_rst_Clk_100M_0.vhd" into library xil_defaultlib
INFO: [VRFC 10-3107] analyzing entity 'endSem_rst_Clk_100M_0'
INFO: [VRFC 10-163] Analyzing VHDL file "D:/IIITD/ELD_LABs/LAB_END_SEM_4/END_SEM/END_SEM.ip_user_files/bd/endSem/ip/endSem_axi_bram_ctrl_0_0/sim/endSem_axi_bram_ctrl_0_0.vhd" into library xil_defaultlib
INFO: [VRFC 10-3107] analyzing entity 'endSem_axi_bram_ctrl_0_0'
INFO: [VRFC 10-163] Analyzing VHDL file "D:/IIITD/ELD_LABs/LAB_END_SEM_4/END_SEM/END_SEM.ip_user_files/bd/endSem/ip/endSem_axi_dma_0_0/sim/endSem_axi_dma_0_0.vhd" into library xil_defaultlib
INFO: [VRFC 10-3107] analyzing entity 'endSem_axi_dma_0_0'
