15:12:24 INFO  : Registering command handlers for SDK TCF services
15:12:25 INFO  : Launching XSCT server: xsct.bat -interactive D:\IIITD\ELD_LABs\LAB_END_SEM_4\END_SEM\END_SEM.sdk\temp_xsdb_launch_script.tcl
15:12:28 INFO  : XSCT server has started successfully.
15:12:29 INFO  : Successfully done setting XSCT server connection channel  
15:12:29 INFO  : Successfully done setting SDK workspace  
15:12:29 INFO  : Processing command line option -hwspec D:/IIITD/ELD_LABs/LAB_END_SEM_4/END_SEM/END_SEM.sdk/endSem_wrapper.hdf.
16:47:41 INFO  : Registering command handlers for SDK TCF services
16:47:42 INFO  : Launching XSCT server: xsct.bat -interactive D:\IIITD\ELD_LABs\LAB_END_SEM_4\END_SEM\END_SEM.sdk\temp_xsdb_launch_script.tcl
16:47:45 INFO  : XSCT server has started successfully.
16:47:45 INFO  : Successfully done setting XSCT server connection channel  
16:47:45 INFO  : Successfully done setting SDK workspace  
16:47:45 INFO  : Processing command line option -hwspec D:/IIITD/ELD_LABs/LAB_END_SEM_4/END_SEM/END_SEM.sdk/endSem_wrapper.hdf.
16:47:45 INFO  : Checking for hwspec changes in the project endSem_wrapper_hw_platform_0.
16:56:35 INFO  : Registering command handlers for SDK TCF services
16:56:37 INFO  : Launching XSCT server: xsct.bat -interactive D:\IIITD\ELD_LABs\LAB_END_SEM_4\END_SEM\END_SEM.sdk\temp_xsdb_launch_script.tcl
16:56:40 INFO  : XSCT server has started successfully.
16:56:40 INFO  : Successfully done setting XSCT server connection channel  
16:56:40 INFO  : Successfully done setting SDK workspace  
16:56:40 INFO  : Processing command line option -hwspec D:/IIITD/ELD_LABs/LAB_END_SEM_4/END_SEM/END_SEM.sdk/endSem_wrapper.hdf.
16:56:40 INFO  : Checking for hwspec changes in the project endSem_wrapper_hw_platform_0.
