20:40:43 INFO  : Registering command handlers for SDK TCF services
20:40:44 INFO  : Launching XSCT server: xsct.bat -interactive D:\IIITD\ELD_LABs\LAB_9_IO_BRAM_ILA\IO_BRAM_ILA\IO_BRAM_ILA.sdk\temp_xsdb_launch_script.tcl
20:40:48 INFO  : XSCT server has started successfully.
20:40:54 INFO  : Successfully done setting XSCT server connection channel  
20:40:54 INFO  : Successfully done setting SDK workspace  
20:40:54 INFO  : Processing command line option -hwspec D:/IIITD/ELD_LABs/LAB_9_IO_BRAM_ILA/IO_BRAM_ILA/IO_BRAM_ILA.sdk/IO_wrapper.hdf.
20:44:57 INFO  : Refreshed build settings on project Bram_On_SDK
21:15:59 INFO  : Connected through redirection to target on host '192.168.33.163' and port '3121'.
21:16:17 INFO  : ----------------XSDB Script----------------
connect -path [list tcp::1534 tcp:192.168.33.163:3121]
----------------End of Script----------------

21:18:02 INFO  : Connected through redirection to target on host '192.168.33.154' and port '3121'.
21:18:03 INFO  : Jtag cable 'Digilent Zybo Z7 210351A7817DA' is selected.
21:18:03 INFO  : 'jtag frequency' command is executed.
21:18:03 INFO  : Sourcing of 'D:/IIITD/ELD_LABs/LAB_9_IO_BRAM_ILA/IO_BRAM_ILA/IO_BRAM_ILA.sdk/IO_wrapper_hw_platform_0/ps7_init.tcl' is done.
21:18:03 INFO  : Context for 'APU' is selected.
21:18:04 INFO  : System reset is completed.
21:18:07 INFO  : 'after 3000' command is executed.
21:18:07 INFO  : 'targets -set -filter {jtag_cable_name =~ "Digilent Zybo Z7 210351A7817DA" && level==0} -index 1' command is executed.
21:18:08 INFO  : FPGA configured successfully with bitstream "D:/IIITD/ELD_LABs/LAB_9_IO_BRAM_ILA/IO_BRAM_ILA/IO_BRAM_ILA.sdk/IO_wrapper_hw_platform_0/IO_wrapper.bit"
21:18:08 INFO  : Context for 'APU' is selected.
21:18:08 INFO  : Hardware design information is loaded from 'D:/IIITD/ELD_LABs/LAB_9_IO_BRAM_ILA/IO_BRAM_ILA/IO_BRAM_ILA.sdk/IO_wrapper_hw_platform_0/system.hdf'.
21:18:08 INFO  : 'configparams force-mem-access 1' command is executed.
21:18:09 INFO  : Context for 'APU' is selected.
21:18:16 INFO  : 'ps7_init' command is executed.
21:18:16 INFO  : 'ps7_post_config' command is executed.
21:18:16 INFO  : Context for processor 'ps7_cortexa9_0' is selected.
21:18:16 INFO  : The application 'D:/IIITD/ELD_LABs/LAB_9_IO_BRAM_ILA/IO_BRAM_ILA/IO_BRAM_ILA.sdk/Bram_On_SDK/Debug/Bram_On_SDK.elf' is downloaded to processor 'ps7_cortexa9_0'.
21:18:16 INFO  : 'configparams force-mem-access 0' command is executed.
21:18:16 INFO  : ----------------XSDB Script----------------
connect -path [list tcp::1534 tcp:192.168.33.154:3121]
source D:/IIITD/ELD_LABs/LAB_9_IO_BRAM_ILA/IO_BRAM_ILA/IO_BRAM_ILA.sdk/IO_wrapper_hw_platform_0/ps7_init.tcl
targets -set -nocase -filter {name =~"APU*" && jtag_cable_name =~ "Digilent Zybo Z7 210351A7817DA"} -index 0
rst -system
after 3000
targets -set -filter {jtag_cable_name =~ "Digilent Zybo Z7 210351A7817DA" && level==0} -index 1
fpga -file D:/IIITD/ELD_LABs/LAB_9_IO_BRAM_ILA/IO_BRAM_ILA/IO_BRAM_ILA.sdk/IO_wrapper_hw_platform_0/IO_wrapper.bit
targets -set -nocase -filter {name =~"APU*" && jtag_cable_name =~ "Digilent Zybo Z7 210351A7817DA"} -index 0
loadhw -hw D:/IIITD/ELD_LABs/LAB_9_IO_BRAM_ILA/IO_BRAM_ILA/IO_BRAM_ILA.sdk/IO_wrapper_hw_platform_0/system.hdf -mem-ranges [list {0x40000000 0xbfffffff}]
configparams force-mem-access 1
targets -set -nocase -filter {name =~"APU*" && jtag_cable_name =~ "Digilent Zybo Z7 210351A7817DA"} -index 0
ps7_init
ps7_post_config
targets -set -nocase -filter {name =~ "ARM*#0" && jtag_cable_name =~ "Digilent Zybo Z7 210351A7817DA"} -index 0
dow D:/IIITD/ELD_LABs/LAB_9_IO_BRAM_ILA/IO_BRAM_ILA/IO_BRAM_ILA.sdk/Bram_On_SDK/Debug/Bram_On_SDK.elf
configparams force-mem-access 0
----------------End of Script----------------

21:18:16 INFO  : Memory regions updated for context APU
21:18:17 INFO  : Context for processor 'ps7_cortexa9_0' is selected.
21:18:17 INFO  : 'con' command is executed.
21:18:17 INFO  : ----------------XSDB Script (After Launch)----------------
targets -set -nocase -filter {name =~ "ARM*#0" && jtag_cable_name =~ "Digilent Zybo Z7 210351A7817DA"} -index 0
con
----------------End of Script----------------

21:18:17 INFO  : Launch script is exported to file 'D:\IIITD\ELD_LABs\LAB_9_IO_BRAM_ILA\IO_BRAM_ILA\IO_BRAM_ILA.sdk\.sdk\launch_scripts\xilinx_c-c++_application_(system_debugger)\system_debugger_on_local.tcl'
21:19:56 INFO  : Disconnected from the channel tcfchan#2.
21:31:55 INFO  : Connected through redirection to target on host '192.168.33.154' and port '3121'.
21:31:55 INFO  : Jtag cable 'Digilent Zybo Z7 210351A7817DA' is selected.
21:31:55 INFO  : 'jtag frequency' command is executed.
21:31:55 INFO  : Sourcing of 'D:/IIITD/ELD_LABs/LAB_9_IO_BRAM_ILA/IO_BRAM_ILA/IO_BRAM_ILA.sdk/IO_wrapper_hw_platform_0/ps7_init.tcl' is done.
21:31:55 INFO  : Context for 'APU' is selected.
21:31:55 INFO  : System reset is completed.
21:31:58 INFO  : 'after 3000' command is executed.
21:31:58 INFO  : 'targets -set -filter {jtag_cable_name =~ "Digilent Zybo Z7 210351A7817DA" && level==0} -index 1' command is executed.
21:32:00 INFO  : FPGA configured successfully with bitstream "D:/IIITD/ELD_LABs/LAB_9_IO_BRAM_ILA/IO_BRAM_ILA/IO_BRAM_ILA.sdk/IO_wrapper_hw_platform_0/IO_wrapper.bit"
21:32:00 INFO  : Context for 'APU' is selected.
21:32:02 INFO  : Hardware design information is loaded from 'D:/IIITD/ELD_LABs/LAB_9_IO_BRAM_ILA/IO_BRAM_ILA/IO_BRAM_ILA.sdk/IO_wrapper_hw_platform_0/system.hdf'.
21:32:02 INFO  : 'configparams force-mem-access 1' command is executed.
21:32:02 INFO  : Context for 'APU' is selected.
21:32:06 INFO  : 'ps7_init' command is executed.
21:32:06 INFO  : 'ps7_post_config' command is executed.
21:32:06 INFO  : Context for processor 'ps7_cortexa9_0' is selected.
21:32:06 INFO  : The application 'D:/IIITD/ELD_LABs/LAB_9_IO_BRAM_ILA/IO_BRAM_ILA/IO_BRAM_ILA.sdk/Bram_On_SDK/Debug/Bram_On_SDK.elf' is downloaded to processor 'ps7_cortexa9_0'.
21:32:06 INFO  : 'configparams force-mem-access 0' command is executed.
21:32:06 INFO  : ----------------XSDB Script----------------
connect -path [list tcp::1534 tcp:192.168.33.154:3121]
source D:/IIITD/ELD_LABs/LAB_9_IO_BRAM_ILA/IO_BRAM_ILA/IO_BRAM_ILA.sdk/IO_wrapper_hw_platform_0/ps7_init.tcl
targets -set -nocase -filter {name =~"APU*" && jtag_cable_name =~ "Digilent Zybo Z7 210351A7817DA"} -index 0
rst -system
after 3000
targets -set -filter {jtag_cable_name =~ "Digilent Zybo Z7 210351A7817DA" && level==0} -index 1
fpga -file D:/IIITD/ELD_LABs/LAB_9_IO_BRAM_ILA/IO_BRAM_ILA/IO_BRAM_ILA.sdk/IO_wrapper_hw_platform_0/IO_wrapper.bit
targets -set -nocase -filter {name =~"APU*" && jtag_cable_name =~ "Digilent Zybo Z7 210351A7817DA"} -index 0
loadhw -hw D:/IIITD/ELD_LABs/LAB_9_IO_BRAM_ILA/IO_BRAM_ILA/IO_BRAM_ILA.sdk/IO_wrapper_hw_platform_0/system.hdf -mem-ranges [list {0x40000000 0xbfffffff}]
configparams force-mem-access 1
targets -set -nocase -filter {name =~"APU*" && jtag_cable_name =~ "Digilent Zybo Z7 210351A7817DA"} -index 0
ps7_init
ps7_post_config
targets -set -nocase -filter {name =~ "ARM*#0" && jtag_cable_name =~ "Digilent Zybo Z7 210351A7817DA"} -index 0
dow D:/IIITD/ELD_LABs/LAB_9_IO_BRAM_ILA/IO_BRAM_ILA/IO_BRAM_ILA.sdk/Bram_On_SDK/Debug/Bram_On_SDK.elf
configparams force-mem-access 0
----------------End of Script----------------

21:32:06 INFO  : Memory regions updated for context APU
21:32:06 INFO  : Context for processor 'ps7_cortexa9_0' is selected.
21:32:06 INFO  : 'con' command is executed.
21:32:06 INFO  : ----------------XSDB Script (After Launch)----------------
targets -set -nocase -filter {name =~ "ARM*#0" && jtag_cable_name =~ "Digilent Zybo Z7 210351A7817DA"} -index 0
con
----------------End of Script----------------

21:32:06 INFO  : Launch script is exported to file 'D:\IIITD\ELD_LABs\LAB_9_IO_BRAM_ILA\IO_BRAM_ILA\IO_BRAM_ILA.sdk\.sdk\launch_scripts\xilinx_c-c++_application_(system_debugger)\system_debugger_on_local.tcl'
21:32:26 INFO  : Disconnected from the channel tcfchan#3.
21:32:27 INFO  : Connected through redirection to target on host '192.168.33.154' and port '3121'.
21:32:27 INFO  : Jtag cable 'Digilent Zybo Z7 210351A7817DA' is selected.
21:32:27 INFO  : 'jtag frequency' command is executed.
21:32:27 INFO  : Sourcing of 'D:/IIITD/ELD_LABs/LAB_9_IO_BRAM_ILA/IO_BRAM_ILA/IO_BRAM_ILA.sdk/IO_wrapper_hw_platform_0/ps7_init.tcl' is done.
21:32:27 INFO  : Context for 'APU' is selected.
21:32:28 INFO  : System reset is completed.
21:32:31 INFO  : 'after 3000' command is executed.
21:32:31 INFO  : 'targets -set -filter {jtag_cable_name =~ "Digilent Zybo Z7 210351A7817DA" && level==0} -index 1' command is executed.
21:32:32 INFO  : FPGA configured successfully with bitstream "D:/IIITD/ELD_LABs/LAB_9_IO_BRAM_ILA/IO_BRAM_ILA/IO_BRAM_ILA.sdk/IO_wrapper_hw_platform_0/IO_wrapper.bit"
21:32:32 INFO  : Context for 'APU' is selected.
21:32:34 INFO  : Hardware design information is loaded from 'D:/IIITD/ELD_LABs/LAB_9_IO_BRAM_ILA/IO_BRAM_ILA/IO_BRAM_ILA.sdk/IO_wrapper_hw_platform_0/system.hdf'.
21:32:34 INFO  : 'configparams force-mem-access 1' command is executed.
21:32:34 INFO  : Context for 'APU' is selected.
21:32:38 INFO  : 'ps7_init' command is executed.
21:32:38 INFO  : 'ps7_post_config' command is executed.
21:32:38 INFO  : Context for processor 'ps7_cortexa9_0' is selected.
21:32:38 INFO  : The application 'D:/IIITD/ELD_LABs/LAB_9_IO_BRAM_ILA/IO_BRAM_ILA/IO_BRAM_ILA.sdk/Bram_On_SDK/Debug/Bram_On_SDK.elf' is downloaded to processor 'ps7_cortexa9_0'.
21:32:38 INFO  : 'configparams force-mem-access 0' command is executed.
21:32:38 INFO  : ----------------XSDB Script----------------
connect -path [list tcp::1534 tcp:192.168.33.154:3121]
source D:/IIITD/ELD_LABs/LAB_9_IO_BRAM_ILA/IO_BRAM_ILA/IO_BRAM_ILA.sdk/IO_wrapper_hw_platform_0/ps7_init.tcl
targets -set -nocase -filter {name =~"APU*" && jtag_cable_name =~ "Digilent Zybo Z7 210351A7817DA"} -index 0
rst -system
after 3000
targets -set -filter {jtag_cable_name =~ "Digilent Zybo Z7 210351A7817DA" && level==0} -index 1
fpga -file D:/IIITD/ELD_LABs/LAB_9_IO_BRAM_ILA/IO_BRAM_ILA/IO_BRAM_ILA.sdk/IO_wrapper_hw_platform_0/IO_wrapper.bit
targets -set -nocase -filter {name =~"APU*" && jtag_cable_name =~ "Digilent Zybo Z7 210351A7817DA"} -index 0
loadhw -hw D:/IIITD/ELD_LABs/LAB_9_IO_BRAM_ILA/IO_BRAM_ILA/IO_BRAM_ILA.sdk/IO_wrapper_hw_platform_0/system.hdf -mem-ranges [list {0x40000000 0xbfffffff}]
configparams force-mem-access 1
targets -set -nocase -filter {name =~"APU*" && jtag_cable_name =~ "Digilent Zybo Z7 210351A7817DA"} -index 0
ps7_init
ps7_post_config
targets -set -nocase -filter {name =~ "ARM*#0" && jtag_cable_name =~ "Digilent Zybo Z7 210351A7817DA"} -index 0
dow D:/IIITD/ELD_LABs/LAB_9_IO_BRAM_ILA/IO_BRAM_ILA/IO_BRAM_ILA.sdk/Bram_On_SDK/Debug/Bram_On_SDK.elf
configparams force-mem-access 0
----------------End of Script----------------

21:32:38 INFO  : Memory regions updated for context APU
21:32:38 INFO  : Context for processor 'ps7_cortexa9_0' is selected.
21:32:38 INFO  : 'con' command is executed.
21:32:38 INFO  : ----------------XSDB Script (After Launch)----------------
targets -set -nocase -filter {name =~ "ARM*#0" && jtag_cable_name =~ "Digilent Zybo Z7 210351A7817DA"} -index 0
con
----------------End of Script----------------

21:32:38 INFO  : Launch script is exported to file 'D:\IIITD\ELD_LABs\LAB_9_IO_BRAM_ILA\IO_BRAM_ILA\IO_BRAM_ILA.sdk\.sdk\launch_scripts\xilinx_c-c++_application_(system_debugger)\system_debugger_on_local.tcl'
21:33:16 INFO  : Disconnected from the channel tcfchan#4.
23:24:05 INFO  : Registering command handlers for SDK TCF services
23:24:06 INFO  : Launching XSCT server: xsct.bat -interactive D:\IIITD\ELD_LABs\LAB_9_IO_BRAM_ILA\IO_BRAM_ILA\IO_BRAM_ILA.sdk\temp_xsdb_launch_script.tcl
23:24:09 INFO  : XSCT server has started successfully.
23:24:09 INFO  : Successfully done setting XSCT server connection channel  
23:24:09 INFO  : Successfully done setting SDK workspace  
23:24:10 INFO  : Processing command line option -hwspec D:/IIITD/ELD_LABs/LAB_9_IO_BRAM_ILA/IO_BRAM_ILA/IO_BRAM_ILA.sdk/IO_wrapper.hdf.
23:24:10 INFO  : Checking for hwspec changes in the project IO_wrapper_hw_platform_0.
23:24:15 INFO  : SDK has detected change in the last modified timestamps for source hardware specification file Source:1638294757371,  Project:1638284830705
23:24:15 INFO  : The hardware specification for project 'IO_wrapper_hw_platform_0' is different from D:/IIITD/ELD_LABs/LAB_9_IO_BRAM_ILA/IO_BRAM_ILA/IO_BRAM_ILA.sdk/IO_wrapper.hdf.
23:24:15 INFO  : Copied contents of D:/IIITD/ELD_LABs/LAB_9_IO_BRAM_ILA/IO_BRAM_ILA/IO_BRAM_ILA.sdk/IO_wrapper.hdf into \IO_wrapper_hw_platform_0\system.hdf.
23:24:21 ERROR : Failed to openhw "C:/Users/moham/AppData/Local/Temp/system6545293092563522948.hdf"
Reason: The application has run out of memory
23:24:21 INFO  : Synchronizing projects in the workspace with the hardware platform specification changes.
23:24:21 ERROR : Failed to get all peripherals
Reason: The application has run out of memory
23:24:47 INFO  : No changes in MSS file content so not generating sources.
23:25:20 INFO  : Connected through redirection to target on host '192.168.33.154' and port '3121'.
23:25:21 INFO  : Jtag cable 'Digilent Zybo Z7 210351A7817DA' is selected.
23:25:21 INFO  : 'jtag frequency' command is executed.
23:25:21 INFO  : Sourcing of 'D:/IIITD/ELD_LABs/LAB_9_IO_BRAM_ILA/IO_BRAM_ILA/IO_BRAM_ILA.sdk/IO_wrapper_hw_platform_0/ps7_init.tcl' is done.
23:25:21 INFO  : Context for 'APU' is selected.
23:25:21 INFO  : System reset is completed.
23:25:24 INFO  : 'after 3000' command is executed.
23:25:24 INFO  : 'targets -set -filter {jtag_cable_name =~ "Digilent Zybo Z7 210351A7817DA" && level==0} -index 1' command is executed.
23:25:25 INFO  : FPGA configured successfully with bitstream "D:/IIITD/ELD_LABs/LAB_9_IO_BRAM_ILA/IO_BRAM_ILA/IO_BRAM_ILA.sdk/IO_wrapper_hw_platform_0/IO_wrapper.bit"
23:25:26 INFO  : Context for 'APU' is selected.
23:25:26 INFO  : Hardware design information is loaded from 'D:/IIITD/ELD_LABs/LAB_9_IO_BRAM_ILA/IO_BRAM_ILA/IO_BRAM_ILA.sdk/IO_wrapper_hw_platform_0/system.hdf'.
23:25:26 INFO  : 'configparams force-mem-access 1' command is executed.
23:25:26 INFO  : Context for 'APU' is selected.
23:25:29 INFO  : 'ps7_init' command is executed.
23:25:29 INFO  : 'ps7_post_config' command is executed.
23:25:29 INFO  : Context for processor 'ps7_cortexa9_0' is selected.
23:25:30 INFO  : The application 'D:/IIITD/ELD_LABs/LAB_9_IO_BRAM_ILA/IO_BRAM_ILA/IO_BRAM_ILA.sdk/Bram_On_SDK/Debug/Bram_On_SDK.elf' is downloaded to processor 'ps7_cortexa9_0'.
23:25:30 INFO  : 'configparams force-mem-access 0' command is executed.
23:25:30 INFO  : ----------------XSDB Script----------------
connect -path [list tcp::1534 tcp:192.168.33.154:3121]
source D:/IIITD/ELD_LABs/LAB_9_IO_BRAM_ILA/IO_BRAM_ILA/IO_BRAM_ILA.sdk/IO_wrapper_hw_platform_0/ps7_init.tcl
targets -set -nocase -filter {name =~"APU*" && jtag_cable_name =~ "Digilent Zybo Z7 210351A7817DA"} -index 0
rst -system
after 3000
targets -set -filter {jtag_cable_name =~ "Digilent Zybo Z7 210351A7817DA" && level==0} -index 1
fpga -file D:/IIITD/ELD_LABs/LAB_9_IO_BRAM_ILA/IO_BRAM_ILA/IO_BRAM_ILA.sdk/IO_wrapper_hw_platform_0/IO_wrapper.bit
targets -set -nocase -filter {name =~"APU*" && jtag_cable_name =~ "Digilent Zybo Z7 210351A7817DA"} -index 0
loadhw -hw D:/IIITD/ELD_LABs/LAB_9_IO_BRAM_ILA/IO_BRAM_ILA/IO_BRAM_ILA.sdk/IO_wrapper_hw_platform_0/system.hdf -mem-ranges [list {0x40000000 0xbfffffff}]
configparams force-mem-access 1
targets -set -nocase -filter {name =~"APU*" && jtag_cable_name =~ "Digilent Zybo Z7 210351A7817DA"} -index 0
ps7_init
ps7_post_config
targets -set -nocase -filter {name =~ "ARM*#0" && jtag_cable_name =~ "Digilent Zybo Z7 210351A7817DA"} -index 0
dow D:/IIITD/ELD_LABs/LAB_9_IO_BRAM_ILA/IO_BRAM_ILA/IO_BRAM_ILA.sdk/Bram_On_SDK/Debug/Bram_On_SDK.elf
configparams force-mem-access 0
----------------End of Script----------------

23:25:30 INFO  : Memory regions updated for context APU
23:25:30 INFO  : Context for processor 'ps7_cortexa9_0' is selected.
23:25:30 INFO  : 'con' command is executed.
23:25:30 INFO  : ----------------XSDB Script (After Launch)----------------
targets -set -nocase -filter {name =~ "ARM*#0" && jtag_cable_name =~ "Digilent Zybo Z7 210351A7817DA"} -index 0
con
----------------End of Script----------------

23:25:30 INFO  : Launch script is exported to file 'D:\IIITD\ELD_LABs\LAB_9_IO_BRAM_ILA\IO_BRAM_ILA\IO_BRAM_ILA.sdk\.sdk\launch_scripts\xilinx_c-c++_application_(system_debugger)\system_debugger_on_local.tcl'
23:30:39 INFO  : Disconnected from the channel tcfchan#1.
23:59:10 INFO  : Registering command handlers for SDK TCF services
23:59:11 INFO  : Launching XSCT server: xsct.bat -interactive D:\IIITD\ELD_LABs\LAB_9_IO_BRAM_ILA\IO_BRAM_ILA\IO_BRAM_ILA.sdk\temp_xsdb_launch_script.tcl
23:59:14 INFO  : XSCT server has started successfully.
23:59:14 INFO  : Successfully done setting XSCT server connection channel  
23:59:15 INFO  : Successfully done setting SDK workspace  
23:59:15 INFO  : Processing command line option -hwspec D:/IIITD/ELD_LABs/LAB_9_IO_BRAM_ILA/IO_BRAM_ILA/IO_BRAM_ILA.sdk/IO_wrapper.hdf.
23:59:15 INFO  : Checking for hwspec changes in the project IO_wrapper_hw_platform_0.
23:59:21 INFO  : SDK has detected change in the last modified timestamps for source hardware specification file Source:1638296422259,  Project:1638294757371
23:59:21 INFO  : The hardware specification for project 'IO_wrapper_hw_platform_0' is different from D:/IIITD/ELD_LABs/LAB_9_IO_BRAM_ILA/IO_BRAM_ILA/IO_BRAM_ILA.sdk/IO_wrapper.hdf.
23:59:21 INFO  : Copied contents of D:/IIITD/ELD_LABs/LAB_9_IO_BRAM_ILA/IO_BRAM_ILA/IO_BRAM_ILA.sdk/IO_wrapper.hdf into \IO_wrapper_hw_platform_0\system.hdf.
23:59:27 INFO  : Synchronizing projects in the workspace with the hardware platform specification changes.
23:59:34 INFO  : 
23:59:35 INFO  : Updating hardware inferred compiler options for Bram_On_SDK.
00:01:49 INFO  : Clearing existing target manager status.
00:08:29 INFO  : Registering command handlers for SDK TCF services
00:08:30 INFO  : Launching XSCT server: xsct.bat -interactive D:\IIITD\ELD_LABs\LAB_9_IO_BRAM_ILA\IO_BRAM_ILA\IO_BRAM_ILA.sdk\temp_xsdb_launch_script.tcl
00:08:33 INFO  : XSCT server has started successfully.
00:08:33 INFO  : Successfully done setting XSCT server connection channel  
00:08:33 INFO  : Successfully done setting SDK workspace  
00:08:33 INFO  : Processing command line option -hwspec D:/IIITD/ELD_LABs/LAB_9_IO_BRAM_ILA/IO_BRAM_ILA/IO_BRAM_ILA.sdk/IO_wrapper.hdf.
00:08:33 INFO  : Checking for hwspec changes in the project IO_wrapper_hw_platform_0.
00:09:14 INFO  : Registering command handlers for SDK TCF services
00:09:15 INFO  : Launching XSCT server: xsct.bat -interactive D:\IIITD\ELD_LABs\LAB_9_IO_BRAM_ILA\IO_BRAM_ILA\IO_BRAM_ILA.sdk\temp_xsdb_launch_script.tcl
00:09:18 INFO  : XSCT server has started successfully.
00:09:18 INFO  : Successfully done setting XSCT server connection channel  
00:09:18 INFO  : Successfully done setting SDK workspace  
00:09:18 INFO  : Processing command line option -hwspec D:/IIITD/ELD_LABs/LAB_9_IO_BRAM_ILA/IO_BRAM_ILA/IO_BRAM_ILA.sdk/IO_wrapper.hdf.
00:09:19 INFO  : Checking for hwspec changes in the project IO_wrapper_hw_platform_0.
00:09:39 INFO  : Connected through redirection to target on host '192.168.33.154' and port '3121'.
00:09:40 INFO  : Jtag cable 'Digilent Zybo Z7 210351A7817DA' is selected.
00:09:40 INFO  : 'jtag frequency' command is executed.
00:09:40 INFO  : Sourcing of 'D:/IIITD/ELD_LABs/LAB_9_IO_BRAM_ILA/IO_BRAM_ILA/IO_BRAM_ILA.sdk/IO_wrapper_hw_platform_0/ps7_init.tcl' is done.
00:09:40 INFO  : Context for 'APU' is selected.
00:09:40 INFO  : System reset is completed.
00:09:43 INFO  : 'after 3000' command is executed.
00:09:44 INFO  : 'targets -set -filter {jtag_cable_name =~ "Digilent Zybo Z7 210351A7817DA" && level==0} -index 1' command is executed.
00:09:45 INFO  : FPGA configured successfully with bitstream "D:/IIITD/ELD_LABs/LAB_9_IO_BRAM_ILA/IO_BRAM_ILA/IO_BRAM_ILA.sdk/IO_wrapper_hw_platform_0/IO_wrapper.bit"
00:09:45 INFO  : Context for 'APU' is selected.
00:09:45 INFO  : Hardware design information is loaded from 'D:/IIITD/ELD_LABs/LAB_9_IO_BRAM_ILA/IO_BRAM_ILA/IO_BRAM_ILA.sdk/IO_wrapper_hw_platform_0/system.hdf'.
00:09:45 INFO  : 'configparams force-mem-access 1' command is executed.
00:09:45 INFO  : Context for 'APU' is selected.
00:09:48 INFO  : 'ps7_init' command is executed.
00:09:48 INFO  : 'ps7_post_config' command is executed.
00:09:48 INFO  : Context for processor 'ps7_cortexa9_0' is selected.
00:09:49 INFO  : The application 'D:/IIITD/ELD_LABs/LAB_9_IO_BRAM_ILA/IO_BRAM_ILA/IO_BRAM_ILA.sdk/Bram_On_SDK/Debug/Bram_On_SDK.elf' is downloaded to processor 'ps7_cortexa9_0'.
00:09:49 INFO  : 'configparams force-mem-access 0' command is executed.
00:09:49 INFO  : ----------------XSDB Script----------------
connect -path [list tcp::1534 tcp:192.168.33.154:3121]
source D:/IIITD/ELD_LABs/LAB_9_IO_BRAM_ILA/IO_BRAM_ILA/IO_BRAM_ILA.sdk/IO_wrapper_hw_platform_0/ps7_init.tcl
targets -set -nocase -filter {name =~"APU*" && jtag_cable_name =~ "Digilent Zybo Z7 210351A7817DA"} -index 0
rst -system
after 3000
targets -set -filter {jtag_cable_name =~ "Digilent Zybo Z7 210351A7817DA" && level==0} -index 1
fpga -file D:/IIITD/ELD_LABs/LAB_9_IO_BRAM_ILA/IO_BRAM_ILA/IO_BRAM_ILA.sdk/IO_wrapper_hw_platform_0/IO_wrapper.bit
targets -set -nocase -filter {name =~"APU*" && jtag_cable_name =~ "Digilent Zybo Z7 210351A7817DA"} -index 0
loadhw -hw D:/IIITD/ELD_LABs/LAB_9_IO_BRAM_ILA/IO_BRAM_ILA/IO_BRAM_ILA.sdk/IO_wrapper_hw_platform_0/system.hdf -mem-ranges [list {0x40000000 0xbfffffff}]
configparams force-mem-access 1
targets -set -nocase -filter {name =~"APU*" && jtag_cable_name =~ "Digilent Zybo Z7 210351A7817DA"} -index 0
ps7_init
ps7_post_config
targets -set -nocase -filter {name =~ "ARM*#0" && jtag_cable_name =~ "Digilent Zybo Z7 210351A7817DA"} -index 0
dow D:/IIITD/ELD_LABs/LAB_9_IO_BRAM_ILA/IO_BRAM_ILA/IO_BRAM_ILA.sdk/Bram_On_SDK/Debug/Bram_On_SDK.elf
configparams force-mem-access 0
----------------End of Script----------------

00:09:49 INFO  : Memory regions updated for context APU
00:09:49 INFO  : Context for processor 'ps7_cortexa9_0' is selected.
00:09:49 INFO  : 'con' command is executed.
00:09:49 INFO  : ----------------XSDB Script (After Launch)----------------
targets -set -nocase -filter {name =~ "ARM*#0" && jtag_cable_name =~ "Digilent Zybo Z7 210351A7817DA"} -index 0
con
----------------End of Script----------------

00:09:49 INFO  : Launch script is exported to file 'D:\IIITD\ELD_LABs\LAB_9_IO_BRAM_ILA\IO_BRAM_ILA\IO_BRAM_ILA.sdk\.sdk\launch_scripts\xilinx_c-c++_application_(system_debugger)\system_debugger_on_local.tcl'
00:13:06 INFO  : Disconnected from the channel tcfchan#1.
19:41:02 INFO  : Registering command handlers for SDK TCF services
19:41:03 INFO  : Launching XSCT server: xsct.bat -interactive D:\IIITD\ELD_LABs\LAB_9_IO_BRAM_ILA\IO_BRAM_ILA\IO_BRAM_ILA.sdk\temp_xsdb_launch_script.tcl
19:41:09 INFO  : XSCT server has started successfully.
19:41:09 INFO  : Successfully done setting XSCT server connection channel  
19:41:16 INFO  : Successfully done setting SDK workspace  
19:41:16 INFO  : Processing command line option -hwspec D:/IIITD/ELD_LABs/LAB_9_IO_BRAM_ILA/IO_BRAM_ILA/IO_BRAM_ILA.sdk/IO_wrapper.hdf.
19:41:16 INFO  : Checking for hwspec changes in the project IO_wrapper_hw_platform_0.
20:04:41 INFO  : Connected through redirection to target on host '192.168.33.149' and port '3121'.
20:04:42 INFO  : Jtag cable 'Digilent Zybo Z7 210351A77B9AA' is selected.
20:04:42 INFO  : 'jtag frequency' command is executed.
20:04:42 INFO  : Sourcing of 'D:/IIITD/ELD_LABs/LAB_9_IO_BRAM_ILA/IO_BRAM_ILA/IO_BRAM_ILA.sdk/IO_wrapper_hw_platform_0/ps7_init.tcl' is done.
20:04:42 INFO  : Context for 'APU' is selected.
20:04:43 INFO  : System reset is completed.
20:04:46 INFO  : 'after 3000' command is executed.
20:04:46 INFO  : 'targets -set -filter {jtag_cable_name =~ "Digilent Zybo Z7 210351A77B9AA" && level==0} -index 1' command is executed.
20:04:47 INFO  : FPGA configured successfully with bitstream "D:/IIITD/ELD_LABs/LAB_9_IO_BRAM_ILA/IO_BRAM_ILA/IO_BRAM_ILA.sdk/IO_wrapper_hw_platform_0/IO_wrapper.bit"
20:04:47 INFO  : Context for 'APU' is selected.
20:04:47 INFO  : Hardware design information is loaded from 'D:/IIITD/ELD_LABs/LAB_9_IO_BRAM_ILA/IO_BRAM_ILA/IO_BRAM_ILA.sdk/IO_wrapper_hw_platform_0/system.hdf'.
20:04:47 INFO  : 'configparams force-mem-access 1' command is executed.
20:04:47 INFO  : Context for 'APU' is selected.
20:04:51 INFO  : 'ps7_init' command is executed.
20:04:51 INFO  : 'ps7_post_config' command is executed.
20:04:51 INFO  : Context for processor 'ps7_cortexa9_0' is selected.
20:04:51 INFO  : The application 'D:/IIITD/ELD_LABs/LAB_9_IO_BRAM_ILA/IO_BRAM_ILA/IO_BRAM_ILA.sdk/Bram_On_SDK/Debug/Bram_On_SDK.elf' is downloaded to processor 'ps7_cortexa9_0'.
20:04:51 INFO  : 'configparams force-mem-access 0' command is executed.
20:04:51 INFO  : ----------------XSDB Script----------------
connect -path [list tcp::1534 tcp:192.168.33.149:3121]
source D:/IIITD/ELD_LABs/LAB_9_IO_BRAM_ILA/IO_BRAM_ILA/IO_BRAM_ILA.sdk/IO_wrapper_hw_platform_0/ps7_init.tcl
targets -set -nocase -filter {name =~"APU*" && jtag_cable_name =~ "Digilent Zybo Z7 210351A77B9AA"} -index 0
rst -system
after 3000
targets -set -filter {jtag_cable_name =~ "Digilent Zybo Z7 210351A77B9AA" && level==0} -index 1
fpga -file D:/IIITD/ELD_LABs/LAB_9_IO_BRAM_ILA/IO_BRAM_ILA/IO_BRAM_ILA.sdk/IO_wrapper_hw_platform_0/IO_wrapper.bit
targets -set -nocase -filter {name =~"APU*" && jtag_cable_name =~ "Digilent Zybo Z7 210351A77B9AA"} -index 0
loadhw -hw D:/IIITD/ELD_LABs/LAB_9_IO_BRAM_ILA/IO_BRAM_ILA/IO_BRAM_ILA.sdk/IO_wrapper_hw_platform_0/system.hdf -mem-ranges [list {0x40000000 0xbfffffff}]
configparams force-mem-access 1
targets -set -nocase -filter {name =~"APU*" && jtag_cable_name =~ "Digilent Zybo Z7 210351A77B9AA"} -index 0
ps7_init
ps7_post_config
targets -set -nocase -filter {name =~ "ARM*#0" && jtag_cable_name =~ "Digilent Zybo Z7 210351A77B9AA"} -index 0
dow D:/IIITD/ELD_LABs/LAB_9_IO_BRAM_ILA/IO_BRAM_ILA/IO_BRAM_ILA.sdk/Bram_On_SDK/Debug/Bram_On_SDK.elf
configparams force-mem-access 0
----------------End of Script----------------

20:04:51 INFO  : Memory regions updated for context APU
20:04:51 INFO  : Context for processor 'ps7_cortexa9_0' is selected.
20:04:51 INFO  : 'con' command is executed.
20:04:51 INFO  : ----------------XSDB Script (After Launch)----------------
targets -set -nocase -filter {name =~ "ARM*#0" && jtag_cable_name =~ "Digilent Zybo Z7 210351A77B9AA"} -index 0
con
----------------End of Script----------------

20:04:51 INFO  : Launch script is exported to file 'D:\IIITD\ELD_LABs\LAB_9_IO_BRAM_ILA\IO_BRAM_ILA\IO_BRAM_ILA.sdk\.sdk\launch_scripts\xilinx_c-c++_application_(system_debugger)\system_debugger_on_local.tcl'
20:09:08 INFO  : Disconnected from the channel tcfchan#1.
